<?xml version="1.0" encoding="UTF-8"?>
<robot generator="Robot 7.4.2 (Python 3.14.4 on linux)" generated="2026-09-13T12:56:56.743963" rpa="false" schemaversion="5">
<suite id="s1" name="c8000v ipsec vti lab" source="/home/dcantor/cat8000v-ipsec/tests/suites">
<suite id="s1-s1" name="01 Management" source="/home/dcantor/cat8000v-ipsec/tests/suites/01_management.robot">
<test id="s1-s1-t1" name="Routers are reachable over the OOB network with SSH and RESTCONF" line="7">
<for flavor="IN">
<iter>
<kw name="Router Host" owner="common">
<return>
<value>${ROUTERS}[${r}][host]</value>
<status status="PASS" start="2026-09-13T12:56:56.951098" elapsed="0.000041"/>
</return>
<msg time="2026-09-13T12:56:56.951347" level="INFO">${host} = 10.2.0.11</msg>
<var>${host}</var>
<arg>${r}</arg>
<status status="PASS" start="2026-09-13T12:56:56.950770" elapsed="0.000604"/>
</kw>
<kw name="Host Ping" owner="LabLib">
<msg time="2026-09-13T12:56:58.998664" level="INFO">PING 10.2.0.11 (10.2.0.11) 56(84) bytes of data.
64 bytes from 10.2.0.11: icmp_seq=1 ttl=255 time=0.566 ms
64 bytes from 10.2.0.11: icmp_seq=2 ttl=255 time=0.247 ms
64 bytes from 10.2.0.11: icmp_seq=3 ttl=255 time=0.256 ms

--- 10.2.0.11 ping statistics ---
3 packets transmitted, 3 received, 0% packet loss, time 2044ms
rtt min/avg/max/mdev = 0.247/0.356/0.566/0.148 ms
</msg>
<arg>${host}</arg>
<doc>ICMP ping from the host; fails unless at least one reply.</doc>
<status status="PASS" start="2026-09-13T12:56:56.951727" elapsed="2.047091"/>
</kw>
<kw name="Tcp Port Should Be Open" owner="LabLib">
<arg>${host}</arg>
<arg>22</arg>
<status status="PASS" start="2026-09-13T12:56:58.999006" elapsed="0.001475"/>
</kw>
<kw name="Tcp Port Should Be Open" owner="LabLib">
<arg>${host}</arg>
<arg>443</arg>
<status status="PASS" start="2026-09-13T12:56:59.000617" elapsed="0.001161"/>
</kw>
<kw name="Restconf Get" owner="LabLib">
<msg time="2026-09-13T12:56:59.144986" level="INFO">GET https://10.2.0.11/restconf/data/Cisco-IOS-XE-native:native/hostname -&gt; 200
{
  "Cisco-IOS-XE-native:hostname": "hub"
}
</msg>
<msg time="2026-09-13T12:56:59.146018" level="INFO">${json} = {'Cisco-IOS-XE-native:hostname': 'hub'}</msg>
<var>${json}</var>
<arg>${host}</arg>
<arg>Cisco-IOS-XE-native:native/hostname</arg>
<doc>GET /restconf/data/&lt;path&gt; and return the parsed JSON.</doc>
<status status="PASS" start="2026-09-13T12:56:59.001906" elapsed="0.144147"/>
</kw>
<kw name="Should Be Equal" owner="BuiltIn">
<arg>${json}[Cisco-IOS-XE-native:hostname]</arg>
<arg>${r}</arg>
<doc>Fails if the given objects are unequal.</doc>
<status status="PASS" start="2026-09-13T12:56:59.146215" elapsed="0.000401"/>
</kw>
<kw name="Show" owner="common">
<kw name="Router Host" owner="common">
<return>
<value>${ROUTERS}[${r}][host]</value>
<status status="PASS" start="2026-09-13T12:56:59.147321" elapsed="0.000041"/>
</return>
<msg time="2026-09-13T12:56:59.147487" level="INFO">${host} = 10.2.0.11</msg>
<var>${host}</var>
<arg>${r}</arg>
<status status="PASS" start="2026-09-13T12:56:59.147127" elapsed="0.000386"/>
</kw>
<kw name="Run Command" owner="LabLib">
<msg time="2026-09-13T12:57:01.170395" level="INFO" html="true">&lt;pre&gt;10.2.0.11# show version | include uptime|Version 17
Cisco IOS XE Software, Version 17.15.06
Cisco IOS Software [IOSXE], Virtual XE Software (X86_64_LINUX_IOSD-UNIVERSALK9-M), Version 17.15.6, RELEASE SOFTWARE (fc2)
hub uptime is 3 hours, 0 minutes&lt;/pre&gt;</msg>
<msg time="2026-09-13T12:57:01.170537" level="INFO">${out} = Cisco IOS XE Software, Version 17.15.06
Cisco IOS Software [IOSXE], Virtual XE Software (X86_64_LINUX_IOSD-UNIVERSALK9-M), Version 17.15.6, RELEASE SOFTWARE (fc2)
hub uptime is 3 hours, 0 minutes</msg>
<var>${out}</var>
<arg>${host}</arg>
<arg>${command}</arg>
<arg>${timeout}</arg>
<doc>Run a show/exec command on a switch over SSH and return its output.</doc>
<status status="PASS" start="2026-09-13T12:56:59.147608" elapsed="2.022952"/>
</kw>
<return>
<value>${out}</value>
<status status="PASS" start="2026-09-13T12:57:01.170620" elapsed="0.000043"/>
</return>
<msg time="2026-09-13T12:57:01.170806" level="INFO">${ver} = Cisco IOS XE Software, Version 17.15.06
Cisco IOS Software [IOSXE], Virtual XE Software (X86_64_LINUX_IOSD-UNIVERSALK9-M), Version 17.15.6, RELEASE SOFTWARE (fc2)
hub uptime is 3 hours, 0 minutes</msg>
<var>${ver}</var>
<arg>${r}</arg>
<arg>show version | include uptime|Version 17</arg>
<doc>Run a show command on a router by name.</doc>
<status status="PASS" start="2026-09-13T12:56:59.146832" elapsed="2.023992"/>
</kw>
<kw name="Should Contain" owner="BuiltIn">
<arg>${ver}</arg>
<arg>${r} uptime</arg>
<doc>Fails if ``container`` does not contain ``item`` one or more times.</doc>
<status status="PASS" start="2026-09-13T12:57:01.170931" elapsed="0.000541"/>
</kw>
<kw name="Should Contain" owner="BuiltIn">
<arg>${ver}</arg>
<arg>Version 17.15</arg>
<doc>Fails if ``container`` does not contain ``item`` one or more times.</doc>
<status status="PASS" start="2026-09-13T12:57:01.171565" elapsed="0.000230"/>
</kw>
<var name="${r}">hub</var>
<status status="PASS" start="2026-09-13T12:56:56.950406" elapsed="4.221417"/>
</iter>
<iter>
<kw name="Router Host" owner="common">
<return>
<value>${ROUTERS}[${r}][host]</value>
<status status="PASS" start="2026-09-13T12:57:01.172211" elapsed="0.000032"/>
</return>
<msg time="2026-09-13T12:57:01.172378" level="INFO">${host} = 10.2.0.15</msg>
<var>${host}</var>
<arg>${r}</arg>
<status status="PASS" start="2026-09-13T12:57:01.172039" elapsed="0.000361"/>
</kw>
<kw name="Host Ping" owner="LabLib">
<msg time="2026-09-13T12:57:03.175605" level="INFO">PING 10.2.0.15 (10.2.0.15) 56(84) bytes of data.
64 bytes from 10.2.0.15: icmp_seq=1 ttl=255 time=216 ms
64 bytes from 10.2.0.15: icmp_seq=2 ttl=255 time=195 ms
64 bytes from 10.2.0.15: icmp_seq=3 ttl=255 time=0.329 ms

--- 10.2.0.15 ping statistics ---
3 packets transmitted, 3 received, 0% packet loss, time 2001ms
rtt min/avg/max/mdev = 0.329/137.376/216.460/97.289 ms
</msg>
<arg>${host}</arg>
<doc>ICMP ping from the host; fails unless at least one reply.</doc>
<status status="PASS" start="2026-09-13T12:57:01.172468" elapsed="2.003270"/>
</kw>
<kw name="Tcp Port Should Be Open" owner="LabLib">
<arg>${host}</arg>
<arg>22</arg>
<status status="PASS" start="2026-09-13T12:57:03.175909" elapsed="0.001597"/>
</kw>
<kw name="Tcp Port Should Be Open" owner="LabLib">
<arg>${host}</arg>
<arg>443</arg>
<status status="PASS" start="2026-09-13T12:57:03.177643" elapsed="0.001290"/>
</kw>
<kw name="Restconf Get" owner="LabLib">
<msg time="2026-09-13T12:57:03.241074" level="INFO">GET https://10.2.0.15/restconf/data/Cisco-IOS-XE-native:native/hostname -&gt; 200
{
  "Cisco-IOS-XE-native:hostname": "hub2"
}
</msg>
<msg time="2026-09-13T12:57:03.242345" level="INFO">${json} = {'Cisco-IOS-XE-native:hostname': 'hub2'}</msg>
<var>${json}</var>
<arg>${host}</arg>
<arg>Cisco-IOS-XE-native:native/hostname</arg>
<doc>GET /restconf/data/&lt;path&gt; and return the parsed JSON.</doc>
<status status="PASS" start="2026-09-13T12:57:03.179073" elapsed="0.063310"/>
</kw>
<kw name="Should Be Equal" owner="BuiltIn">
<arg>${json}[Cisco-IOS-XE-native:hostname]</arg>
<arg>${r}</arg>
<doc>Fails if the given objects are unequal.</doc>
<status status="PASS" start="2026-09-13T12:57:03.242547" elapsed="0.000527"/>
</kw>
<kw name="Show" owner="common">
<kw name="Router Host" owner="common">
<return>
<value>${ROUTERS}[${r}][host]</value>
<status status="PASS" start="2026-09-13T12:57:03.243910" elapsed="0.000046"/>
</return>
<msg time="2026-09-13T12:57:03.244103" level="INFO">${host} = 10.2.0.15</msg>
<var>${host}</var>
<arg>${r}</arg>
<status status="PASS" start="2026-09-13T12:57:03.243603" elapsed="0.000523"/>
</kw>
<kw name="Run Command" owner="LabLib">
<msg time="2026-09-13T12:57:04.808130" level="INFO" html="true">&lt;pre&gt;10.2.0.15# show version | include uptime|Version 17
Cisco IOS XE Software, Version 17.15.06
Cisco IOS Software [IOSXE], Virtual XE Software (X86_64_LINUX_IOSD-UNIVERSALK9-M), Version 17.15.6, RELEASE SOFTWARE (fc2)
hub2 uptime is 9 minutes&lt;/pre&gt;</msg>
<msg time="2026-09-13T12:57:04.808393" level="INFO">${out} = Cisco IOS XE Software, Version 17.15.06
Cisco IOS Software [IOSXE], Virtual XE Software (X86_64_LINUX_IOSD-UNIVERSALK9-M), Version 17.15.6, RELEASE SOFTWARE (fc2)
hub2 uptime is 9 minutes</msg>
<var>${out}</var>
<arg>${host}</arg>
<arg>${command}</arg>
<arg>${timeout}</arg>
<doc>Run a show/exec command on a switch over SSH and return its output.</doc>
<status status="PASS" start="2026-09-13T12:57:03.244228" elapsed="1.564250"/>
</kw>
<return>
<value>${out}</value>
<status status="PASS" start="2026-09-13T12:57:04.808564" elapsed="0.000052"/>
</return>
<msg time="2026-09-13T12:57:04.808804" level="INFO">${ver} = Cisco IOS XE Software, Version 17.15.06
Cisco IOS Software [IOSXE], Virtual XE Software (X86_64_LINUX_IOSD-UNIVERSALK9-M), Version 17.15.6, RELEASE SOFTWARE (fc2)
hub2 uptime is 9 minutes</msg>
<var>${ver}</var>
<arg>${r}</arg>
<arg>show version | include uptime|Version 17</arg>
<doc>Run a show command on a router by name.</doc>
<status status="PASS" start="2026-09-13T12:57:03.243262" elapsed="1.565568"/>
</kw>
<kw name="Should Contain" owner="BuiltIn">
<arg>${ver}</arg>
<arg>${r} uptime</arg>
<doc>Fails if ``container`` does not contain ``item`` one or more times.</doc>
<status status="PASS" start="2026-09-13T12:57:04.809062" elapsed="0.000513"/>
</kw>
<kw name="Should Contain" owner="BuiltIn">
<arg>${ver}</arg>
<arg>Version 17.15</arg>
<doc>Fails if ``container`` does not contain ``item`` one or more times.</doc>
<status status="PASS" start="2026-09-13T12:57:04.809840" elapsed="0.000301"/>
</kw>
<var name="${r}">hub2</var>
<status status="PASS" start="2026-09-13T12:57:01.171937" elapsed="3.638243"/>
</iter>
<iter>
<kw name="Router Host" owner="common">
<return>
<value>${ROUTERS}[${r}][host]</value>
<status status="PASS" start="2026-09-13T12:57:04.810877" elapsed="0.000037"/>
</return>
<msg time="2026-09-13T12:57:04.811065" level="INFO">${host} = 10.2.0.12</msg>
<var>${host}</var>
<arg>${r}</arg>
<status status="PASS" start="2026-09-13T12:57:04.810449" elapsed="0.000639"/>
</kw>
<kw name="Host Ping" owner="LabLib">
<msg time="2026-09-13T12:57:06.894310" level="INFO">PING 10.2.0.12 (10.2.0.12) 56(84) bytes of data.
64 bytes from 10.2.0.12: icmp_seq=1 ttl=255 time=267 ms
64 bytes from 10.2.0.12: icmp_seq=2 ttl=255 time=0.192 ms
64 bytes from 10.2.0.12: icmp_seq=3 ttl=255 time=23.0 ms

--- 10.2.0.12 ping statistics ---
3 packets transmitted, 3 received, 0% packet loss, time 2057ms
rtt min/avg/max/mdev = 0.192/96.692/266.835/120.670 ms
</msg>
<arg>${host}</arg>
<doc>ICMP ping from the host; fails unless at least one reply.</doc>
<status status="PASS" start="2026-09-13T12:57:04.811172" elapsed="2.083256"/>
</kw>
<kw name="Tcp Port Should Be Open" owner="LabLib">
<arg>${host}</arg>
<arg>22</arg>
<status status="PASS" start="2026-09-13T12:57:06.894583" elapsed="0.034016"/>
</kw>
<kw name="Tcp Port Should Be Open" owner="LabLib">
<arg>${host}</arg>
<arg>443</arg>
<status status="PASS" start="2026-09-13T12:57:06.928811" elapsed="0.001351"/>
</kw>
<kw name="Restconf Get" owner="LabLib">
<msg time="2026-09-13T12:57:06.986874" level="INFO">GET https://10.2.0.12/restconf/data/Cisco-IOS-XE-native:native/hostname -&gt; 200
{
  "Cisco-IOS-XE-native:hostname": "spoke1"
}
</msg>
<msg time="2026-09-13T12:57:06.988272" level="INFO">${json} = {'Cisco-IOS-XE-native:hostname': 'spoke1'}</msg>
<var>${json}</var>
<arg>${host}</arg>
<arg>Cisco-IOS-XE-native:native/hostname</arg>
<doc>GET /restconf/data/&lt;path&gt; and return the parsed JSON.</doc>
<status status="PASS" start="2026-09-13T12:57:06.930315" elapsed="0.057989"/>
</kw>
<kw name="Should Be Equal" owner="BuiltIn">
<arg>${json}[Cisco-IOS-XE-native:hostname]</arg>
<arg>${r}</arg>
<doc>Fails if the given objects are unequal.</doc>
<status status="PASS" start="2026-09-13T12:57:06.988467" elapsed="0.000488"/>
</kw>
<kw name="Show" owner="common">
<kw name="Router Host" owner="common">
<return>
<value>${ROUTERS}[${r}][host]</value>
<status status="PASS" start="2026-09-13T12:57:06.989595" elapsed="0.000205"/>
</return>
<msg time="2026-09-13T12:57:06.989960" level="INFO">${host} = 10.2.0.12</msg>
<var>${host}</var>
<arg>${r}</arg>
<status status="PASS" start="2026-09-13T12:57:06.989421" elapsed="0.000565"/>
</kw>
<kw name="Run Command" owner="LabLib">
<msg time="2026-09-13T12:57:09.124083" level="INFO" html="true">&lt;pre&gt;10.2.0.12# show version | include uptime|Version 17
Cisco IOS XE Software, Version 17.15.06
Cisco IOS Software [IOSXE], Virtual XE Software (X86_64_LINUX_IOSD-UNIVERSALK9-M), Version 17.15.6, RELEASE SOFTWARE (fc2)
spoke1 uptime is 15 minutes&lt;/pre&gt;</msg>
<msg time="2026-09-13T12:57:09.124358" level="INFO">${out} = Cisco IOS XE Software, Version 17.15.06
Cisco IOS Software [IOSXE], Virtual XE Software (X86_64_LINUX_IOSD-UNIVERSALK9-M), Version 17.15.6, RELEASE SOFTWARE (fc2)
spoke1 uptime is 15 minutes</msg>
<var>${out}</var>
<arg>${host}</arg>
<arg>${command}</arg>
<arg>${timeout}</arg>
<doc>Run a show/exec command on a switch over SSH and return its output.</doc>
<status status="PASS" start="2026-09-13T12:57:06.990072" elapsed="2.134323"/>
</kw>
<return>
<value>${out}</value>
<status status="PASS" start="2026-09-13T12:57:09.124471" elapsed="0.000052"/>
</return>
<msg time="2026-09-13T12:57:09.124695" level="INFO">${ver} = Cisco IOS XE Software, Version 17.15.06
Cisco IOS Software [IOSXE], Virtual XE Software (X86_64_LINUX_IOSD-UNIVERSALK9-M), Version 17.15.6, RELEASE SOFTWARE (fc2)
spoke1 uptime is 15 minutes</msg>
<var>${ver}</var>
<arg>${r}</arg>
<arg>show version | include uptime|Version 17</arg>
<doc>Run a show command on a router by name.</doc>
<status status="PASS" start="2026-09-13T12:57:06.989124" elapsed="2.135608"/>
</kw>
<kw name="Should Contain" owner="BuiltIn">
<arg>${ver}</arg>
<arg>${r} uptime</arg>
<doc>Fails if ``container`` does not contain ``item`` one or more times.</doc>
<status status="PASS" start="2026-09-13T12:57:09.124884" elapsed="0.000403"/>
</kw>
<kw name="Should Contain" owner="BuiltIn">
<arg>${ver}</arg>
<arg>Version 17.15</arg>
<doc>Fails if ``container`` does not contain ``item`` one or more times.</doc>
<status status="PASS" start="2026-09-13T12:57:09.125392" elapsed="0.000273"/>
</kw>
<var name="${r}">spoke1</var>
<status status="PASS" start="2026-09-13T12:57:04.810321" elapsed="4.315397"/>
</iter>
<iter>
<kw name="Router Host" owner="common">
<return>
<value>${ROUTERS}[${r}][host]</value>
<status status="PASS" start="2026-09-13T12:57:09.126193" elapsed="0.000034"/>
</return>
<msg time="2026-09-13T12:57:09.126366" level="INFO">${host} = 10.2.0.13</msg>
<var>${host}</var>
<arg>${r}</arg>
<status status="PASS" start="2026-09-13T12:57:09.125989" elapsed="0.000402"/>
</kw>
<kw name="Host Ping" owner="LabLib">
<msg time="2026-09-13T12:57:11.246188" level="INFO">PING 10.2.0.13 (10.2.0.13) 56(84) bytes of data.
64 bytes from 10.2.0.13: icmp_seq=1 ttl=255 time=241 ms
64 bytes from 10.2.0.13: icmp_seq=2 ttl=255 time=0.462 ms
64 bytes from 10.2.0.13: icmp_seq=3 ttl=255 time=86.8 ms

--- 10.2.0.13 ping statistics ---
3 packets transmitted, 3 received, 0% packet loss, time 2031ms
rtt min/avg/max/mdev = 0.462/109.445/241.101/99.539 ms
</msg>
<arg>${host}</arg>
<doc>ICMP ping from the host; fails unless at least one reply.</doc>
<status status="PASS" start="2026-09-13T12:57:09.126478" elapsed="2.119852"/>
</kw>
<kw name="Tcp Port Should Be Open" owner="LabLib">
<arg>${host}</arg>
<arg>22</arg>
<status status="PASS" start="2026-09-13T12:57:11.246523" elapsed="0.001438"/>
</kw>
<kw name="Tcp Port Should Be Open" owner="LabLib">
<arg>${host}</arg>
<arg>443</arg>
<status status="PASS" start="2026-09-13T12:57:11.248201" elapsed="0.001507"/>
</kw>
<kw name="Restconf Get" owner="LabLib">
<msg time="2026-09-13T12:57:11.331947" level="INFO">GET https://10.2.0.13/restconf/data/Cisco-IOS-XE-native:native/hostname -&gt; 200
{
  "Cisco-IOS-XE-native:hostname": "spoke2"
}
</msg>
<msg time="2026-09-13T12:57:11.333376" level="INFO">${json} = {'Cisco-IOS-XE-native:hostname': 'spoke2'}</msg>
<var>${json}</var>
<arg>${host}</arg>
<arg>Cisco-IOS-XE-native:native/hostname</arg>
<doc>GET /restconf/data/&lt;path&gt; and return the parsed JSON.</doc>
<status status="PASS" start="2026-09-13T12:57:11.249869" elapsed="0.083546"/>
</kw>
<kw name="Should Be Equal" owner="BuiltIn">
<arg>${json}[Cisco-IOS-XE-native:hostname]</arg>
<arg>${r}</arg>
<doc>Fails if the given objects are unequal.</doc>
<status status="PASS" start="2026-09-13T12:57:11.333573" elapsed="0.000426"/>
</kw>
<kw name="Show" owner="common">
<kw name="Router Host" owner="common">
<return>
<value>${ROUTERS}[${r}][host]</value>
<status status="PASS" start="2026-09-13T12:57:11.334997" elapsed="0.000132"/>
</return>
<msg time="2026-09-13T12:57:11.335294" level="INFO">${host} = 10.2.0.13</msg>
<var>${host}</var>
<arg>${r}</arg>
<status status="PASS" start="2026-09-13T12:57:11.334557" elapsed="0.000761"/>
</kw>
<kw name="Run Command" owner="LabLib">
<msg time="2026-09-13T12:57:13.201787" level="INFO" html="true">&lt;pre&gt;10.2.0.13# show version | include uptime|Version 17
Cisco IOS XE Software, Version 17.15.06
Cisco IOS Software [IOSXE], Virtual XE Software (X86_64_LINUX_IOSD-UNIVERSALK9-M), Version 17.15.6, RELEASE SOFTWARE (fc2)
spoke2 uptime is 15 minutes&lt;/pre&gt;</msg>
<msg time="2026-09-13T12:57:13.202109" level="INFO">${out} = Cisco IOS XE Software, Version 17.15.06
Cisco IOS Software [IOSXE], Virtual XE Software (X86_64_LINUX_IOSD-UNIVERSALK9-M), Version 17.15.6, RELEASE SOFTWARE (fc2)
spoke2 uptime is 15 minutes</msg>
<var>${out}</var>
<arg>${host}</arg>
<arg>${command}</arg>
<arg>${timeout}</arg>
<doc>Run a show/exec command on a switch over SSH and return its output.</doc>
<status status="PASS" start="2026-09-13T12:57:11.335423" elapsed="1.866722"/>
</kw>
<return>
<value>${out}</value>
<status status="PASS" start="2026-09-13T12:57:13.202236" elapsed="0.000050"/>
</return>
<msg time="2026-09-13T12:57:13.202461" level="INFO">${ver} = Cisco IOS XE Software, Version 17.15.06
Cisco IOS Software [IOSXE], Virtual XE Software (X86_64_LINUX_IOSD-UNIVERSALK9-M), Version 17.15.6, RELEASE SOFTWARE (fc2)
spoke2 uptime is 15 minutes</msg>
<var>${ver}</var>
<arg>${r}</arg>
<arg>show version | include uptime|Version 17</arg>
<doc>Run a show command on a router by name.</doc>
<status status="PASS" start="2026-09-13T12:57:11.334224" elapsed="1.868265"/>
</kw>
<kw name="Should Contain" owner="BuiltIn">
<arg>${ver}</arg>
<arg>${r} uptime</arg>
<doc>Fails if ``container`` does not contain ``item`` one or more times.</doc>
<status status="PASS" start="2026-09-13T12:57:13.202629" elapsed="0.000448"/>
</kw>
<kw name="Should Contain" owner="BuiltIn">
<arg>${ver}</arg>
<arg>Version 17.15</arg>
<doc>Fails if ``container`` does not contain ``item`` one or more times.</doc>
<status status="PASS" start="2026-09-13T12:57:13.203185" elapsed="0.000255"/>
</kw>
<var name="${r}">spoke2</var>
<status status="PASS" start="2026-09-13T12:57:09.125855" elapsed="4.077622"/>
</iter>
<iter>
<kw name="Router Host" owner="common">
<return>
<value>${ROUTERS}[${r}][host]</value>
<status status="PASS" start="2026-09-13T12:57:13.203970" elapsed="0.000032"/>
</return>
<msg time="2026-09-13T12:57:13.204153" level="INFO">${host} = 10.2.0.14</msg>
<var>${host}</var>
<arg>${r}</arg>
<status status="PASS" start="2026-09-13T12:57:13.203762" elapsed="0.000417"/>
</kw>
<kw name="Host Ping" owner="LabLib">
<msg time="2026-09-13T12:57:15.265638" level="INFO">PING 10.2.0.14 (10.2.0.14) 56(84) bytes of data.
64 bytes from 10.2.0.14: icmp_seq=1 ttl=255 time=78.7 ms
64 bytes from 10.2.0.14: icmp_seq=2 ttl=255 time=1.42 ms
64 bytes from 10.2.0.14: icmp_seq=3 ttl=255 time=57.5 ms

--- 10.2.0.14 ping statistics ---
3 packets transmitted, 3 received, 0% packet loss, time 2002ms
rtt min/avg/max/mdev = 1.418/45.884/78.730/32.614 ms
</msg>
<arg>${host}</arg>
<doc>ICMP ping from the host; fails unless at least one reply.</doc>
<status status="PASS" start="2026-09-13T12:57:13.204268" elapsed="2.061515"/>
</kw>
<kw name="Tcp Port Should Be Open" owner="LabLib">
<arg>${host}</arg>
<arg>22</arg>
<status status="PASS" start="2026-09-13T12:57:15.266031" elapsed="0.024379"/>
</kw>
<kw name="Tcp Port Should Be Open" owner="LabLib">
<arg>${host}</arg>
<arg>443</arg>
<status status="PASS" start="2026-09-13T12:57:15.290639" elapsed="0.001487"/>
</kw>
<kw name="Restconf Get" owner="LabLib">
<msg time="2026-09-13T12:57:15.355416" level="INFO">GET https://10.2.0.14/restconf/data/Cisco-IOS-XE-native:native/hostname -&gt; 200
{
  "Cisco-IOS-XE-native:hostname": "spoke3"
}
</msg>
<msg time="2026-09-13T12:57:15.356886" level="INFO">${json} = {'Cisco-IOS-XE-native:hostname': 'spoke3'}</msg>
<var>${json}</var>
<arg>${host}</arg>
<arg>Cisco-IOS-XE-native:native/hostname</arg>
<doc>GET /restconf/data/&lt;path&gt; and return the parsed JSON.</doc>
<status status="PASS" start="2026-09-13T12:57:15.292296" elapsed="0.064893"/>
</kw>
<kw name="Should Be Equal" owner="BuiltIn">
<arg>${json}[Cisco-IOS-XE-native:hostname]</arg>
<arg>${r}</arg>
<doc>Fails if the given objects are unequal.</doc>
<status status="PASS" start="2026-09-13T12:57:15.357373" elapsed="0.000605"/>
</kw>
<kw name="Show" owner="common">
<kw name="Router Host" owner="common">
<return>
<value>${ROUTERS}[${r}][host]</value>
<status status="PASS" start="2026-09-13T12:57:15.358977" elapsed="0.000136"/>
</return>
<msg time="2026-09-13T12:57:15.359285" level="INFO">${host} = 10.2.0.14</msg>
<var>${host}</var>
<arg>${r}</arg>
<status status="PASS" start="2026-09-13T12:57:15.358610" elapsed="0.000703"/>
</kw>
<kw name="Run Command" owner="LabLib">
<msg time="2026-09-13T12:57:17.128987" level="INFO" html="true">&lt;pre&gt;10.2.0.14# show version | include uptime|Version 17
Cisco IOS XE Software, Version 17.15.06
Cisco IOS Software [IOSXE], Virtual XE Software (X86_64_LINUX_IOSD-UNIVERSALK9-M), Version 17.15.6, RELEASE SOFTWARE (fc2)
spoke3 uptime is 15 minutes&lt;/pre&gt;</msg>
<msg time="2026-09-13T12:57:17.129189" level="INFO">${out} = Cisco IOS XE Software, Version 17.15.06
Cisco IOS Software [IOSXE], Virtual XE Software (X86_64_LINUX_IOSD-UNIVERSALK9-M), Version 17.15.6, RELEASE SOFTWARE (fc2)
spoke3 uptime is 15 minutes</msg>
<var>${out}</var>
<arg>${host}</arg>
<arg>${command}</arg>
<arg>${timeout}</arg>
<doc>Run a show/exec command on a switch over SSH and return its output.</doc>
<status status="PASS" start="2026-09-13T12:57:15.359412" elapsed="1.769814"/>
</kw>
<return>
<value>${out}</value>
<status status="PASS" start="2026-09-13T12:57:17.129302" elapsed="0.000051"/>
</return>
<msg time="2026-09-13T12:57:17.129515" level="INFO">${ver} = Cisco IOS XE Software, Version 17.15.06
Cisco IOS Software [IOSXE], Virtual XE Software (X86_64_LINUX_IOSD-UNIVERSALK9-M), Version 17.15.6, RELEASE SOFTWARE (fc2)
spoke3 uptime is 15 minutes</msg>
<var>${ver}</var>
<arg>${r}</arg>
<arg>show version | include uptime|Version 17</arg>
<doc>Run a show command on a router by name.</doc>
<status status="PASS" start="2026-09-13T12:57:15.358265" elapsed="1.771280"/>
</kw>
<kw name="Should Contain" owner="BuiltIn">
<arg>${ver}</arg>
<arg>${r} uptime</arg>
<doc>Fails if ``container`` does not contain ``item`` one or more times.</doc>
<status status="PASS" start="2026-09-13T12:57:17.129697" elapsed="0.000420"/>
</kw>
<kw name="Should Contain" owner="BuiltIn">
<arg>${ver}</arg>
<arg>Version 17.15</arg>
<doc>Fails if ``container`` does not contain ``item`` one or more times.</doc>
<status status="PASS" start="2026-09-13T12:57:17.130225" elapsed="0.000266"/>
</kw>
<var name="${r}">spoke3</var>
<status status="PASS" start="2026-09-13T12:57:13.203621" elapsed="3.926907"/>
</iter>
<var>${r}</var>
<value>@{ROUTER_NAMES}</value>
<status status="PASS" start="2026-09-13T12:56:56.950143" elapsed="20.180428"/>
</for>
<status status="PASS" start="2026-09-13T12:56:56.949787" elapsed="20.180932"/>
</test>
<test id="s1-s1-t2" name="Management interface lives in Mgmt-vrf with a default route to the host" line="20">
<for flavor="IN">
<iter>
<kw name="Show" owner="common">
<kw name="Router Host" owner="common">
<return>
<value>${ROUTERS}[${r}][host]</value>
<status status="PASS" start="2026-09-13T12:57:17.132702" elapsed="0.000036"/>
</return>
<msg time="2026-09-13T12:57:17.133216" level="INFO">${host} = 10.2.0.11</msg>
<var>${host}</var>
<arg>${r}</arg>
<status status="PASS" start="2026-09-13T12:57:17.132501" elapsed="0.000748"/>
</kw>
<kw name="Run Command" owner="LabLib">
<msg time="2026-09-13T12:57:17.701508" level="INFO" html="true">&lt;pre&gt;10.2.0.11# show run interface GigabitEthernet1
Building configuration...

Current configuration : 141 bytes
!
interface GigabitEthernet1
 description OOB management
 vrf forwarding Mgmt-vrf
 ip address 10.2.0.11 255.255.255.0
 negotiation auto
end
&lt;/pre&gt;</msg>
<msg time="2026-09-13T12:57:17.701757" level="INFO">${out} = Building configuration...

Current configuration : 141 bytes
!
interface GigabitEthernet1
 description OOB management
 vrf forwarding Mgmt-vrf
 ip address 10.2.0.11 255.255.255.0
 negotiation auto
end...</msg>
<var>${out}</var>
<arg>${host}</arg>
<arg>${command}</arg>
<arg>${timeout}</arg>
<doc>Run a show/exec command on a switch over SSH and return its output.</doc>
<status status="PASS" start="2026-09-13T12:57:17.133352" elapsed="0.568446"/>
</kw>
<return>
<value>${out}</value>
<status status="PASS" start="2026-09-13T12:57:17.701892" elapsed="0.000064"/>
</return>
<msg time="2026-09-13T12:57:17.702151" level="INFO">${cfg} = Building configuration...

Current configuration : 141 bytes
!
interface GigabitEthernet1
 description OOB management
 vrf forwarding Mgmt-vrf
 ip address 10.2.0.11 255.255.255.0
 negotiation auto
end...</msg>
<var>${cfg}</var>
<arg>${r}</arg>
<arg>show run interface GigabitEthernet1</arg>
<doc>Run a show command on a router by name.</doc>
<status status="PASS" start="2026-09-13T12:57:17.132171" elapsed="0.570013"/>
</kw>
<kw name="Should Contain" owner="BuiltIn">
<arg>${cfg}</arg>
<arg>vrf forwarding Mgmt-vrf</arg>
<doc>Fails if ``container`` does not contain ``item`` one or more times.</doc>
<status status="PASS" start="2026-09-13T12:57:17.702360" elapsed="0.000486"/>
</kw>
<kw name="Should Contain" owner="BuiltIn">
<arg>${cfg}</arg>
<arg>ip address ${ROUTERS}[${r}][host] 255.255.255.0</arg>
<doc>Fails if ``container`` does not contain ``item`` one or more times.</doc>
<status status="PASS" start="2026-09-13T12:57:17.702985" elapsed="0.000435"/>
</kw>
<kw name="Show" owner="common">
<kw name="Router Host" owner="common">
<return>
<value>${ROUTERS}[${r}][host]</value>
<status status="PASS" start="2026-09-13T12:57:17.704297" elapsed="0.000042"/>
</return>
<msg time="2026-09-13T12:57:17.704533" level="INFO">${host} = 10.2.0.11</msg>
<var>${host}</var>
<arg>${r}</arg>
<status status="PASS" start="2026-09-13T12:57:17.704053" elapsed="0.000512"/>
</kw>
<kw name="Run Command" owner="LabLib">
<msg time="2026-09-13T12:57:18.224076" level="INFO" html="true">&lt;pre&gt;10.2.0.11# show ip route vrf Mgmt-vrf 0.0.0.0

Routing Table: Mgmt-vrf
Routing entry for 0.0.0.0/0, supernet
  Known via "static", distance 1, metric 0, candidate default path
  Routing Descriptor Blocks:
  * 10.2.0.1
      Route metric is 0, traffic share count is 1&lt;/pre&gt;</msg>
<msg time="2026-09-13T12:57:18.224341" level="INFO">${out} = 
Routing Table: Mgmt-vrf
Routing entry for 0.0.0.0/0, supernet
  Known via "static", distance 1, metric 0, candidate default path
  Routing Descriptor Blocks:
  * 10.2.0.1
      Route metric is 0, tra...</msg>
<var>${out}</var>
<arg>${host}</arg>
<arg>${command}</arg>
<arg>${timeout}</arg>
<doc>Run a show/exec command on a switch over SSH and return its output.</doc>
<status status="PASS" start="2026-09-13T12:57:17.704681" elapsed="0.519700"/>
</kw>
<return>
<value>${out}</value>
<status status="PASS" start="2026-09-13T12:57:18.224466" elapsed="0.000054"/>
</return>
<msg time="2026-09-13T12:57:18.224694" level="INFO">${rt} = 
Routing Table: Mgmt-vrf
Routing entry for 0.0.0.0/0, supernet
  Known via "static", distance 1, metric 0, candidate default path
  Routing Descriptor Blocks:
  * 10.2.0.1
      Route metric is 0, tra...</msg>
<var>${rt}</var>
<arg>${r}</arg>
<arg>show ip route vrf Mgmt-vrf 0.0.0.0</arg>
<doc>Run a show command on a router by name.</doc>
<status status="PASS" start="2026-09-13T12:57:17.703637" elapsed="0.521086"/>
</kw>
<kw name="Should Contain" owner="BuiltIn">
<arg>${rt}</arg>
<arg>Routing entry for 0.0.0.0/0</arg>
<doc>Fails if ``container`` does not contain ``item`` one or more times.</doc>
<status status="PASS" start="2026-09-13T12:57:18.224942" elapsed="0.000412"/>
</kw>
<kw name="Should Match Regexp" owner="BuiltIn">
<arg>${rt}</arg>
<arg>(?m)^\\s*\\*?\\s*${OOB_GATEWAY}\\b</arg>
<doc>Fails if ``string`` does not match ``pattern`` as a regular expression.</doc>
<status status="PASS" start="2026-09-13T12:57:18.225546" elapsed="0.000461"/>
</kw>
<var name="${r}">hub</var>
<status status="PASS" start="2026-09-13T12:57:17.131873" elapsed="1.094177"/>
</iter>
<iter>
<kw name="Show" owner="common">
<kw name="Router Host" owner="common">
<return>
<value>${ROUTERS}[${r}][host]</value>
<status status="PASS" start="2026-09-13T12:57:18.226822" elapsed="0.000034"/>
</return>
<msg time="2026-09-13T12:57:18.227006" level="INFO">${host} = 10.2.0.15</msg>
<var>${host}</var>
<arg>${r}</arg>
<status status="PASS" start="2026-09-13T12:57:18.226634" elapsed="0.000399"/>
</kw>
<kw name="Run Command" owner="LabLib">
<msg time="2026-09-13T12:57:18.734190" level="INFO" html="true">&lt;pre&gt;10.2.0.15# show run interface GigabitEthernet1
Building configuration...

Current configuration : 141 bytes
!
interface GigabitEthernet1
 description OOB management
 vrf forwarding Mgmt-vrf
 ip address 10.2.0.15 255.255.255.0
 negotiation auto
end
&lt;/pre&gt;</msg>
<msg time="2026-09-13T12:57:18.734377" level="INFO">${out} = Building configuration...

Current configuration : 141 bytes
!
interface GigabitEthernet1
 description OOB management
 vrf forwarding Mgmt-vrf
 ip address 10.2.0.15 255.255.255.0
 negotiation auto
end...</msg>
<var>${out}</var>
<arg>${host}</arg>
<arg>${command}</arg>
<arg>${timeout}</arg>
<doc>Run a show/exec command on a switch over SSH and return its output.</doc>
<status status="PASS" start="2026-09-13T12:57:18.227125" elapsed="0.507295"/>
</kw>
<return>
<value>${out}</value>
<status status="PASS" start="2026-09-13T12:57:18.734499" elapsed="0.000053"/>
</return>
<msg time="2026-09-13T12:57:18.734804" level="INFO">${cfg} = Building configuration...

Current configuration : 141 bytes
!
interface GigabitEthernet1
 description OOB management
 vrf forwarding Mgmt-vrf
 ip address 10.2.0.15 255.255.255.0
 negotiation auto
end...</msg>
<var>${cfg}</var>
<arg>${r}</arg>
<arg>show run interface GigabitEthernet1</arg>
<doc>Run a show command on a router by name.</doc>
<status status="PASS" start="2026-09-13T12:57:18.226309" elapsed="0.508520"/>
</kw>
<kw name="Should Contain" owner="BuiltIn">
<arg>${cfg}</arg>
<arg>vrf forwarding Mgmt-vrf</arg>
<doc>Fails if ``container`` does not contain ``item`` one or more times.</doc>
<status status="PASS" start="2026-09-13T12:57:18.734985" elapsed="0.000390"/>
</kw>
<kw name="Should Contain" owner="BuiltIn">
<arg>${cfg}</arg>
<arg>ip address ${ROUTERS}[${r}][host] 255.255.255.0</arg>
<doc>Fails if ``container`` does not contain ``item`` one or more times.</doc>
<status status="PASS" start="2026-09-13T12:57:18.735485" elapsed="0.000431"/>
</kw>
<kw name="Show" owner="common">
<kw name="Router Host" owner="common">
<return>
<value>${ROUTERS}[${r}][host]</value>
<status status="PASS" start="2026-09-13T12:57:18.736592" elapsed="0.000051"/>
</return>
<msg time="2026-09-13T12:57:18.736794" level="INFO">${host} = 10.2.0.15</msg>
<var>${host}</var>
<arg>${r}</arg>
<status status="PASS" start="2026-09-13T12:57:18.736412" elapsed="0.000403"/>
</kw>
<kw name="Run Command" owner="LabLib">
<msg time="2026-09-13T12:57:19.263723" level="INFO" html="true">&lt;pre&gt;10.2.0.15# show ip route vrf Mgmt-vrf 0.0.0.0

Routing Table: Mgmt-vrf
Routing entry for 0.0.0.0/0, supernet
  Known via "static", distance 1, metric 0, candidate default path
  Routing Descriptor Blocks:
  * 10.2.0.1
      Route metric is 0, traffic share count is 1&lt;/pre&gt;</msg>
<msg time="2026-09-13T12:57:19.263911" level="INFO">${out} = 
Routing Table: Mgmt-vrf
Routing entry for 0.0.0.0/0, supernet
  Known via "static", distance 1, metric 0, candidate default path
  Routing Descriptor Blocks:
  * 10.2.0.1
      Route metric is 0, tra...</msg>
<var>${out}</var>
<arg>${host}</arg>
<arg>${command}</arg>
<arg>${timeout}</arg>
<doc>Run a show/exec command on a switch over SSH and return its output.</doc>
<status status="PASS" start="2026-09-13T12:57:18.736908" elapsed="0.527032"/>
</kw>
<return>
<value>${out}</value>
<status status="PASS" start="2026-09-13T12:57:19.264020" elapsed="0.000051"/>
</return>
<msg time="2026-09-13T12:57:19.264241" level="INFO">${rt} = 
Routing Table: Mgmt-vrf
Routing entry for 0.0.0.0/0, supernet
  Known via "static", distance 1, metric 0, candidate default path
  Routing Descriptor Blocks:
  * 10.2.0.1
      Route metric is 0, tra...</msg>
<var>${rt}</var>
<arg>${r}</arg>
<arg>show ip route vrf Mgmt-vrf 0.0.0.0</arg>
<doc>Run a show command on a router by name.</doc>
<status status="PASS" start="2026-09-13T12:57:18.736085" elapsed="0.528210"/>
</kw>
<kw name="Should Contain" owner="BuiltIn">
<arg>${rt}</arg>
<arg>Routing entry for 0.0.0.0/0</arg>
<doc>Fails if ``container`` does not contain ``item`` one or more times.</doc>
<status status="PASS" start="2026-09-13T12:57:19.264434" elapsed="0.000385"/>
</kw>
<kw name="Should Match Regexp" owner="BuiltIn">
<arg>${rt}</arg>
<arg>(?m)^\\s*\\*?\\s*${OOB_GATEWAY}\\b</arg>
<doc>Fails if ``string`` does not match ``pattern`` as a regular expression.</doc>
<status status="PASS" start="2026-09-13T12:57:19.264932" elapsed="0.000323"/>
</kw>
<var name="${r}">hub2</var>
<status status="PASS" start="2026-09-13T12:57:18.226170" elapsed="1.039123"/>
</iter>
<iter>
<kw name="Show" owner="common">
<kw name="Router Host" owner="common">
<return>
<value>${ROUTERS}[${r}][host]</value>
<status status="PASS" start="2026-09-13T12:57:19.266090" elapsed="0.000036"/>
</return>
<msg time="2026-09-13T12:57:19.266271" level="INFO">${host} = 10.2.0.12</msg>
<var>${host}</var>
<arg>${r}</arg>
<status status="PASS" start="2026-09-13T12:57:19.265904" elapsed="0.000390"/>
</kw>
<kw name="Run Command" owner="LabLib">
<msg time="2026-09-13T12:57:19.772955" level="INFO" html="true">&lt;pre&gt;10.2.0.12# show run interface GigabitEthernet1
Building configuration...

Current configuration : 141 bytes
!
interface GigabitEthernet1
 description OOB management
 vrf forwarding Mgmt-vrf
 ip address 10.2.0.12 255.255.255.0
 negotiation auto
end
&lt;/pre&gt;</msg>
<msg time="2026-09-13T12:57:19.773135" level="INFO">${out} = Building configuration...

Current configuration : 141 bytes
!
interface GigabitEthernet1
 description OOB management
 vrf forwarding Mgmt-vrf
 ip address 10.2.0.12 255.255.255.0
 negotiation auto
end...</msg>
<var>${out}</var>
<arg>${host}</arg>
<arg>${command}</arg>
<arg>${timeout}</arg>
<doc>Run a show/exec command on a switch over SSH and return its output.</doc>
<status status="PASS" start="2026-09-13T12:57:19.266385" elapsed="0.506780"/>
</kw>
<return>
<value>${out}</value>
<status status="PASS" start="2026-09-13T12:57:19.773259" elapsed="0.000052"/>
</return>
<msg time="2026-09-13T12:57:19.773561" level="INFO">${cfg} = Building configuration...

Current configuration : 141 bytes
!
interface GigabitEthernet1
 description OOB management
 vrf forwarding Mgmt-vrf
 ip address 10.2.0.12 255.255.255.0
 negotiation auto
end...</msg>
<var>${cfg}</var>
<arg>${r}</arg>
<arg>show run interface GigabitEthernet1</arg>
<doc>Run a show command on a router by name.</doc>
<status status="PASS" start="2026-09-13T12:57:19.265558" elapsed="0.508033"/>
</kw>
<kw name="Should Contain" owner="BuiltIn">
<arg>${cfg}</arg>
<arg>vrf forwarding Mgmt-vrf</arg>
<doc>Fails if ``container`` does not contain ``item`` one or more times.</doc>
<status status="PASS" start="2026-09-13T12:57:19.773759" elapsed="0.000394"/>
</kw>
<kw name="Should Contain" owner="BuiltIn">
<arg>${cfg}</arg>
<arg>ip address ${ROUTERS}[${r}][host] 255.255.255.0</arg>
<doc>Fails if ``container`` does not contain ``item`` one or more times.</doc>
<status status="PASS" start="2026-09-13T12:57:19.774264" elapsed="0.000397"/>
</kw>
<kw name="Show" owner="common">
<kw name="Router Host" owner="common">
<return>
<value>${ROUTERS}[${r}][host]</value>
<status status="PASS" start="2026-09-13T12:57:19.775350" elapsed="0.000044"/>
</return>
<msg time="2026-09-13T12:57:19.775533" level="INFO">${host} = 10.2.0.12</msg>
<var>${host}</var>
<arg>${r}</arg>
<status status="PASS" start="2026-09-13T12:57:19.775162" elapsed="0.000394"/>
</kw>
<kw name="Run Command" owner="LabLib">
<msg time="2026-09-13T12:57:20.282231" level="INFO" html="true">&lt;pre&gt;10.2.0.12# show ip route vrf Mgmt-vrf 0.0.0.0

Routing Table: Mgmt-vrf
Routing entry for 0.0.0.0/0, supernet
  Known via "static", distance 1, metric 0, candidate default path
  Routing Descriptor Blocks:
  * 10.2.0.1
      Route metric is 0, traffic share count is 1&lt;/pre&gt;</msg>
<msg time="2026-09-13T12:57:20.282502" level="INFO">${out} = 
Routing Table: Mgmt-vrf
Routing entry for 0.0.0.0/0, supernet
  Known via "static", distance 1, metric 0, candidate default path
  Routing Descriptor Blocks:
  * 10.2.0.1
      Route metric is 0, tra...</msg>
<var>${out}</var>
<arg>${host}</arg>
<arg>${command}</arg>
<arg>${timeout}</arg>
<doc>Run a show/exec command on a switch over SSH and return its output.</doc>
<status status="PASS" start="2026-09-13T12:57:19.775647" elapsed="0.506902"/>
</kw>
<return>
<value>${out}</value>
<status status="PASS" start="2026-09-13T12:57:20.282644" elapsed="0.000056"/>
</return>
<msg time="2026-09-13T12:57:20.282880" level="INFO">${rt} = 
Routing Table: Mgmt-vrf
Routing entry for 0.0.0.0/0, supernet
  Known via "static", distance 1, metric 0, candidate default path
  Routing Descriptor Blocks:
  * 10.2.0.1
      Route metric is 0, tra...</msg>
<var>${rt}</var>
<arg>${r}</arg>
<arg>show ip route vrf Mgmt-vrf 0.0.0.0</arg>
<doc>Run a show command on a router by name.</doc>
<status status="PASS" start="2026-09-13T12:57:19.774841" elapsed="0.508065"/>
</kw>
<kw name="Should Contain" owner="BuiltIn">
<arg>${rt}</arg>
<arg>Routing entry for 0.0.0.0/0</arg>
<doc>Fails if ``container`` does not contain ``item`` one or more times.</doc>
<status status="PASS" start="2026-09-13T12:57:20.283049" elapsed="0.000610"/>
</kw>
<kw name="Should Match Regexp" owner="BuiltIn">
<arg>${rt}</arg>
<arg>(?m)^\\s*\\*?\\s*${OOB_GATEWAY}\\b</arg>
<doc>Fails if ``string`` does not match ``pattern`` as a regular expression.</doc>
<status status="PASS" start="2026-09-13T12:57:20.283796" elapsed="0.000340"/>
</kw>
<var name="${r}">spoke1</var>
<status status="PASS" start="2026-09-13T12:57:19.265419" elapsed="1.018751"/>
</iter>
<iter>
<kw name="Show" owner="common">
<kw name="Router Host" owner="common">
<return>
<value>${ROUTERS}[${r}][host]</value>
<status status="PASS" start="2026-09-13T12:57:20.284953" elapsed="0.000039"/>
</return>
<msg time="2026-09-13T12:57:20.285141" level="INFO">${host} = 10.2.0.13</msg>
<var>${host}</var>
<arg>${r}</arg>
<status status="PASS" start="2026-09-13T12:57:20.284772" elapsed="0.000391"/>
</kw>
<kw name="Run Command" owner="LabLib">
<msg time="2026-09-13T12:57:20.802290" level="INFO" html="true">&lt;pre&gt;10.2.0.13# show run interface GigabitEthernet1
Building configuration...

Current configuration : 141 bytes
!
interface GigabitEthernet1
 description OOB management
 vrf forwarding Mgmt-vrf
 ip address 10.2.0.13 255.255.255.0
 negotiation auto
end
&lt;/pre&gt;</msg>
<msg time="2026-09-13T12:57:20.802474" level="INFO">${out} = Building configuration...

Current configuration : 141 bytes
!
interface GigabitEthernet1
 description OOB management
 vrf forwarding Mgmt-vrf
 ip address 10.2.0.13 255.255.255.0
 negotiation auto
end...</msg>
<var>${out}</var>
<arg>${host}</arg>
<arg>${command}</arg>
<arg>${timeout}</arg>
<doc>Run a show/exec command on a switch over SSH and return its output.</doc>
<status status="PASS" start="2026-09-13T12:57:20.285262" elapsed="0.517354"/>
</kw>
<return>
<value>${out}</value>
<status status="PASS" start="2026-09-13T12:57:20.802714" elapsed="0.000052"/>
</return>
<msg time="2026-09-13T12:57:20.803021" level="INFO">${cfg} = Building configuration...

Current configuration : 141 bytes
!
interface GigabitEthernet1
 description OOB management
 vrf forwarding Mgmt-vrf
 ip address 10.2.0.13 255.255.255.0
 negotiation auto
end...</msg>
<var>${cfg}</var>
<arg>${r}</arg>
<arg>show run interface GigabitEthernet1</arg>
<doc>Run a show command on a router by name.</doc>
<status status="PASS" start="2026-09-13T12:57:20.284429" elapsed="0.518620"/>
</kw>
<kw name="Should Contain" owner="BuiltIn">
<arg>${cfg}</arg>
<arg>vrf forwarding Mgmt-vrf</arg>
<doc>Fails if ``container`` does not contain ``item`` one or more times.</doc>
<status status="PASS" start="2026-09-13T12:57:20.803261" elapsed="0.000487"/>
</kw>
<kw name="Should Contain" owner="BuiltIn">
<arg>${cfg}</arg>
<arg>ip address ${ROUTERS}[${r}][host] 255.255.255.0</arg>
<doc>Fails if ``container`` does not contain ``item`` one or more times.</doc>
<status status="PASS" start="2026-09-13T12:57:20.803863" elapsed="0.000331"/>
</kw>
<kw name="Show" owner="common">
<kw name="Router Host" owner="common">
<return>
<value>${ROUTERS}[${r}][host]</value>
<status status="PASS" start="2026-09-13T12:57:20.804981" elapsed="0.000041"/>
</return>
<msg time="2026-09-13T12:57:20.805169" level="INFO">${host} = 10.2.0.13</msg>
<var>${host}</var>
<arg>${r}</arg>
<status status="PASS" start="2026-09-13T12:57:20.804800" elapsed="0.000394"/>
</kw>
<kw name="Run Command" owner="LabLib">
<msg time="2026-09-13T12:57:21.301619" level="INFO" html="true">&lt;pre&gt;10.2.0.13# show ip route vrf Mgmt-vrf 0.0.0.0

Routing Table: Mgmt-vrf
Routing entry for 0.0.0.0/0, supernet
  Known via "static", distance 1, metric 0, candidate default path
  Routing Descriptor Blocks:
  * 10.2.0.1
      Route metric is 0, traffic share count is 1&lt;/pre&gt;</msg>
<msg time="2026-09-13T12:57:21.301809" level="INFO">${out} = 
Routing Table: Mgmt-vrf
Routing entry for 0.0.0.0/0, supernet
  Known via "static", distance 1, metric 0, candidate default path
  Routing Descriptor Blocks:
  * 10.2.0.1
      Route metric is 0, tra...</msg>
<var>${out}</var>
<arg>${host}</arg>
<arg>${command}</arg>
<arg>${timeout}</arg>
<doc>Run a show/exec command on a switch over SSH and return its output.</doc>
<status status="PASS" start="2026-09-13T12:57:20.805286" elapsed="0.496559"/>
</kw>
<return>
<value>${out}</value>
<status status="PASS" start="2026-09-13T12:57:21.301923" elapsed="0.000051"/>
</return>
<msg time="2026-09-13T12:57:21.302136" level="INFO">${rt} = 
Routing Table: Mgmt-vrf
Routing entry for 0.0.0.0/0, supernet
  Known via "static", distance 1, metric 0, candidate default path
  Routing Descriptor Blocks:
  * 10.2.0.1
      Route metric is 0, tra...</msg>
<var>${rt}</var>
<arg>${r}</arg>
<arg>show ip route vrf Mgmt-vrf 0.0.0.0</arg>
<doc>Run a show command on a router by name.</doc>
<status status="PASS" start="2026-09-13T12:57:20.804469" elapsed="0.497689"/>
</kw>
<kw name="Should Contain" owner="BuiltIn">
<arg>${rt}</arg>
<arg>Routing entry for 0.0.0.0/0</arg>
<doc>Fails if ``container`` does not contain ``item`` one or more times.</doc>
<status status="PASS" start="2026-09-13T12:57:21.302302" elapsed="0.000408"/>
</kw>
<kw name="Should Match Regexp" owner="BuiltIn">
<arg>${rt}</arg>
<arg>(?m)^\\s*\\*?\\s*${OOB_GATEWAY}\\b</arg>
<doc>Fails if ``string`` does not match ``pattern`` as a regular expression.</doc>
<status status="PASS" start="2026-09-13T12:57:21.302820" elapsed="0.000319"/>
</kw>
<var name="${r}">spoke2</var>
<status status="PASS" start="2026-09-13T12:57:20.284292" elapsed="1.018880"/>
</iter>
<iter>
<kw name="Show" owner="common">
<kw name="Router Host" owner="common">
<return>
<value>${ROUTERS}[${r}][host]</value>
<status status="PASS" start="2026-09-13T12:57:21.303940" elapsed="0.000035"/>
</return>
<msg time="2026-09-13T12:57:21.304124" level="INFO">${host} = 10.2.0.14</msg>
<var>${host}</var>
<arg>${r}</arg>
<status status="PASS" start="2026-09-13T12:57:21.303771" elapsed="0.000375"/>
</kw>
<kw name="Run Command" owner="LabLib">
<msg time="2026-09-13T12:57:21.810817" level="INFO" html="true">&lt;pre&gt;10.2.0.14# show run interface GigabitEthernet1
Building configuration...

Current configuration : 141 bytes
!
interface GigabitEthernet1
 description OOB management
 vrf forwarding Mgmt-vrf
 ip address 10.2.0.14 255.255.255.0
 negotiation auto
end
&lt;/pre&gt;</msg>
<msg time="2026-09-13T12:57:21.810998" level="INFO">${out} = Building configuration...

Current configuration : 141 bytes
!
interface GigabitEthernet1
 description OOB management
 vrf forwarding Mgmt-vrf
 ip address 10.2.0.14 255.255.255.0
 negotiation auto
end...</msg>
<var>${out}</var>
<arg>${host}</arg>
<arg>${command}</arg>
<arg>${timeout}</arg>
<doc>Run a show/exec command on a switch over SSH and return its output.</doc>
<status status="PASS" start="2026-09-13T12:57:21.304233" elapsed="0.506796"/>
</kw>
<return>
<value>${out}</value>
<status status="PASS" start="2026-09-13T12:57:21.811110" elapsed="0.000048"/>
</return>
<msg time="2026-09-13T12:57:21.811316" level="INFO">${cfg} = Building configuration...

Current configuration : 141 bytes
!
interface GigabitEthernet1
 description OOB management
 vrf forwarding Mgmt-vrf
 ip address 10.2.0.14 255.255.255.0
 negotiation auto
end...</msg>
<var>${cfg}</var>
<arg>${r}</arg>
<arg>show run interface GigabitEthernet1</arg>
<doc>Run a show command on a router by name.</doc>
<status status="PASS" start="2026-09-13T12:57:21.303446" elapsed="0.507897"/>
</kw>
<kw name="Should Contain" owner="BuiltIn">
<arg>${cfg}</arg>
<arg>vrf forwarding Mgmt-vrf</arg>
<doc>Fails if ``container`` does not contain ``item`` one or more times.</doc>
<status status="PASS" start="2026-09-13T12:57:21.811501" elapsed="0.000404"/>
</kw>
<kw name="Should Contain" owner="BuiltIn">
<arg>${cfg}</arg>
<arg>ip address ${ROUTERS}[${r}][host] 255.255.255.0</arg>
<doc>Fails if ``container`` does not contain ``item`` one or more times.</doc>
<status status="PASS" start="2026-09-13T12:57:21.812020" elapsed="0.000351"/>
</kw>
<kw name="Show" owner="common">
<kw name="Router Host" owner="common">
<return>
<value>${ROUTERS}[${r}][host]</value>
<status status="PASS" start="2026-09-13T12:57:21.813059" elapsed="0.000038"/>
</return>
<msg time="2026-09-13T12:57:21.813244" level="INFO">${host} = 10.2.0.14</msg>
<var>${host}</var>
<arg>${r}</arg>
<status status="PASS" start="2026-09-13T12:57:21.812879" elapsed="0.000392"/>
</kw>
<kw name="Run Command" owner="LabLib">
<msg time="2026-09-13T12:57:22.320596" level="INFO" html="true">&lt;pre&gt;10.2.0.14# show ip route vrf Mgmt-vrf 0.0.0.0

Routing Table: Mgmt-vrf
Routing entry for 0.0.0.0/0, supernet
  Known via "static", distance 1, metric 0, candidate default path
  Routing Descriptor Blocks:
  * 10.2.0.1
      Route metric is 0, traffic share count is 1&lt;/pre&gt;</msg>
<msg time="2026-09-13T12:57:22.320888" level="INFO">${out} = 
Routing Table: Mgmt-vrf
Routing entry for 0.0.0.0/0, supernet
  Known via "static", distance 1, metric 0, candidate default path
  Routing Descriptor Blocks:
  * 10.2.0.1
      Route metric is 0, tra...</msg>
<var>${out}</var>
<arg>${host}</arg>
<arg>${command}</arg>
<arg>${timeout}</arg>
<doc>Run a show/exec command on a switch over SSH and return its output.</doc>
<status status="PASS" start="2026-09-13T12:57:21.813366" elapsed="0.507567"/>
</kw>
<return>
<value>${out}</value>
<status status="PASS" start="2026-09-13T12:57:22.321012" elapsed="0.000059"/>
</return>
<msg time="2026-09-13T12:57:22.321224" level="INFO">${rt} = 
Routing Table: Mgmt-vrf
Routing entry for 0.0.0.0/0, supernet
  Known via "static", distance 1, metric 0, candidate default path
  Routing Descriptor Blocks:
  * 10.2.0.1
      Route metric is 0, tra...</msg>
<var>${rt}</var>
<arg>${r}</arg>
<arg>show ip route vrf Mgmt-vrf 0.0.0.0</arg>
<doc>Run a show command on a router by name.</doc>
<status status="PASS" start="2026-09-13T12:57:21.812535" elapsed="0.508717"/>
</kw>
<kw name="Should Contain" owner="BuiltIn">
<arg>${rt}</arg>
<arg>Routing entry for 0.0.0.0/0</arg>
<doc>Fails if ``container`` does not contain ``item`` one or more times.</doc>
<status status="PASS" start="2026-09-13T12:57:22.321398" elapsed="0.000474"/>
</kw>
<kw name="Should Match Regexp" owner="BuiltIn">
<arg>${rt}</arg>
<arg>(?m)^\\s*\\*?\\s*${OOB_GATEWAY}\\b</arg>
<doc>Fails if ``string`` does not match ``pattern`` as a regular expression.</doc>
<status status="PASS" start="2026-09-13T12:57:22.322124" elapsed="0.000324"/>
</kw>
<var name="${r}">spoke3</var>
<status status="PASS" start="2026-09-13T12:57:21.303297" elapsed="1.019190"/>
</iter>
<var>${r}</var>
<value>@{ROUTER_NAMES}</value>
<status status="PASS" start="2026-09-13T12:57:17.131636" elapsed="5.190890"/>
</for>
<status status="PASS" start="2026-09-13T12:57:17.131270" elapsed="5.191380"/>
</test>
<test id="s1-s1-t3" name="License boot level provides the security feature set" line="30">
<for flavor="IN">
<iter>
<kw name="Show" owner="common">
<kw name="Router Host" owner="common">
<return>
<value>${ROUTERS}[${r}][host]</value>
<status status="PASS" start="2026-09-13T12:57:22.324208" elapsed="0.000036"/>
</return>
<msg time="2026-09-13T12:57:22.324409" level="INFO">${host} = 10.2.0.11</msg>
<var>${host}</var>
<arg>${r}</arg>
<status status="PASS" start="2026-09-13T12:57:22.324025" elapsed="0.000406"/>
</kw>
<kw name="Run Command" owner="LabLib">
<msg time="2026-09-13T12:57:22.831592" level="INFO" html="true">&lt;pre&gt;10.2.0.11# show version | include License Level
License Level: network-advantage
Addon License Level: dna-advantage&lt;/pre&gt;</msg>
<msg time="2026-09-13T12:57:22.831876" level="INFO">${out} = License Level: network-advantage
Addon License Level: dna-advantage</msg>
<var>${out}</var>
<arg>${host}</arg>
<arg>${command}</arg>
<arg>${timeout}</arg>
<doc>Run a show/exec command on a switch over SSH and return its output.</doc>
<status status="PASS" start="2026-09-13T12:57:22.324530" elapsed="0.507378"/>
</kw>
<return>
<value>${out}</value>
<status status="PASS" start="2026-09-13T12:57:22.831986" elapsed="0.000049"/>
</return>
<msg time="2026-09-13T12:57:22.832184" level="INFO">${lic} = License Level: network-advantage
Addon License Level: dna-advantage</msg>
<var>${lic}</var>
<arg>${r}</arg>
<arg>show version | include License Level</arg>
<doc>Run a show command on a router by name.</doc>
<status status="PASS" start="2026-09-13T12:57:22.323618" elapsed="0.508594"/>
</kw>
<kw name="Should Match Regexp" owner="BuiltIn">
<arg>${lic}</arg>
<arg>(?m)^License Level:\\s*network-advantage</arg>
<doc>Fails if ``string`` does not match ``pattern`` as a regular expression.</doc>
<status status="PASS" start="2026-09-13T12:57:22.832355" elapsed="0.000738"/>
</kw>
<kw name="Should Match Regexp" owner="BuiltIn">
<arg>${lic}</arg>
<arg>(?m)^Addon License Level:\\s*dna-advantage</arg>
<doc>Fails if ``string`` does not match ``pattern`` as a regular expression.</doc>
<status status="PASS" start="2026-09-13T12:57:22.833204" elapsed="0.000348"/>
</kw>
<var name="${r}">hub</var>
<status status="PASS" start="2026-09-13T12:57:22.323478" elapsed="0.510111"/>
</iter>
<iter>
<kw name="Show" owner="common">
<kw name="Router Host" owner="common">
<return>
<value>${ROUTERS}[${r}][host]</value>
<status status="PASS" start="2026-09-13T12:57:22.834581" elapsed="0.000039"/>
</return>
<msg time="2026-09-13T12:57:22.834786" level="INFO">${host} = 10.2.0.15</msg>
<var>${host}</var>
<arg>${r}</arg>
<status status="PASS" start="2026-09-13T12:57:22.834304" elapsed="0.000512"/>
</kw>
<kw name="Run Command" owner="LabLib">
<msg time="2026-09-13T12:57:23.341807" level="INFO" html="true">&lt;pre&gt;10.2.0.15# show version | include License Level
License Level: network-advantage
Addon License Level: dna-advantage&lt;/pre&gt;</msg>
<msg time="2026-09-13T12:57:23.342023" level="INFO">${out} = License Level: network-advantage
Addon License Level: dna-advantage</msg>
<var>${out}</var>
<arg>${host}</arg>
<arg>${command}</arg>
<arg>${timeout}</arg>
<doc>Run a show/exec command on a switch over SSH and return its output.</doc>
<status status="PASS" start="2026-09-13T12:57:22.834973" elapsed="0.507081"/>
</kw>
<return>
<value>${out}</value>
<status status="PASS" start="2026-09-13T12:57:23.342139" elapsed="0.000047"/>
</return>
<msg time="2026-09-13T12:57:23.342421" level="INFO">${lic} = License Level: network-advantage
Addon License Level: dna-advantage</msg>
<var>${lic}</var>
<arg>${r}</arg>
<arg>show version | include License Level</arg>
<doc>Run a show command on a router by name.</doc>
<status status="PASS" start="2026-09-13T12:57:22.833991" elapsed="0.508456"/>
</kw>
<kw name="Should Match Regexp" owner="BuiltIn">
<arg>${lic}</arg>
<arg>(?m)^License Level:\\s*network-advantage</arg>
<doc>Fails if ``string`` does not match ``pattern`` as a regular expression.</doc>
<status status="PASS" start="2026-09-13T12:57:23.342594" elapsed="0.000473"/>
</kw>
<kw name="Should Match Regexp" owner="BuiltIn">
<arg>${lic}</arg>
<arg>(?m)^Addon License Level:\\s*dna-advantage</arg>
<doc>Fails if ``string`` does not match ``pattern`` as a regular expression.</doc>
<status status="PASS" start="2026-09-13T12:57:23.343177" elapsed="0.000449"/>
</kw>
<var name="${r}">hub2</var>
<status status="PASS" start="2026-09-13T12:57:22.833713" elapsed="0.509962"/>
</iter>
<iter>
<kw name="Show" owner="common">
<kw name="Router Host" owner="common">
<return>
<value>${ROUTERS}[${r}][host]</value>
<status status="PASS" start="2026-09-13T12:57:23.344462" elapsed="0.000144"/>
</return>
<msg time="2026-09-13T12:57:23.344771" level="INFO">${host} = 10.2.0.12</msg>
<var>${host}</var>
<arg>${r}</arg>
<status status="PASS" start="2026-09-13T12:57:23.344266" elapsed="0.000529"/>
</kw>
<kw name="Run Command" owner="LabLib">
<msg time="2026-09-13T12:57:23.851790" level="INFO" html="true">&lt;pre&gt;10.2.0.12# show version | include License Level
License Level: network-advantage
Addon License Level: dna-advantage&lt;/pre&gt;</msg>
<msg time="2026-09-13T12:57:23.851979" level="INFO">${out} = License Level: network-advantage
Addon License Level: dna-advantage</msg>
<var>${out}</var>
<arg>${host}</arg>
<arg>${command}</arg>
<arg>${timeout}</arg>
<doc>Run a show/exec command on a switch over SSH and return its output.</doc>
<status status="PASS" start="2026-09-13T12:57:23.344894" elapsed="0.507120"/>
</kw>
<return>
<value>${out}</value>
<status status="PASS" start="2026-09-13T12:57:23.852090" elapsed="0.000051"/>
</return>
<msg time="2026-09-13T12:57:23.852310" level="INFO">${lic} = License Level: network-advantage
Addon License Level: dna-advantage</msg>
<var>${lic}</var>
<arg>${r}</arg>
<arg>show version | include License Level</arg>
<doc>Run a show command on a router by name.</doc>
<status status="PASS" start="2026-09-13T12:57:23.343941" elapsed="0.508392"/>
</kw>
<kw name="Should Match Regexp" owner="BuiltIn">
<arg>${lic}</arg>
<arg>(?m)^License Level:\\s*network-advantage</arg>
<doc>Fails if ``string`` does not match ``pattern`` as a regular expression.</doc>
<status status="PASS" start="2026-09-13T12:57:23.852473" elapsed="0.000384"/>
</kw>
<kw name="Should Match Regexp" owner="BuiltIn">
<arg>${lic}</arg>
<arg>(?m)^Addon License Level:\\s*dna-advantage</arg>
<doc>Fails if ``string`` does not match ``pattern`` as a regular expression.</doc>
<status status="PASS" start="2026-09-13T12:57:23.852966" elapsed="0.000260"/>
</kw>
<var name="${r}">spoke1</var>
<status status="PASS" start="2026-09-13T12:57:23.343799" elapsed="0.509465"/>
</iter>
<iter>
<kw name="Show" owner="common">
<kw name="Router Host" owner="common">
<return>
<value>${ROUTERS}[${r}][host]</value>
<status status="PASS" start="2026-09-13T12:57:23.854040" elapsed="0.000031"/>
</return>
<msg time="2026-09-13T12:57:23.854205" level="INFO">${host} = 10.2.0.13</msg>
<var>${host}</var>
<arg>${r}</arg>
<status status="PASS" start="2026-09-13T12:57:23.853858" elapsed="0.000370"/>
</kw>
<kw name="Run Command" owner="LabLib">
<msg time="2026-09-13T12:57:24.350733" level="INFO" html="true">&lt;pre&gt;10.2.0.13# show version | include License Level
License Level: network-advantage
Addon License Level: dna-advantage&lt;/pre&gt;</msg>
<msg time="2026-09-13T12:57:24.350917" level="INFO">${out} = License Level: network-advantage
Addon License Level: dna-advantage</msg>
<var>${out}</var>
<arg>${host}</arg>
<arg>${command}</arg>
<arg>${timeout}</arg>
<doc>Run a show/exec command on a switch over SSH and return its output.</doc>
<status status="PASS" start="2026-09-13T12:57:23.854324" elapsed="0.496623"/>
</kw>
<return>
<value>${out}</value>
<status status="PASS" start="2026-09-13T12:57:24.351028" elapsed="0.000048"/>
</return>
<msg time="2026-09-13T12:57:24.351230" level="INFO">${lic} = License Level: network-advantage
Addon License Level: dna-advantage</msg>
<var>${lic}</var>
<arg>${r}</arg>
<arg>show version | include License Level</arg>
<doc>Run a show command on a router by name.</doc>
<status status="PASS" start="2026-09-13T12:57:23.853512" elapsed="0.497744"/>
</kw>
<kw name="Should Match Regexp" owner="BuiltIn">
<arg>${lic}</arg>
<arg>(?m)^License Level:\\s*network-advantage</arg>
<doc>Fails if ``string`` does not match ``pattern`` as a regular expression.</doc>
<status status="PASS" start="2026-09-13T12:57:24.351404" elapsed="0.000403"/>
</kw>
<kw name="Should Match Regexp" owner="BuiltIn">
<arg>${lic}</arg>
<arg>(?m)^Addon License Level:\\s*dna-advantage</arg>
<doc>Fails if ``string`` does not match ``pattern`` as a regular expression.</doc>
<status status="PASS" start="2026-09-13T12:57:24.351951" elapsed="0.000273"/>
</kw>
<var name="${r}">spoke2</var>
<status status="PASS" start="2026-09-13T12:57:23.853370" elapsed="0.498892"/>
</iter>
<iter>
<kw name="Show" owner="common">
<kw name="Router Host" owner="common">
<return>
<value>${ROUTERS}[${r}][host]</value>
<status status="PASS" start="2026-09-13T12:57:24.353028" elapsed="0.000032"/>
</return>
<msg time="2026-09-13T12:57:24.353204" level="INFO">${host} = 10.2.0.14</msg>
<var>${host}</var>
<arg>${r}</arg>
<status status="PASS" start="2026-09-13T12:57:24.352846" elapsed="0.000385"/>
</kw>
<kw name="Run Command" owner="LabLib">
<msg time="2026-09-13T12:57:24.862967" level="INFO" html="true">&lt;pre&gt;10.2.0.14# show version | include License Level
License Level: network-advantage
Addon License Level: dna-advantage&lt;/pre&gt;</msg>
<msg time="2026-09-13T12:57:24.863146" level="INFO">${out} = License Level: network-advantage
Addon License Level: dna-advantage</msg>
<var>${out}</var>
<arg>${host}</arg>
<arg>${command}</arg>
<arg>${timeout}</arg>
<doc>Run a show/exec command on a switch over SSH and return its output.</doc>
<status status="PASS" start="2026-09-13T12:57:24.353319" elapsed="0.509859"/>
</kw>
<return>
<value>${out}</value>
<status status="PASS" start="2026-09-13T12:57:24.863262" elapsed="0.000049"/>
</return>
<msg time="2026-09-13T12:57:24.863465" level="INFO">${lic} = License Level: network-advantage
Addon License Level: dna-advantage</msg>
<var>${lic}</var>
<arg>${r}</arg>
<arg>show version | include License Level</arg>
<doc>Run a show command on a router by name.</doc>
<status status="PASS" start="2026-09-13T12:57:24.352515" elapsed="0.510979"/>
</kw>
<kw name="Should Match Regexp" owner="BuiltIn">
<arg>${lic}</arg>
<arg>(?m)^License Level:\\s*network-advantage</arg>
<doc>Fails if ``string`` does not match ``pattern`` as a regular expression.</doc>
<status status="PASS" start="2026-09-13T12:57:24.863636" elapsed="0.000396"/>
</kw>
<kw name="Should Match Regexp" owner="BuiltIn">
<arg>${lic}</arg>
<arg>(?m)^Addon License Level:\\s*dna-advantage</arg>
<doc>Fails if ``string`` does not match ``pattern`` as a regular expression.</doc>
<status status="PASS" start="2026-09-13T12:57:24.864144" elapsed="0.000274"/>
</kw>
<var name="${r}">spoke3</var>
<status status="PASS" start="2026-09-13T12:57:24.352367" elapsed="0.512094"/>
</iter>
<var>${r}</var>
<value>@{ROUTER_NAMES}</value>
<status status="PASS" start="2026-09-13T12:57:22.323329" elapsed="2.541171"/>
</for>
<status status="PASS" start="2026-09-13T12:57:22.323000" elapsed="2.541602"/>
</test>
<test id="s1-s1-t4" name="AAA, SSH and VTY hardening from the NAC baseline" line="37">
<for flavor="IN">
<iter>
<kw name="Show" owner="common">
<kw name="Router Host" owner="common">
<return>
<value>${ROUTERS}[${r}][host]</value>
<status status="PASS" start="2026-09-13T12:57:24.865976" elapsed="0.000033"/>
</return>
<msg time="2026-09-13T12:57:24.866152" level="INFO">${host} = 10.2.0.11</msg>
<var>${host}</var>
<arg>${r}</arg>
<status status="PASS" start="2026-09-13T12:57:24.865792" elapsed="0.000388"/>
</kw>
<kw name="Run Command" owner="LabLib">
<msg time="2026-09-13T12:57:25.441339" level="INFO" html="true">&lt;pre&gt;10.2.0.11# show run | include ^aaa
aaa new-model
aaa authentication login default local
aaa authorization exec default local 
aaa session-id common&lt;/pre&gt;</msg>
<msg time="2026-09-13T12:57:25.441525" level="INFO">${out} = aaa new-model
aaa authentication login default local
aaa authorization exec default local 
aaa session-id common</msg>
<var>${out}</var>
<arg>${host}</arg>
<arg>${command}</arg>
<arg>${timeout}</arg>
<doc>Run a show/exec command on a switch over SSH and return its output.</doc>
<status status="PASS" start="2026-09-13T12:57:24.866276" elapsed="0.575279"/>
</kw>
<return>
<value>${out}</value>
<status status="PASS" start="2026-09-13T12:57:25.441632" elapsed="0.000046"/>
</return>
<msg time="2026-09-13T12:57:25.441841" level="INFO">${aaa} = aaa new-model
aaa authentication login default local
aaa authorization exec default local 
aaa session-id common</msg>
<var>${aaa}</var>
<arg>${r}</arg>
<arg>show run | include ^aaa</arg>
<doc>Run a show command on a router by name.</doc>
<status status="PASS" start="2026-09-13T12:57:24.865479" elapsed="0.576802"/>
</kw>
<kw name="Should Match Regexp" owner="BuiltIn">
<arg>${aaa}</arg>
<arg>(?m)^aaa new-model$</arg>
<doc>Fails if ``string`` does not match ``pattern`` as a regular expression.</doc>
<status status="PASS" start="2026-09-13T12:57:25.442449" elapsed="0.000434"/>
</kw>
<kw name="Should Match Regexp" owner="BuiltIn">
<arg>${aaa}</arg>
<arg>(?m)^aaa authentication login default local$</arg>
<doc>Fails if ``string`` does not match ``pattern`` as a regular expression.</doc>
<status status="PASS" start="2026-09-13T12:57:25.443265" elapsed="0.000350"/>
</kw>
<kw name="Should Match Regexp" owner="BuiltIn">
<arg>${aaa}</arg>
<arg>(?m)^aaa authorization exec default local\\s*$</arg>
<doc>Fails if ``string`` does not match ``pattern`` as a regular expression.</doc>
<status status="PASS" start="2026-09-13T12:57:25.443721" elapsed="0.000326"/>
</kw>
<kw name="Show" owner="common">
<kw name="Router Host" owner="common">
<return>
<value>${ROUTERS}[${r}][host]</value>
<status status="PASS" start="2026-09-13T12:57:25.444838" elapsed="0.000040"/>
</return>
<msg time="2026-09-13T12:57:25.445150" level="INFO">${host} = 10.2.0.11</msg>
<var>${host}</var>
<arg>${r}</arg>
<status status="PASS" start="2026-09-13T12:57:25.444529" elapsed="0.000648"/>
</kw>
<kw name="Run Command" owner="LabLib">
<msg time="2026-09-13T12:57:25.932322" level="INFO" html="true">&lt;pre&gt;10.2.0.11# show ip ssh
SSH Enabled - version 2.0
Authentication methods:publickey,keyboard-interactive,password
Authentication Publickey Algorithms:ssh-rsa,ecdsa-sha2-nistp256,ecdsa-sha2-nistp384,ecdsa-sha2-nistp521,ssh-ed25519,x509v3-ecdsa-sha2-nistp256,x509v3-ecdsa-sha2-nistp384,x509v3-ecdsa-sha2-nistp521,rsa-sha2-256,rsa-sha2-512,x509v3-rsa2048-sha256
Hostkey Algorithms:ecdsa-sha2-nistp256,ecdsa-sha2-nistp384,ecdsa-sha2-nistp521,rsa-sha2-512,rsa-sha2-256,ssh-rsa
Encryption Algorithms:chacha20-poly1305@openssh.com,aes128-gcm@openssh.com,aes256-gcm@openssh.com,aes128-gcm,aes256-gcm,aes128-ctr,aes192-ctr,aes256-ctr
MAC Algorithms:hmac-sha2-256-etm@openssh.com,hmac-sha2-512-etm@openssh.com,hmac-sha2-256,hmac-sha2-512
KEX Algorithms:curve25519-sha256,curve25519-sha256@libssh.org,ecdh-sha2-nistp256,ecdh-sha2-nistp384,ecdh-sha2-nistp521,diffie-hellman-group14-sha256,diffie-hellman-group16-sha512
Authentication timeout: 60 secs; Authentication retries: 3
Minimum expected Diffie Hellman key size : 2048 bits
IOS Keys in SECSH format(ssh-rsa, base64 encoded): SSH-KEY
Modulus Size : 2048 bits
ssh-rsa AAAAB3NzaC1yc2EAAAADAQABAAABAQCVl2c6qPqUzwa1UU4T5+fEt1xmPgwi2nbsWqp5fphD
CnoOJn2Ohs+Qme9wt9onN2zAIYMthgWJThkBKb5cthhKNoChWSkTfkBU5a4csUU4htka8ry0oyAPiPUz
qDVDVxTvg5CqXs59kT3n/RlH2RZk3AEYF5HU8rZqGOJdjmstNWS06eiO7wzJg/U4BcVdiTa9UoufQhYJ
hRYcdJQszpt36evEktQ+34nPi9tb2iqxV/ivBqInmiLl2VHeqke+MfCYWmIW3IMwktW97MNAeviAnaL0
qCP6girxQocrUQYwRSh1O2bSLtEDImY0uou4RXi7N0B5bjEpreI+oj7/fT3D                    
IOS Keys in SECSH format(ssh-ec, base64 encoded): NONE&lt;/pre&gt;</msg>
<msg time="2026-09-13T12:57:25.932598" level="INFO">${out} = SSH Enabled - version 2.0
Authentication methods:publickey,keyboard-interactive,password
Authentication Publickey Algorithms:ssh-rsa,ecdsa-sha2-nistp256,ecdsa-sha2-nistp384,ecdsa-sha2-nistp521,ssh-ed2...</msg>
<var>${out}</var>
<arg>${host}</arg>
<arg>${command}</arg>
<arg>${timeout}</arg>
<doc>Run a show/exec command on a switch over SSH and return its output.</doc>
<status status="PASS" start="2026-09-13T12:57:25.445272" elapsed="0.487356"/>
</kw>
<return>
<value>${out}</value>
<status status="PASS" start="2026-09-13T12:57:25.932727" elapsed="0.000047"/>
</return>
<msg time="2026-09-13T12:57:25.933055" level="INFO">${ssh} = SSH Enabled - version 2.0
Authentication methods:publickey,keyboard-interactive,password
Authentication Publickey Algorithms:ssh-rsa,ecdsa-sha2-nistp256,ecdsa-sha2-nistp384,ecdsa-sha2-nistp521,ssh-ed2...</msg>
<var>${ssh}</var>
<arg>${r}</arg>
<arg>show ip ssh</arg>
<doc>Run a show command on a router by name.</doc>
<status status="PASS" start="2026-09-13T12:57:25.444215" elapsed="0.488870"/>
</kw>
<kw name="Should Contain" owner="BuiltIn">
<arg>${ssh}</arg>
<arg>SSH Enabled - version 2.0</arg>
<doc>Fails if ``container`` does not contain ``item`` one or more times.</doc>
<status status="PASS" start="2026-09-13T12:57:25.933292" elapsed="0.000504"/>
</kw>
<kw name="Should Contain" owner="BuiltIn">
<arg>${ssh}</arg>
<arg>Authentication timeout: 60 secs; Authentication retries: 3</arg>
<doc>Fails if ``container`` does not contain ``item`` one or more times.</doc>
<status status="PASS" start="2026-09-13T12:57:25.933904" elapsed="0.000416"/>
</kw>
<kw name="Show" owner="common">
<kw name="Router Host" owner="common">
<return>
<value>${ROUTERS}[${r}][host]</value>
<status status="PASS" start="2026-09-13T12:57:25.935216" elapsed="0.000038"/>
</return>
<msg time="2026-09-13T12:57:25.935402" level="INFO">${host} = 10.2.0.11</msg>
<var>${host}</var>
<arg>${r}</arg>
<status status="PASS" start="2026-09-13T12:57:25.934815" elapsed="0.000613"/>
</kw>
<kw name="Run Command" owner="LabLib">
<msg time="2026-09-13T12:57:26.543482" level="INFO" html="true">&lt;pre&gt;10.2.0.11# show run | section ^line vty
line vty 0 4
 access-class MGMT-ACCESS in vrf-also
 activation-character 13
 logging synchronous
 transport input ssh&lt;/pre&gt;</msg>
<msg time="2026-09-13T12:57:26.543660" level="INFO">${out} = line vty 0 4
 access-class MGMT-ACCESS in vrf-also
 activation-character 13
 logging synchronous
 transport input ssh</msg>
<var>${out}</var>
<arg>${host}</arg>
<arg>${command}</arg>
<arg>${timeout}</arg>
<doc>Run a show/exec command on a switch over SSH and return its output.</doc>
<status status="PASS" start="2026-09-13T12:57:25.935527" elapsed="0.608237"/>
</kw>
<return>
<value>${out}</value>
<status status="PASS" start="2026-09-13T12:57:26.543950" elapsed="0.000059"/>
</return>
<msg time="2026-09-13T12:57:26.544175" level="INFO">${vty} = line vty 0 4
 access-class MGMT-ACCESS in vrf-also
 activation-character 13
 logging synchronous
 transport input ssh</msg>
<var>${vty}</var>
<arg>${r}</arg>
<arg>show run | section ^line vty</arg>
<doc>Run a show command on a router by name.</doc>
<status status="PASS" start="2026-09-13T12:57:25.934490" elapsed="0.609712"/>
</kw>
<kw name="Should Contain" owner="BuiltIn">
<arg>${vty}</arg>
<arg>transport input ssh</arg>
<doc>Fails if ``container`` does not contain ``item`` one or more times.</doc>
<status status="PASS" start="2026-09-13T12:57:26.544358" elapsed="0.000401"/>
</kw>
<kw name="Should Contain" owner="BuiltIn">
<arg>${vty}</arg>
<arg>access-class ${MGMT_ACL} in vrf-also</arg>
<doc>Fails if ``container`` does not contain ``item`` one or more times.</doc>
<status status="PASS" start="2026-09-13T12:57:26.544877" elapsed="0.000323"/>
</kw>
<kw name="Show" owner="common">
<kw name="Router Host" owner="common">
<return>
<value>${ROUTERS}[${r}][host]</value>
<status status="PASS" start="2026-09-13T12:57:26.545941" elapsed="0.000040"/>
</return>
<msg time="2026-09-13T12:57:26.546128" level="INFO">${host} = 10.2.0.11</msg>
<var>${host}</var>
<arg>${r}</arg>
<status status="PASS" start="2026-09-13T12:57:26.545755" elapsed="0.000396"/>
</kw>
<kw name="Run Command" owner="LabLib">
<msg time="2026-09-13T12:57:27.073273" level="INFO" html="true">&lt;pre&gt;10.2.0.11# show ip access-lists MGMT-ACCESS
Standard IP access list MGMT-ACCESS
    20 permit 10.2.0.0, wildcard bits 0.0.0.255 (250 matches)
    30 deny   any log&lt;/pre&gt;</msg>
<msg time="2026-09-13T12:57:27.073475" level="INFO">${out} = Standard IP access list MGMT-ACCESS
    20 permit 10.2.0.0, wildcard bits 0.0.0.255 (250 matches)
    30 deny   any log</msg>
<var>${out}</var>
<arg>${host}</arg>
<arg>${command}</arg>
<arg>${timeout}</arg>
<doc>Run a show/exec command on a switch over SSH and return its output.</doc>
<status status="PASS" start="2026-09-13T12:57:26.546253" elapsed="0.527253"/>
</kw>
<return>
<value>${out}</value>
<status status="PASS" start="2026-09-13T12:57:27.073587" elapsed="0.000045"/>
</return>
<msg time="2026-09-13T12:57:27.073795" level="INFO">${acl} = Standard IP access list MGMT-ACCESS
    20 permit 10.2.0.0, wildcard bits 0.0.0.255 (250 matches)
    30 deny   any log</msg>
<var>${acl}</var>
<arg>${r}</arg>
<arg>show ip access-lists ${MGMT_ACL}</arg>
<doc>Run a show command on a router by name.</doc>
<status status="PASS" start="2026-09-13T12:57:26.545382" elapsed="0.528440"/>
</kw>
<kw name="Should Match Regexp" owner="BuiltIn">
<arg>${acl}</arg>
<arg>20 permit 10\\.2\\.0\\.0, wildcard bits 0\\.0\\.0\\.255</arg>
<doc>Fails if ``string`` does not match ``pattern`` as a regular expression.</doc>
<status status="PASS" start="2026-09-13T12:57:27.074104" elapsed="0.000460"/>
</kw>
<kw name="Show" owner="common">
<kw name="Router Host" owner="common">
<return>
<value>${ROUTERS}[${r}][host]</value>
<status status="PASS" start="2026-09-13T12:57:27.075852" elapsed="0.000032"/>
</return>
<msg time="2026-09-13T12:57:27.076028" level="INFO">${host} = 10.2.0.11</msg>
<var>${host}</var>
<arg>${r}</arg>
<status status="PASS" start="2026-09-13T12:57:27.075631" elapsed="0.000424"/>
</kw>
<kw name="Run Command" owner="LabLib">
<msg time="2026-09-13T12:57:27.693539" level="INFO" html="true">&lt;pre&gt;10.2.0.11# show run | section ^banner motd
banner motd ^CC8000v IPsec VTI lab - managed by Network-as-Code (Terraform).^C&lt;/pre&gt;</msg>
<msg time="2026-09-13T12:57:27.693752" level="INFO">${out} = banner motd ^CC8000v IPsec VTI lab - managed by Network-as-Code (Terraform).^C</msg>
<var>${out}</var>
<arg>${host}</arg>
<arg>${command}</arg>
<arg>${timeout}</arg>
<doc>Run a show/exec command on a switch over SSH and return its output.</doc>
<status status="PASS" start="2026-09-13T12:57:27.076149" elapsed="0.617643"/>
</kw>
<return>
<value>${out}</value>
<status status="PASS" start="2026-09-13T12:57:27.693890" elapsed="0.000056"/>
</return>
<msg time="2026-09-13T12:57:27.694140" level="INFO">${banner} = banner motd ^CC8000v IPsec VTI lab - managed by Network-as-Code (Terraform).^C</msg>
<var>${banner}</var>
<arg>${r}</arg>
<arg>show run | section ^banner motd</arg>
<doc>Run a show command on a router by name.</doc>
<status status="PASS" start="2026-09-13T12:57:27.075274" elapsed="0.618899"/>
</kw>
<kw name="Should Contain" owner="BuiltIn">
<arg>${banner}</arg>
<arg>${BANNER_TEXT}</arg>
<doc>Fails if ``container`` does not contain ``item`` one or more times.</doc>
<status status="PASS" start="2026-09-13T12:57:27.694348" elapsed="0.000516"/>
</kw>
<var name="${r}">hub</var>
<status status="PASS" start="2026-09-13T12:57:24.865337" elapsed="2.829579"/>
</iter>
<iter>
<kw name="Show" owner="common">
<kw name="Router Host" owner="common">
<return>
<value>${ROUTERS}[${r}][host]</value>
<status status="PASS" start="2026-09-13T12:57:27.696029" elapsed="0.000040"/>
</return>
<msg time="2026-09-13T12:57:27.696257" level="INFO">${host} = 10.2.0.15</msg>
<var>${host}</var>
<arg>${r}</arg>
<status status="PASS" start="2026-09-13T12:57:27.695785" elapsed="0.000506"/>
</kw>
<kw name="Run Command" owner="LabLib">
<msg time="2026-09-13T12:57:28.269174" level="INFO" html="true">&lt;pre&gt;10.2.0.15# show run | include ^aaa
aaa new-model
aaa authentication login default local
aaa authorization exec default local 
aaa session-id common&lt;/pre&gt;</msg>
<msg time="2026-09-13T12:57:28.269364" level="INFO">${out} = aaa new-model
aaa authentication login default local
aaa authorization exec default local 
aaa session-id common</msg>
<var>${out}</var>
<arg>${host}</arg>
<arg>${command}</arg>
<arg>${timeout}</arg>
<doc>Run a show/exec command on a switch over SSH and return its output.</doc>
<status status="PASS" start="2026-09-13T12:57:27.696432" elapsed="0.572962"/>
</kw>
<return>
<value>${out}</value>
<status status="PASS" start="2026-09-13T12:57:28.269476" elapsed="0.000050"/>
</return>
<msg time="2026-09-13T12:57:28.269721" level="INFO">${aaa} = aaa new-model
aaa authentication login default local
aaa authorization exec default local 
aaa session-id common</msg>
<var>${aaa}</var>
<arg>${r}</arg>
<arg>show run | include ^aaa</arg>
<doc>Run a show command on a router by name.</doc>
<status status="PASS" start="2026-09-13T12:57:27.695349" elapsed="0.574396"/>
</kw>
<kw name="Should Match Regexp" owner="BuiltIn">
<arg>${aaa}</arg>
<arg>(?m)^aaa new-model$</arg>
<doc>Fails if ``string`` does not match ``pattern`` as a regular expression.</doc>
<status status="PASS" start="2026-09-13T12:57:28.269889" elapsed="0.000378"/>
</kw>
<kw name="Should Match Regexp" owner="BuiltIn">
<arg>${aaa}</arg>
<arg>(?m)^aaa authentication login default local$</arg>
<doc>Fails if ``string`` does not match ``pattern`` as a regular expression.</doc>
<status status="PASS" start="2026-09-13T12:57:28.270377" elapsed="0.000260"/>
</kw>
<kw name="Should Match Regexp" owner="BuiltIn">
<arg>${aaa}</arg>
<arg>(?m)^aaa authorization exec default local\\s*$</arg>
<doc>Fails if ``string`` does not match ``pattern`` as a regular expression.</doc>
<status status="PASS" start="2026-09-13T12:57:28.270746" elapsed="0.000247"/>
</kw>
<kw name="Show" owner="common">
<kw name="Router Host" owner="common">
<return>
<value>${ROUTERS}[${r}][host]</value>
<status status="PASS" start="2026-09-13T12:57:28.271666" elapsed="0.000042"/>
</return>
<msg time="2026-09-13T12:57:28.271855" level="INFO">${host} = 10.2.0.15</msg>
<var>${host}</var>
<arg>${r}</arg>
<status status="PASS" start="2026-09-13T12:57:28.271492" elapsed="0.000385"/>
</kw>
<kw name="Run Command" owner="LabLib">
<msg time="2026-09-13T12:57:28.768355" level="INFO" html="true">&lt;pre&gt;10.2.0.15# show ip ssh
SSH Enabled - version 2.0
Authentication methods:publickey,keyboard-interactive,password
Authentication Publickey Algorithms:ssh-rsa,ecdsa-sha2-nistp256,ecdsa-sha2-nistp384,ecdsa-sha2-nistp521,ssh-ed25519,x509v3-ecdsa-sha2-nistp256,x509v3-ecdsa-sha2-nistp384,x509v3-ecdsa-sha2-nistp521,rsa-sha2-256,rsa-sha2-512,x509v3-rsa2048-sha256
Hostkey Algorithms:ecdsa-sha2-nistp256,ecdsa-sha2-nistp384,ecdsa-sha2-nistp521,rsa-sha2-512,rsa-sha2-256,ssh-rsa
Encryption Algorithms:chacha20-poly1305@openssh.com,aes128-gcm@openssh.com,aes256-gcm@openssh.com,aes128-gcm,aes256-gcm,aes128-ctr,aes192-ctr,aes256-ctr
MAC Algorithms:hmac-sha2-256-etm@openssh.com,hmac-sha2-512-etm@openssh.com,hmac-sha2-256,hmac-sha2-512
KEX Algorithms:curve25519-sha256,curve25519-sha256@libssh.org,ecdh-sha2-nistp256,ecdh-sha2-nistp384,ecdh-sha2-nistp521,diffie-hellman-group14-sha256,diffie-hellman-group16-sha512
Authentication timeout: 60 secs; Authentication retries: 3
Minimum expected Diffie Hellman key size : 2048 bits
IOS Keys in SECSH format(ssh-rsa, base64 encoded): SSH-KEY
Modulus Size : 2048 bits
ssh-rsa AAAAB3NzaC1yc2EAAAADAQABAAABAQDGzPpWJcjAUu7xIxDhSilhGcSv/xjkafqMrIlakVFC
X0WsJ7ObV6wbnZ5+HvF6Olw2Y7ixDMCAiv8DN0hhEsXFz7F4igiytJHE6vB0BhgTHXrdlGrppNLnugUk
0pg3IW6/aXLXzkUNaAeiM82daGkWjg/umYfxUZ6gDyGChHXIdmeUb7trsFU4d5+A7VJqMnDjW51beHDz
2RR556YHxgdX4KAzZBH/4+K4rbR7MGUp4dH0hEvoTWPjhWtT8IwzTrOIxmnAcPfThaej0S8c3A+PZKZ7
I+M45wVScpIlPOIS3/PL2aUP/4hQU+2hj+ywytPXLE/Psv1JgTzTbtfVgqt9                    
IOS Keys in SECSH format(ssh-ec, base64 encoded): NONE&lt;/pre&gt;</msg>
<msg time="2026-09-13T12:57:28.768569" level="INFO">${out} = SSH Enabled - version 2.0
Authentication methods:publickey,keyboard-interactive,password
Authentication Publickey Algorithms:ssh-rsa,ecdsa-sha2-nistp256,ecdsa-sha2-nistp384,ecdsa-sha2-nistp521,ssh-ed2...</msg>
<var>${out}</var>
<arg>${host}</arg>
<arg>${command}</arg>
<arg>${timeout}</arg>
<doc>Run a show/exec command on a switch over SSH and return its output.</doc>
<status status="PASS" start="2026-09-13T12:57:28.271968" elapsed="0.496639"/>
</kw>
<return>
<value>${out}</value>
<status status="PASS" start="2026-09-13T12:57:28.768707" elapsed="0.000052"/>
</return>
<msg time="2026-09-13T12:57:28.768949" level="INFO">${ssh} = SSH Enabled - version 2.0
Authentication methods:publickey,keyboard-interactive,password
Authentication Publickey Algorithms:ssh-rsa,ecdsa-sha2-nistp256,ecdsa-sha2-nistp384,ecdsa-sha2-nistp521,ssh-ed2...</msg>
<var>${ssh}</var>
<arg>${r}</arg>
<arg>show ip ssh</arg>
<doc>Run a show command on a router by name.</doc>
<status status="PASS" start="2026-09-13T12:57:28.271168" elapsed="0.497812"/>
</kw>
<kw name="Should Contain" owner="BuiltIn">
<arg>${ssh}</arg>
<arg>SSH Enabled - version 2.0</arg>
<doc>Fails if ``container`` does not contain ``item`` one or more times.</doc>
<status status="PASS" start="2026-09-13T12:57:28.769127" elapsed="0.000308"/>
</kw>
<kw name="Should Contain" owner="BuiltIn">
<arg>${ssh}</arg>
<arg>Authentication timeout: 60 secs; Authentication retries: 3</arg>
<doc>Fails if ``container`` does not contain ``item`` one or more times.</doc>
<status status="PASS" start="2026-09-13T12:57:28.769555" elapsed="0.000278"/>
</kw>
<kw name="Show" owner="common">
<kw name="Router Host" owner="common">
<return>
<value>${ROUTERS}[${r}][host]</value>
<status status="PASS" start="2026-09-13T12:57:28.770488" elapsed="0.000031"/>
</return>
<msg time="2026-09-13T12:57:28.770625" level="INFO">${host} = 10.2.0.15</msg>
<var>${host}</var>
<arg>${r}</arg>
<status status="PASS" start="2026-09-13T12:57:28.770346" elapsed="0.000296"/>
</kw>
<kw name="Run Command" owner="LabLib">
<msg time="2026-09-13T12:57:29.342349" level="INFO" html="true">&lt;pre&gt;10.2.0.15# show run | section ^line vty
line vty 0 4
 access-class MGMT-ACCESS in vrf-also
[...]
<status status="PASS" start="2026-09-13T13:00:28.924291" elapsed="0.000752"/>
</iter>
<iter>
<kw name="Should Be True" owner="BuiltIn">
<arg>${row}[compliance]</arg>
<arg>msg=non-compliant: ${row}[device] ${row}[rule] missing=${row}[missing] extra=${row}[extra]</arg>
<doc>Fails if the given condition is not true.</doc>
<status status="PASS" start="2026-09-13T13:00:28.925235" elapsed="0.000728"/>
</kw>
<var name="${row}">{'id': 'e477024c-5c30-4f43-a53b-5a7c2cb4fd9a', 'object_type': 'nautobot_golden_config.configcompliance', 'display': 'spoke2 -&gt; cisco_xe - Management ACL -&gt; True', 'url': 'http://10.0.0.10:8080/api/plu...</var>
<status status="PASS" start="2026-09-13T13:00:28.925148" elapsed="0.000857"/>
</iter>
<iter>
<kw name="Should Be True" owner="BuiltIn">
<arg>${row}[compliance]</arg>
<arg>msg=non-compliant: ${row}[device] ${row}[rule] missing=${row}[missing] extra=${row}[extra]</arg>
<doc>Fails if the given condition is not true.</doc>
<status status="PASS" start="2026-09-13T13:00:28.926176" elapsed="0.000621"/>
</kw>
<var name="${row}">{'id': '946eea56-6831-4ee0-84a6-078694c9414a', 'object_type': 'nautobot_golden_config.configcompliance', 'display': 'spoke2 -&gt; cisco_xe - Management interface -&gt; True', 'url': 'http://10.0.0.10:8080/a...</var>
<status status="PASS" start="2026-09-13T13:00:28.926102" elapsed="0.000737"/>
</iter>
<iter>
<kw name="Should Be True" owner="BuiltIn">
<arg>${row}[compliance]</arg>
<arg>msg=non-compliant: ${row}[device] ${row}[rule] missing=${row}[missing] extra=${row}[extra]</arg>
<doc>Fails if the given condition is not true.</doc>
<status status="PASS" start="2026-09-13T13:00:28.927022" elapsed="0.000778"/>
</kw>
<var name="${row}">{'id': '6db19c14-8383-41b9-a7bf-793a876f6868', 'object_type': 'nautobot_golden_config.configcompliance', 'display': 'spoke2 -&gt; cisco_xe - NTP -&gt; True', 'url': 'http://10.0.0.10:8080/api/plugins/golden...</var>
<status status="PASS" start="2026-09-13T13:00:28.926939" elapsed="0.000907"/>
</iter>
<iter>
<kw name="Should Be True" owner="BuiltIn">
<arg>${row}[compliance]</arg>
<arg>msg=non-compliant: ${row}[device] ${row}[rule] missing=${row}[missing] extra=${row}[extra]</arg>
<doc>Fails if the given condition is not true.</doc>
<status status="PASS" start="2026-09-13T13:00:28.928044" elapsed="0.000465"/>
</kw>
<var name="${row}">{'id': '43b395ed-8b20-4391-b716-e7e1d48d45a3', 'object_type': 'nautobot_golden_config.configcompliance', 'display': 'spoke2 -&gt; cisco_xe - Port-channel -&gt; True', 'url': 'http://10.0.0.10:8080/api/plugi...</var>
<status status="PASS" start="2026-09-13T13:00:28.927964" elapsed="0.000584"/>
</iter>
<iter>
<kw name="Should Be True" owner="BuiltIn">
<arg>${row}[compliance]</arg>
<arg>msg=non-compliant: ${row}[device] ${row}[rule] missing=${row}[missing] extra=${row}[extra]</arg>
<doc>Fails if the given condition is not true.</doc>
<status status="PASS" start="2026-09-13T13:00:28.928798" elapsed="0.000425"/>
</kw>
<var name="${row}">{'id': 'a16a382a-52ec-475c-a1c4-99b6a95cbe84', 'object_type': 'nautobot_golden_config.configcompliance', 'display': 'spoke2 -&gt; cisco_xe - SNMP -&gt; True', 'url': 'http://10.0.0.10:8080/api/plugins/golde...</var>
<status status="PASS" start="2026-09-13T13:00:28.928642" elapsed="0.000626"/>
</iter>
<iter>
<kw name="Should Be True" owner="BuiltIn">
<arg>${row}[compliance]</arg>
<arg>msg=non-compliant: ${row}[device] ${row}[rule] missing=${row}[missing] extra=${row}[extra]</arg>
<doc>Fails if the given condition is not true.</doc>
<status status="PASS" start="2026-09-13T13:00:28.929838" elapsed="0.000392"/>
</kw>
<var name="${row}">{'id': 'f56e4f40-6aff-4f4d-89ef-ed3028e7f7d7', 'object_type': 'nautobot_golden_config.configcompliance', 'display': 'spoke2 -&gt; cisco_xe - SVIs -&gt; True', 'url': 'http://10.0.0.10:8080/api/plugins/golde...</var>
<status status="PASS" start="2026-09-13T13:00:28.929384" elapsed="0.000885"/>
</iter>
<iter>
<kw name="Should Be True" owner="BuiltIn">
<arg>${row}[compliance]</arg>
<arg>msg=non-compliant: ${row}[device] ${row}[rule] missing=${row}[missing] extra=${row}[extra]</arg>
<doc>Fails if the given condition is not true.</doc>
<status status="PASS" start="2026-09-13T13:00:28.930517" elapsed="0.000610"/>
</kw>
<var name="${row}">{'id': '41e0c15a-babd-46e0-8f0d-135996112672', 'object_type': 'nautobot_golden_config.configcompliance', 'display': 'spoke2 -&gt; cisco_xe - Static routes -&gt; True', 'url': 'http://10.0.0.10:8080/api/plug...</var>
<status status="PASS" start="2026-09-13T13:00:28.930359" elapsed="0.000811"/>
</iter>
<iter>
<kw name="Should Be True" owner="BuiltIn">
<arg>${row}[compliance]</arg>
<arg>msg=non-compliant: ${row}[device] ${row}[rule] missing=${row}[missing] extra=${row}[extra]</arg>
<doc>Fails if the given condition is not true.</doc>
<status status="PASS" start="2026-09-13T13:00:28.931350" elapsed="0.000588"/>
</kw>
<var name="${row}">{'id': '026f2121-4acf-4fef-92e6-07dc4b9e00df', 'object_type': 'nautobot_golden_config.configcompliance', 'display': 'spoke2 -&gt; cisco_xe - Syslog -&gt; True', 'url': 'http://10.0.0.10:8080/api/plugins/gol...</var>
<status status="PASS" start="2026-09-13T13:00:28.931272" elapsed="0.000707"/>
</iter>
<iter>
<kw name="Should Be True" owner="BuiltIn">
<arg>${row}[compliance]</arg>
<arg>msg=non-compliant: ${row}[device] ${row}[rule] missing=${row}[missing] extra=${row}[extra]</arg>
<doc>Fails if the given condition is not true.</doc>
<status status="PASS" start="2026-09-13T13:00:28.932146" elapsed="0.000767"/>
</kw>
<var name="${row}">{'id': 'ae1cb3c4-a35b-49a7-8370-17f792e1e0b4', 'object_type': 'nautobot_golden_config.configcompliance', 'display': 'spoke2 -&gt; cisco_xe - VLAN database -&gt; True', 'url': 'http://10.0.0.10:8080/api/plug...</var>
<status status="PASS" start="2026-09-13T13:00:28.932069" elapsed="0.000884"/>
</iter>
<iter>
<kw name="Should Be True" owner="BuiltIn">
<arg>${row}[compliance]</arg>
<arg>msg=non-compliant: ${row}[device] ${row}[rule] missing=${row}[missing] extra=${row}[extra]</arg>
<doc>Fails if the given condition is not true.</doc>
<status status="PASS" start="2026-09-13T13:00:28.933127" elapsed="0.000485"/>
</kw>
<var name="${row}">{'id': 'd0e13761-ba0a-41f9-ad64-4111f0201751', 'object_type': 'nautobot_golden_config.configcompliance', 'display': 'spoke2 -&gt; cisco_xe - VRF definitions -&gt; True', 'url': 'http://10.0.0.10:8080/api/pl...</var>
<status status="PASS" start="2026-09-13T13:00:28.933053" elapsed="0.000705"/>
</iter>
<iter>
<kw name="Should Be True" owner="BuiltIn">
<arg>${row}[compliance]</arg>
<arg>msg=non-compliant: ${row}[device] ${row}[rule] missing=${row}[missing] extra=${row}[extra]</arg>
<doc>Fails if the given condition is not true.</doc>
<status status="PASS" start="2026-09-13T13:00:28.933932" elapsed="0.000412"/>
</kw>
<var name="${row}">{'id': '2f22b09e-7117-4f17-b9f1-9db1c1d73836', 'object_type': 'nautobot_golden_config.configcompliance', 'display': 'spoke2 -&gt; cisco_xe - WAN interface -&gt; True', 'url': 'http://10.0.0.10:8080/api/plug...</var>
<status status="PASS" start="2026-09-13T13:00:28.933859" elapsed="0.000527"/>
</iter>
<iter>
<kw name="Should Be True" owner="BuiltIn">
<arg>${row}[compliance]</arg>
<arg>msg=non-compliant: ${row}[device] ${row}[rule] missing=${row}[missing] extra=${row}[extra]</arg>
<doc>Fails if the given condition is not true.</doc>
<status status="PASS" start="2026-09-13T13:00:28.934902" elapsed="0.000383"/>
</kw>
<var name="${row}">{'id': '7db17562-7c39-4973-a4d1-c4be4c5bf5fa', 'object_type': 'nautobot_golden_config.configcompliance', 'display': 'spoke3 -&gt; cisco_xe - BGP -&gt; True', 'url': 'http://10.0.0.10:8080/api/plugins/golden...</var>
<status status="PASS" start="2026-09-13T13:00:28.934824" elapsed="0.000504"/>
</iter>
<iter>
<kw name="Should Be True" owner="BuiltIn">
<arg>${row}[compliance]</arg>
<arg>msg=non-compliant: ${row}[device] ${row}[rule] missing=${row}[missing] extra=${row}[extra]</arg>
<doc>Fails if the given condition is not true.</doc>
<status status="PASS" start="2026-09-13T13:00:28.935590" elapsed="0.000494"/>
</kw>
<var name="${row}">{'id': '72b2e0e9-fd4e-4536-bc47-a4dbdb14897b', 'object_type': 'nautobot_golden_config.configcompliance', 'display': 'spoke3 -&gt; cisco_xe - BGP policy -&gt; True', 'url': 'http://10.0.0.10:8080/api/plugins...</var>
<status status="PASS" start="2026-09-13T13:00:28.935510" elapsed="0.000611"/>
</iter>
<iter>
<kw name="Should Be True" owner="BuiltIn">
<arg>${row}[compliance]</arg>
<arg>msg=non-compliant: ${row}[device] ${row}[rule] missing=${row}[missing] extra=${row}[extra]</arg>
<doc>Fails if the given condition is not true.</doc>
<status status="PASS" start="2026-09-13T13:00:28.936284" elapsed="0.000942"/>
</kw>
<var name="${row}">{'id': 'b5317382-6ad5-44ee-954b-5f1aada6f590', 'object_type': 'nautobot_golden_config.configcompliance', 'display': 'spoke3 -&gt; cisco_xe - Banner -&gt; True', 'url': 'http://10.0.0.10:8080/api/plugins/gol...</var>
<status status="PASS" start="2026-09-13T13:00:28.936211" elapsed="0.001059"/>
</iter>
<iter>
<kw name="Should Be True" owner="BuiltIn">
<arg>${row}[compliance]</arg>
<arg>msg=non-compliant: ${row}[device] ${row}[rule] missing=${row}[missing] extra=${row}[extra]</arg>
<doc>Fails if the given condition is not true.</doc>
<status status="PASS" start="2026-09-13T13:00:28.937548" elapsed="0.000587"/>
</kw>
<var name="${row}">{'id': '575eb7f0-c32a-4e46-a715-be8b8d1a76d2', 'object_type': 'nautobot_golden_config.configcompliance', 'display': 'spoke3 -&gt; cisco_xe - DMVPN tunnel -&gt; True', 'url': 'http://10.0.0.10:8080/api/plugi...</var>
<status status="PASS" start="2026-09-13T13:00:28.937376" elapsed="0.000796"/>
</iter>
<iter>
<kw name="Should Be True" owner="BuiltIn">
<arg>${row}[compliance]</arg>
<arg>msg=non-compliant: ${row}[device] ${row}[rule] missing=${row}[missing] extra=${row}[extra]</arg>
<doc>Fails if the given condition is not true.</doc>
<status status="PASS" start="2026-09-13T13:00:28.938337" elapsed="0.000666"/>
</kw>
<var name="${row}">{'id': '6f59175f-d329-488a-9772-179dcd1f0613', 'object_type': 'nautobot_golden_config.configcompliance', 'display': 'spoke3 -&gt; cisco_xe - IKEv2/IPsec -&gt; True', 'url': 'http://10.0.0.10:8080/api/plugin...</var>
<status status="PASS" start="2026-09-13T13:00:28.938267" elapsed="0.000774"/>
</iter>
<iter>
<kw name="Should Be True" owner="BuiltIn">
<arg>${row}[compliance]</arg>
<arg>msg=non-compliant: ${row}[device] ${row}[rule] missing=${row}[missing] extra=${row}[extra]</arg>
<doc>Fails if the given condition is not true.</doc>
<status status="PASS" start="2026-09-13T13:00:28.939226" elapsed="0.000656"/>
</kw>
<var name="${row}">{'id': 'd8a2c715-77a2-4297-bff7-7c976a0d8e67', 'object_type': 'nautobot_golden_config.configcompliance', 'display': 'spoke3 -&gt; cisco_xe - Loopbacks -&gt; True', 'url': 'http://10.0.0.10:8080/api/plugins/...</var>
<status status="PASS" start="2026-09-13T13:00:28.939152" elapsed="0.000771"/>
</iter>
<iter>
<kw name="Should Be True" owner="BuiltIn">
<arg>${row}[compliance]</arg>
<arg>msg=non-compliant: ${row}[device] ${row}[rule] missing=${row}[missing] extra=${row}[extra]</arg>
<doc>Fails if the given condition is not true.</doc>
<status status="PASS" start="2026-09-13T13:00:28.940090" elapsed="0.000480"/>
</kw>
<var name="${row}">{'id': 'd7a9e4aa-24b3-4066-9a4a-a6724d26b727', 'object_type': 'nautobot_golden_config.configcompliance', 'display': 'spoke3 -&gt; cisco_xe - Management ACL -&gt; True', 'url': 'http://10.0.0.10:8080/api/plu...</var>
<status status="PASS" start="2026-09-13T13:00:28.940017" elapsed="0.000596"/>
</iter>
<iter>
<kw name="Should Be True" owner="BuiltIn">
<arg>${row}[compliance]</arg>
<arg>msg=non-compliant: ${row}[device] ${row}[rule] missing=${row}[missing] extra=${row}[extra]</arg>
<doc>Fails if the given condition is not true.</doc>
<status status="PASS" start="2026-09-13T13:00:28.947948" elapsed="0.000896"/>
</kw>
<var name="${row}">{'id': '5c44d443-edff-4057-83a3-ee05333eee85', 'object_type': 'nautobot_golden_config.configcompliance', 'display': 'spoke3 -&gt; cisco_xe - Management interface -&gt; True', 'url': 'http://10.0.0.10:8080/a...</var>
<status status="PASS" start="2026-09-13T13:00:28.947773" elapsed="0.001126"/>
</iter>
<iter>
<kw name="Should Be True" owner="BuiltIn">
<arg>${row}[compliance]</arg>
<arg>msg=non-compliant: ${row}[device] ${row}[rule] missing=${row}[missing] extra=${row}[extra]</arg>
<doc>Fails if the given condition is not true.</doc>
<status status="PASS" start="2026-09-13T13:00:28.949128" elapsed="0.000443"/>
</kw>
<var name="${row}">{'id': '8f858ab5-24a8-40b4-802c-9dcae5b5a67f', 'object_type': 'nautobot_golden_config.configcompliance', 'display': 'spoke3 -&gt; cisco_xe - NTP -&gt; True', 'url': 'http://10.0.0.10:8080/api/plugins/golden...</var>
<status status="PASS" start="2026-09-13T13:00:28.949023" elapsed="0.000590"/>
</iter>
<iter>
<kw name="Should Be True" owner="BuiltIn">
<arg>${row}[compliance]</arg>
<arg>msg=non-compliant: ${row}[device] ${row}[rule] missing=${row}[missing] extra=${row}[extra]</arg>
<doc>Fails if the given condition is not true.</doc>
<status status="PASS" start="2026-09-13T13:00:28.949916" elapsed="0.000383"/>
</kw>
<var name="${row}">{'id': 'dc26d98f-ec1d-4de4-8f6d-6276dbc591d2', 'object_type': 'nautobot_golden_config.configcompliance', 'display': 'spoke3 -&gt; cisco_xe - Port-channel -&gt; True', 'url': 'http://10.0.0.10:8080/api/plugi...</var>
<status status="PASS" start="2026-09-13T13:00:28.949816" elapsed="0.000519"/>
</iter>
<iter>
<kw name="Should Be True" owner="BuiltIn">
<arg>${row}[compliance]</arg>
<arg>msg=non-compliant: ${row}[device] ${row}[rule] missing=${row}[missing] extra=${row}[extra]</arg>
<doc>Fails if the given condition is not true.</doc>
<status status="PASS" start="2026-09-13T13:00:28.950513" elapsed="0.000583"/>
</kw>
<var name="${row}">{'id': 'aa489495-5cba-4483-9683-63c4611bd20a', 'object_type': 'nautobot_golden_config.configcompliance', 'display': 'spoke3 -&gt; cisco_xe - SNMP -&gt; True', 'url': 'http://10.0.0.10:8080/api/plugins/golde...</var>
<status status="PASS" start="2026-09-13T13:00:28.950432" elapsed="0.000701"/>
</iter>
<iter>
<kw name="Should Be True" owner="BuiltIn">
<arg>${row}[compliance]</arg>
<arg>msg=non-compliant: ${row}[device] ${row}[rule] missing=${row}[missing] extra=${row}[extra]</arg>
<doc>Fails if the given condition is not true.</doc>
<status status="PASS" start="2026-09-13T13:00:28.951298" elapsed="0.000569"/>
</kw>
<var name="${row}">{'id': '5f85b0c5-c930-4caa-b8f1-4837c74490f3', 'object_type': 'nautobot_golden_config.configcompliance', 'display': 'spoke3 -&gt; cisco_xe - SVIs -&gt; True', 'url': 'http://10.0.0.10:8080/api/plugins/golde...</var>
<status status="PASS" start="2026-09-13T13:00:28.951221" elapsed="0.000686"/>
</iter>
<iter>
<kw name="Should Be True" owner="BuiltIn">
<arg>${row}[compliance]</arg>
<arg>msg=non-compliant: ${row}[device] ${row}[rule] missing=${row}[missing] extra=${row}[extra]</arg>
<doc>Fails if the given condition is not true.</doc>
<status status="PASS" start="2026-09-13T13:00:28.952084" elapsed="0.000454"/>
</kw>
<var name="${row}">{'id': '7f1f0e6f-d511-4ebe-a288-b495c1d44889', 'object_type': 'nautobot_golden_config.configcompliance', 'display': 'spoke3 -&gt; cisco_xe - Static routes -&gt; True', 'url': 'http://10.0.0.10:8080/api/plug...</var>
<status status="PASS" start="2026-09-13T13:00:28.952007" elapsed="0.000569"/>
</iter>
<iter>
<kw name="Should Be True" owner="BuiltIn">
<arg>${row}[compliance]</arg>
<arg>msg=non-compliant: ${row}[device] ${row}[rule] missing=${row}[missing] extra=${row}[extra]</arg>
<doc>Fails if the given condition is not true.</doc>
<status status="PASS" start="2026-09-13T13:00:28.952847" elapsed="0.000384"/>
</kw>
<var name="${row}">{'id': '9ff809f6-70e7-4eb3-8637-d88fe96474cf', 'object_type': 'nautobot_golden_config.configcompliance', 'display': 'spoke3 -&gt; cisco_xe - Syslog -&gt; True', 'url': 'http://10.0.0.10:8080/api/plugins/gol...</var>
<status status="PASS" start="2026-09-13T13:00:28.952766" elapsed="0.000503"/>
</iter>
<iter>
<kw name="Should Be True" owner="BuiltIn">
<arg>${row}[compliance]</arg>
<arg>msg=non-compliant: ${row}[device] ${row}[rule] missing=${row}[missing] extra=${row}[extra]</arg>
<doc>Fails if the given condition is not true.</doc>
<status status="PASS" start="2026-09-13T13:00:28.953596" elapsed="0.000485"/>
</kw>
<var name="${row}">{'id': 'd7ebb4c2-b468-46b9-a9c6-42e85acb0b2c', 'object_type': 'nautobot_golden_config.configcompliance', 'display': 'spoke3 -&gt; cisco_xe - VLAN database -&gt; True', 'url': 'http://10.0.0.10:8080/api/plug...</var>
<status status="PASS" start="2026-09-13T13:00:28.953515" elapsed="0.000608"/>
</iter>
<iter>
<kw name="Should Be True" owner="BuiltIn">
<arg>${row}[compliance]</arg>
<arg>msg=non-compliant: ${row}[device] ${row}[rule] missing=${row}[missing] extra=${row}[extra]</arg>
<doc>Fails if the given condition is not true.</doc>
<status status="PASS" start="2026-09-13T13:00:28.954318" elapsed="0.000591"/>
</kw>
<var name="${row}">{'id': '65ee02d9-8c2b-40e1-bfa1-fc335027b283', 'object_type': 'nautobot_golden_config.configcompliance', 'display': 'spoke3 -&gt; cisco_xe - VRF definitions -&gt; True', 'url': 'http://10.0.0.10:8080/api/pl...</var>
<status status="PASS" start="2026-09-13T13:00:28.954232" elapsed="0.000714"/>
</iter>
<iter>
<kw name="Should Be True" owner="BuiltIn">
<arg>${row}[compliance]</arg>
<arg>msg=non-compliant: ${row}[device] ${row}[rule] missing=${row}[missing] extra=${row}[extra]</arg>
<doc>Fails if the given condition is not true.</doc>
<status status="PASS" start="2026-09-13T13:00:28.955107" elapsed="0.000466"/>
</kw>
<var name="${row}">{'id': '3cfd4d6e-e25e-4322-9bc9-f9741e1d5164', 'object_type': 'nautobot_golden_config.configcompliance', 'display': 'spoke3 -&gt; cisco_xe - WAN interface -&gt; True', 'url': 'http://10.0.0.10:8080/api/plug...</var>
<status status="PASS" start="2026-09-13T13:00:28.955034" elapsed="0.000578"/>
</iter>
<var>${row}</var>
<value>@{cc}[results]</value>
<status status="PASS" start="2026-09-13T13:00:28.873867" elapsed="0.081787"/>
</for>
<status status="PASS" start="2026-09-13T13:00:27.297477" elapsed="1.658323"/>
</test>
<kw name="Suite Teardown Close Connections" owner="common" type="TEARDOWN">
<kw name="Close All Connections" owner="LabLib">
<status status="PASS" start="2026-09-13T13:00:28.956575" elapsed="0.104426"/>
</kw>
<status status="PASS" start="2026-09-13T13:00:28.956236" elapsed="0.104897"/>
</kw>
<doc>The IPsec lab as modelled in the shared Nautobot: devices match the routers, p2p links are cabled,
the VPN lives in the core VPN app (VPN, tunnels, hub/spoke endpoints, profile with Phase 1/2 policies),
eBGP peerings match the live sessions, the rendered NAC device model matches the committed file,
Golden Config is compliant.</doc>
<status status="PASS" start="2026-09-13T12:59:48.581589" elapsed="40.479579"/>
</suite>
<status status="PASS" start="2026-09-13T12:56:56.744631" elapsed="212.317888"/>
</suite>
<statistics>
<total>
<stat pass="25" fail="0" skip="0">All Tests</stat>
</total>
<tag>
<stat pass="2" fail="0" skip="0">nac</stat>
</tag>
<suite>
<stat name="c8000v ipsec vti lab" id="s1" pass="25" fail="0" skip="0">c8000v ipsec vti lab</stat>
<stat name="01 Management" id="s1-s1" pass="4" fail="0" skip="0">c8000v ipsec vti lab.01 Management</stat>
<stat name="02 Underlay" id="s1-s2" pass="4" fail="0" skip="0">c8000v ipsec vti lab.02 Underlay</stat>
<stat name="03 Ipsec Vti" id="s1-s3" pass="5" fail="0" skip="0">c8000v ipsec vti lab.03 Ipsec Vti</stat>
<stat name="04 Routing" id="s1-s4" pass="4" fail="0" skip="0">c8000v ipsec vti lab.04 Routing</stat>
<stat name="05 Nac Compliance" id="s1-s5" pass="1" fail="0" skip="0">c8000v ipsec vti lab.05 Nac Compliance</stat>
<stat name="06 Nautobot" id="s1-s6" pass="7" fail="0" skip="0">c8000v ipsec vti lab.06 Nautobot</stat>
</suite>
</statistics>
<errors>
</errors>
</robot>
