<?xml version="1.0" encoding="UTF-8"?>
<robot generator="Robot 7.4.2 (Python 3.14.4 on linux)" generated="2026-09-13T10:57:05.286797" rpa="false" schemaversion="5">
<suite id="s1" name="c8000v ipsec vti lab" source="/home/dcantor/cat8000v-ipsec/tests/suites">
<suite id="s1-s1" name="01 Management" source="/home/dcantor/cat8000v-ipsec/tests/suites/01_management.robot">
<test id="s1-s1-t1" name="Routers are reachable over the OOB network with SSH and RESTCONF" line="7">
<for flavor="IN">
<iter>
<kw name="Router Host" owner="common">
<return>
<value>${ROUTERS}[${r}][host]</value>
<status status="PASS" start="2026-09-13T10:57:05.481846" elapsed="0.000052"/>
</return>
<msg time="2026-09-13T10:57:05.482066" level="INFO">${host} = 10.2.0.11</msg>
<var>${host}</var>
<arg>${r}</arg>
<status status="PASS" start="2026-09-13T10:57:05.481514" elapsed="0.000577"/>
</kw>
<kw name="Host Ping" owner="LabLib">
<msg time="2026-09-13T10:57:07.511518" level="INFO">PING 10.2.0.11 (10.2.0.11) 56(84) bytes of data.
64 bytes from 10.2.0.11: icmp_seq=1 ttl=255 time=0.321 ms
64 bytes from 10.2.0.11: icmp_seq=2 ttl=255 time=0.204 ms
64 bytes from 10.2.0.11: icmp_seq=3 ttl=255 time=0.239 ms

--- 10.2.0.11 ping statistics ---
3 packets transmitted, 3 received, 0% packet loss, time 2026ms
rtt min/avg/max/mdev = 0.204/0.254/0.321/0.049 ms
</msg>
<arg>${host}</arg>
<doc>ICMP ping from the host; fails unless at least one reply.</doc>
<status status="PASS" start="2026-09-13T10:57:05.482364" elapsed="2.029414"/>
</kw>
<kw name="Tcp Port Should Be Open" owner="LabLib">
<arg>${host}</arg>
<arg>22</arg>
<status status="PASS" start="2026-09-13T10:57:07.511989" elapsed="0.001290"/>
</kw>
<kw name="Tcp Port Should Be Open" owner="LabLib">
<arg>${host}</arg>
<arg>443</arg>
<status status="PASS" start="2026-09-13T10:57:07.513425" elapsed="0.000648"/>
</kw>
<kw name="Restconf Get" owner="LabLib">
<msg time="2026-09-13T10:57:07.575062" level="INFO">GET https://10.2.0.11/restconf/data/Cisco-IOS-XE-native:native/hostname -&gt; 200
{
  "Cisco-IOS-XE-native:hostname": "hub"
}
</msg>
<msg time="2026-09-13T10:57:07.576242" level="INFO">${json} = {'Cisco-IOS-XE-native:hostname': 'hub'}</msg>
<var>${json}</var>
<arg>${host}</arg>
<arg>Cisco-IOS-XE-native:native/hostname</arg>
<doc>GET /restconf/data/&lt;path&gt; and return the parsed JSON.</doc>
<status status="PASS" start="2026-09-13T10:57:07.514332" elapsed="0.061954"/>
</kw>
<kw name="Should Be Equal" owner="BuiltIn">
<arg>${json}[Cisco-IOS-XE-native:hostname]</arg>
<arg>${r}</arg>
<doc>Fails if the given objects are unequal.</doc>
<status status="PASS" start="2026-09-13T10:57:07.576453" elapsed="0.000616"/>
</kw>
<kw name="Show" owner="common">
<kw name="Router Host" owner="common">
<return>
<value>${ROUTERS}[${r}][host]</value>
<status status="PASS" start="2026-09-13T10:57:07.577862" elapsed="0.000119"/>
</return>
<msg time="2026-09-13T10:57:07.578161" level="INFO">${host} = 10.2.0.11</msg>
<var>${host}</var>
<arg>${r}</arg>
<status status="PASS" start="2026-09-13T10:57:07.577654" elapsed="0.000536"/>
</kw>
<kw name="Run Command" owner="LabLib">
<msg time="2026-09-13T10:57:09.087226" level="INFO" html="true">&lt;pre&gt;10.2.0.11# show version | include uptime|Version 17
Cisco IOS XE Software, Version 17.15.06
Cisco IOS Software [IOSXE], Virtual XE Software (X86_64_LINUX_IOSD-UNIVERSALK9-M), Version 17.15.6, RELEASE SOFTWARE (fc2)
hub uptime is 1 hour, 0 minutes&lt;/pre&gt;</msg>
<msg time="2026-09-13T10:57:09.087408" level="INFO">${out} = Cisco IOS XE Software, Version 17.15.06
Cisco IOS Software [IOSXE], Virtual XE Software (X86_64_LINUX_IOSD-UNIVERSALK9-M), Version 17.15.6, RELEASE SOFTWARE (fc2)
hub uptime is 1 hour, 0 minutes</msg>
<var>${out}</var>
<arg>${host}</arg>
<arg>${command}</arg>
<arg>${timeout}</arg>
<doc>Run a show/exec command on a switch over SSH and return its output.</doc>
<status status="PASS" start="2026-09-13T10:57:07.578285" elapsed="1.509156"/>
</kw>
<return>
<value>${out}</value>
<status status="PASS" start="2026-09-13T10:57:09.087521" elapsed="0.000055"/>
</return>
<msg time="2026-09-13T10:57:09.087756" level="INFO">${ver} = Cisco IOS XE Software, Version 17.15.06
Cisco IOS Software [IOSXE], Virtual XE Software (X86_64_LINUX_IOSD-UNIVERSALK9-M), Version 17.15.6, RELEASE SOFTWARE (fc2)
hub uptime is 1 hour, 0 minutes</msg>
<var>${ver}</var>
<arg>${r}</arg>
<arg>show version | include uptime|Version 17</arg>
<doc>Run a show command on a router by name.</doc>
<status status="PASS" start="2026-09-13T10:57:07.577288" elapsed="1.510496"/>
</kw>
<kw name="Should Contain" owner="BuiltIn">
<arg>${ver}</arg>
<arg>${r} uptime</arg>
<doc>Fails if ``container`` does not contain ``item`` one or more times.</doc>
<status status="PASS" start="2026-09-13T10:57:09.087935" elapsed="0.000645"/>
</kw>
<kw name="Should Contain" owner="BuiltIn">
<arg>${ver}</arg>
<arg>Version 17.15</arg>
<doc>Fails if ``container`` does not contain ``item`` one or more times.</doc>
<status status="PASS" start="2026-09-13T10:57:09.088702" elapsed="0.000283"/>
</kw>
<var name="${r}">hub</var>
<status status="PASS" start="2026-09-13T10:57:05.481177" elapsed="3.607848"/>
</iter>
<iter>
<kw name="Router Host" owner="common">
<return>
<value>${ROUTERS}[${r}][host]</value>
<status status="PASS" start="2026-09-13T10:57:09.089565" elapsed="0.000051"/>
</return>
<msg time="2026-09-13T10:57:09.089770" level="INFO">${host} = 10.2.0.12</msg>
<var>${host}</var>
<arg>${r}</arg>
<status status="PASS" start="2026-09-13T10:57:09.089327" elapsed="0.000468"/>
</kw>
<kw name="Host Ping" owner="LabLib">
<msg time="2026-09-13T10:57:11.158496" level="INFO">PING 10.2.0.12 (10.2.0.12) 56(84) bytes of data.
64 bytes from 10.2.0.12: icmp_seq=1 ttl=255 time=0.311 ms
64 bytes from 10.2.0.12: icmp_seq=2 ttl=255 time=0.260 ms
64 bytes from 10.2.0.12: icmp_seq=3 ttl=255 time=0.333 ms

--- 10.2.0.12 ping statistics ---
3 packets transmitted, 3 received, 0% packet loss, time 2066ms
rtt min/avg/max/mdev = 0.260/0.301/0.333/0.030 ms
</msg>
<arg>${host}</arg>
<doc>ICMP ping from the host; fails unless at least one reply.</doc>
<status status="PASS" start="2026-09-13T10:57:09.089883" elapsed="2.068833"/>
</kw>
<kw name="Tcp Port Should Be Open" owner="LabLib">
<arg>${host}</arg>
<arg>22</arg>
<status status="PASS" start="2026-09-13T10:57:11.158894" elapsed="0.001369"/>
</kw>
<kw name="Tcp Port Should Be Open" owner="LabLib">
<arg>${host}</arg>
<arg>443</arg>
<status status="PASS" start="2026-09-13T10:57:11.160392" elapsed="0.000859"/>
</kw>
<kw name="Restconf Get" owner="LabLib">
<msg time="2026-09-13T10:57:11.239991" level="INFO">GET https://10.2.0.12/restconf/data/Cisco-IOS-XE-native:native/hostname -&gt; 200
{
  "Cisco-IOS-XE-native:hostname": "spoke1"
}
</msg>
<msg time="2026-09-13T10:57:11.241166" level="INFO">${json} = {'Cisco-IOS-XE-native:hostname': 'spoke1'}</msg>
<var>${json}</var>
<arg>${host}</arg>
<arg>Cisco-IOS-XE-native:native/hostname</arg>
<doc>GET /restconf/data/&lt;path&gt; and return the parsed JSON.</doc>
<status status="PASS" start="2026-09-13T10:57:11.161372" elapsed="0.079836"/>
</kw>
<kw name="Should Be Equal" owner="BuiltIn">
<arg>${json}[Cisco-IOS-XE-native:hostname]</arg>
<arg>${r}</arg>
<doc>Fails if the given objects are unequal.</doc>
<status status="PASS" start="2026-09-13T10:57:11.241379" elapsed="0.000417"/>
</kw>
<kw name="Show" owner="common">
<kw name="Router Host" owner="common">
<return>
<value>${ROUTERS}[${r}][host]</value>
<status status="PASS" start="2026-09-13T10:57:11.242524" elapsed="0.000039"/>
</return>
<msg time="2026-09-13T10:57:11.242903" level="INFO">${host} = 10.2.0.12</msg>
<var>${host}</var>
<arg>${r}</arg>
<status status="PASS" start="2026-09-13T10:57:11.242326" elapsed="0.000606"/>
</kw>
<kw name="Run Command" owner="LabLib">
<msg time="2026-09-13T10:57:12.767929" level="INFO" html="true">&lt;pre&gt;10.2.0.12# show version | include uptime|Version 17
Cisco IOS XE Software, Version 17.15.06
Cisco IOS Software [IOSXE], Virtual XE Software (X86_64_LINUX_IOSD-UNIVERSALK9-M), Version 17.15.6, RELEASE SOFTWARE (fc2)
spoke1 uptime is 1 hour, 0 minutes&lt;/pre&gt;</msg>
<msg time="2026-09-13T10:57:12.768113" level="INFO">${out} = Cisco IOS XE Software, Version 17.15.06
Cisco IOS Software [IOSXE], Virtual XE Software (X86_64_LINUX_IOSD-UNIVERSALK9-M), Version 17.15.6, RELEASE SOFTWARE (fc2)
spoke1 uptime is 1 hour, 0 minutes</msg>
<var>${out}</var>
<arg>${host}</arg>
<arg>${command}</arg>
<arg>${timeout}</arg>
<doc>Run a show/exec command on a switch over SSH and return its output.</doc>
<status status="PASS" start="2026-09-13T10:57:11.243036" elapsed="1.525152"/>
</kw>
<return>
<value>${out}</value>
<status status="PASS" start="2026-09-13T10:57:12.768272" elapsed="0.000051"/>
</return>
<msg time="2026-09-13T10:57:12.768490" level="INFO">${ver} = Cisco IOS XE Software, Version 17.15.06
Cisco IOS Software [IOSXE], Virtual XE Software (X86_64_LINUX_IOSD-UNIVERSALK9-M), Version 17.15.6, RELEASE SOFTWARE (fc2)
spoke1 uptime is 1 hour, 0 minutes</msg>
<var>${ver}</var>
<arg>${r}</arg>
<arg>show version | include uptime|Version 17</arg>
<doc>Run a show command on a router by name.</doc>
<status status="PASS" start="2026-09-13T10:57:11.241986" elapsed="1.526531"/>
</kw>
<kw name="Should Contain" owner="BuiltIn">
<arg>${ver}</arg>
<arg>${r} uptime</arg>
<doc>Fails if ``container`` does not contain ``item`` one or more times.</doc>
<status status="PASS" start="2026-09-13T10:57:12.768657" elapsed="0.000425"/>
</kw>
<kw name="Should Contain" owner="BuiltIn">
<arg>${ver}</arg>
<arg>Version 17.15</arg>
<doc>Fails if ``container`` does not contain ``item`` one or more times.</doc>
<status status="PASS" start="2026-09-13T10:57:12.769187" elapsed="0.000299"/>
</kw>
<var name="${r}">spoke1</var>
<status status="PASS" start="2026-09-13T10:57:09.089186" elapsed="3.680337"/>
</iter>
<iter>
<kw name="Router Host" owner="common">
<return>
<value>${ROUTERS}[${r}][host]</value>
<status status="PASS" start="2026-09-13T10:57:12.770014" elapsed="0.000033"/>
</return>
<msg time="2026-09-13T10:57:12.770187" level="INFO">${host} = 10.2.0.13</msg>
<var>${host}</var>
<arg>${r}</arg>
<status status="PASS" start="2026-09-13T10:57:12.769798" elapsed="0.000414"/>
</kw>
<kw name="Host Ping" owner="LabLib">
<msg time="2026-09-13T10:57:14.806547" level="INFO">PING 10.2.0.13 (10.2.0.13) 56(84) bytes of data.
64 bytes from 10.2.0.13: icmp_seq=1 ttl=255 time=0.402 ms
64 bytes from 10.2.0.13: icmp_seq=2 ttl=255 time=0.220 ms
64 bytes from 10.2.0.13: icmp_seq=3 ttl=255 time=0.243 ms

--- 10.2.0.13 ping statistics ---
3 packets transmitted, 3 received, 0% packet loss, time 2033ms
rtt min/avg/max/mdev = 0.220/0.288/0.402/0.080 ms
</msg>
<arg>${host}</arg>
<doc>ICMP ping from the host; fails unless at least one reply.</doc>
<status status="PASS" start="2026-09-13T10:57:12.770302" elapsed="2.036351"/>
</kw>
<kw name="Tcp Port Should Be Open" owner="LabLib">
<arg>${host}</arg>
<arg>22</arg>
<status status="PASS" start="2026-09-13T10:57:14.806820" elapsed="0.000955"/>
</kw>
<kw name="Tcp Port Should Be Open" owner="LabLib">
<arg>${host}</arg>
<arg>443</arg>
<status status="PASS" start="2026-09-13T10:57:14.807906" elapsed="0.000672"/>
</kw>
<kw name="Restconf Get" owner="LabLib">
<msg time="2026-09-13T10:57:14.856402" level="INFO">GET https://10.2.0.13/restconf/data/Cisco-IOS-XE-native:native/hostname -&gt; 200
{
  "Cisco-IOS-XE-native:hostname": "spoke2"
}
</msg>
<msg time="2026-09-13T10:57:14.857558" level="INFO">${json} = {'Cisco-IOS-XE-native:hostname': 'spoke2'}</msg>
<var>${json}</var>
<arg>${host}</arg>
<arg>Cisco-IOS-XE-native:native/hostname</arg>
<doc>GET /restconf/data/&lt;path&gt; and return the parsed JSON.</doc>
<status status="PASS" start="2026-09-13T10:57:14.808717" elapsed="0.048883"/>
</kw>
<kw name="Should Be Equal" owner="BuiltIn">
<arg>${json}[Cisco-IOS-XE-native:hostname]</arg>
<arg>${r}</arg>
<doc>Fails if the given objects are unequal.</doc>
<status status="PASS" start="2026-09-13T10:57:14.857781" elapsed="0.000411"/>
</kw>
<kw name="Show" owner="common">
<kw name="Router Host" owner="common">
<return>
<value>${ROUTERS}[${r}][host]</value>
<status status="PASS" start="2026-09-13T10:57:14.859011" elapsed="0.000044"/>
</return>
<msg time="2026-09-13T10:57:14.859204" level="INFO">${host} = 10.2.0.13</msg>
<var>${host}</var>
<arg>${r}</arg>
<status status="PASS" start="2026-09-13T10:57:14.858807" elapsed="0.000430"/>
</kw>
<kw name="Run Command" owner="LabLib">
<msg time="2026-09-13T10:57:16.393238" level="INFO" html="true">&lt;pre&gt;10.2.0.13# show version | include uptime|Version 17
Cisco IOS XE Software, Version 17.15.06
Cisco IOS Software [IOSXE], Virtual XE Software (X86_64_LINUX_IOSD-UNIVERSALK9-M), Version 17.15.6, RELEASE SOFTWARE (fc2)
spoke2 uptime is 54 minutes&lt;/pre&gt;</msg>
<msg time="2026-09-13T10:57:16.393421" level="INFO">${out} = Cisco IOS XE Software, Version 17.15.06
Cisco IOS Software [IOSXE], Virtual XE Software (X86_64_LINUX_IOSD-UNIVERSALK9-M), Version 17.15.6, RELEASE SOFTWARE (fc2)
spoke2 uptime is 54 minutes</msg>
<var>${out}</var>
<arg>${host}</arg>
<arg>${command}</arg>
<arg>${timeout}</arg>
<doc>Run a show/exec command on a switch over SSH and return its output.</doc>
<status status="PASS" start="2026-09-13T10:57:14.859334" elapsed="1.534121"/>
</kw>
<return>
<value>${out}</value>
<status status="PASS" start="2026-09-13T10:57:16.393651" elapsed="0.000068"/>
</return>
<msg time="2026-09-13T10:57:16.393893" level="INFO">${ver} = Cisco IOS XE Software, Version 17.15.06
Cisco IOS Software [IOSXE], Virtual XE Software (X86_64_LINUX_IOSD-UNIVERSALK9-M), Version 17.15.6, RELEASE SOFTWARE (fc2)
spoke2 uptime is 54 minutes</msg>
<var>${ver}</var>
<arg>${r}</arg>
<arg>show version | include uptime|Version 17</arg>
<doc>Run a show command on a router by name.</doc>
<status status="PASS" start="2026-09-13T10:57:14.858380" elapsed="1.535535"/>
</kw>
<kw name="Should Contain" owner="BuiltIn">
<arg>${ver}</arg>
<arg>${r} uptime</arg>
<doc>Fails if ``container`` does not contain ``item`` one or more times.</doc>
<status status="PASS" start="2026-09-13T10:57:16.394076" elapsed="0.000408"/>
</kw>
<kw name="Should Contain" owner="BuiltIn">
<arg>${ver}</arg>
<arg>Version 17.15</arg>
<doc>Fails if ``container`` does not contain ``item`` one or more times.</doc>
<status status="PASS" start="2026-09-13T10:57:16.394587" elapsed="0.000273"/>
</kw>
<var name="${r}">spoke2</var>
<status status="PASS" start="2026-09-13T10:57:12.769658" elapsed="3.625239"/>
</iter>
<iter>
<kw name="Router Host" owner="common">
<return>
<value>${ROUTERS}[${r}][host]</value>
<status status="PASS" start="2026-09-13T10:57:16.395368" elapsed="0.000030"/>
</return>
<msg time="2026-09-13T10:57:16.395534" level="INFO">${host} = 10.2.0.14</msg>
<var>${host}</var>
<arg>${r}</arg>
<status status="PASS" start="2026-09-13T10:57:16.395156" elapsed="0.000399"/>
</kw>
<kw name="Host Ping" owner="LabLib">
<msg time="2026-09-13T10:57:18.454450" level="INFO">PING 10.2.0.14 (10.2.0.14) 56(84) bytes of data.
64 bytes from 10.2.0.14: icmp_seq=1 ttl=255 time=0.487 ms
64 bytes from 10.2.0.14: icmp_seq=2 ttl=255 time=0.224 ms
64 bytes from 10.2.0.14: icmp_seq=3 ttl=255 time=0.202 ms

--- 10.2.0.14 ping statistics ---
3 packets transmitted, 3 received, 0% packet loss, time 2056ms
rtt min/avg/max/mdev = 0.202/0.304/0.487/0.129 ms
</msg>
<arg>${host}</arg>
<doc>ICMP ping from the host; fails unless at least one reply.</doc>
<status status="PASS" start="2026-09-13T10:57:16.395641" elapsed="2.058933"/>
</kw>
<kw name="Tcp Port Should Be Open" owner="LabLib">
<arg>${host}</arg>
<arg>22</arg>
<status status="PASS" start="2026-09-13T10:57:18.454768" elapsed="0.001028"/>
</kw>
<kw name="Tcp Port Should Be Open" owner="LabLib">
<arg>${host}</arg>
<arg>443</arg>
<status status="PASS" start="2026-09-13T10:57:18.455924" elapsed="0.001120"/>
</kw>
<kw name="Restconf Get" owner="LabLib">
<msg time="2026-09-13T10:57:18.530784" level="INFO">GET https://10.2.0.14/restconf/data/Cisco-IOS-XE-native:native/hostname -&gt; 200
{
  "Cisco-IOS-XE-native:hostname": "spoke3"
}
</msg>
<msg time="2026-09-13T10:57:18.531956" level="INFO">${json} = {'Cisco-IOS-XE-native:hostname': 'spoke3'}</msg>
<var>${json}</var>
<arg>${host}</arg>
<arg>Cisco-IOS-XE-native:native/hostname</arg>
<doc>GET /restconf/data/&lt;path&gt; and return the parsed JSON.</doc>
<status status="PASS" start="2026-09-13T10:57:18.457206" elapsed="0.074793"/>
</kw>
<kw name="Should Be Equal" owner="BuiltIn">
<arg>${json}[Cisco-IOS-XE-native:hostname]</arg>
<arg>${r}</arg>
<doc>Fails if the given objects are unequal.</doc>
<status status="PASS" start="2026-09-13T10:57:18.532167" elapsed="0.000407"/>
</kw>
<kw name="Show" owner="common">
<kw name="Router Host" owner="common">
<return>
<value>${ROUTERS}[${r}][host]</value>
<status status="PASS" start="2026-09-13T10:57:18.533352" elapsed="0.000043"/>
</return>
<msg time="2026-09-13T10:57:18.533539" level="INFO">${host} = 10.2.0.14</msg>
<var>${host}</var>
<arg>${r}</arg>
<status status="PASS" start="2026-09-13T10:57:18.533160" elapsed="0.000402"/>
</kw>
<kw name="Run Command" owner="LabLib">
<msg time="2026-09-13T10:57:20.018305" level="INFO" html="true">&lt;pre&gt;10.2.0.14# show version | include uptime|Version 17
Cisco IOS XE Software, Version 17.15.06
Cisco IOS Software [IOSXE], Virtual XE Software (X86_64_LINUX_IOSD-UNIVERSALK9-M), Version 17.15.6, RELEASE SOFTWARE (fc2)
spoke3 uptime is 5 minutes&lt;/pre&gt;</msg>
<msg time="2026-09-13T10:57:20.018488" level="INFO">${out} = Cisco IOS XE Software, Version 17.15.06
Cisco IOS Software [IOSXE], Virtual XE Software (X86_64_LINUX_IOSD-UNIVERSALK9-M), Version 17.15.6, RELEASE SOFTWARE (fc2)
spoke3 uptime is 5 minutes</msg>
<var>${out}</var>
<arg>${host}</arg>
<arg>${command}</arg>
<arg>${timeout}</arg>
<doc>Run a show/exec command on a switch over SSH and return its output.</doc>
<status status="PASS" start="2026-09-13T10:57:18.533658" elapsed="1.484865"/>
</kw>
<return>
<value>${out}</value>
<status status="PASS" start="2026-09-13T10:57:20.018607" elapsed="0.000057"/>
</return>
<msg time="2026-09-13T10:57:20.018832" level="INFO">${ver} = Cisco IOS XE Software, Version 17.15.06
Cisco IOS Software [IOSXE], Virtual XE Software (X86_64_LINUX_IOSD-UNIVERSALK9-M), Version 17.15.6, RELEASE SOFTWARE (fc2)
spoke3 uptime is 5 minutes</msg>
<var>${ver}</var>
<arg>${r}</arg>
<arg>show version | include uptime|Version 17</arg>
<doc>Run a show command on a router by name.</doc>
<status status="PASS" start="2026-09-13T10:57:18.532810" elapsed="1.486046"/>
</kw>
<kw name="Should Contain" owner="BuiltIn">
<arg>${ver}</arg>
<arg>${r} uptime</arg>
<doc>Fails if ``container`` does not contain ``item`` one or more times.</doc>
<status status="PASS" start="2026-09-13T10:57:20.018996" elapsed="0.000406"/>
</kw>
<kw name="Should Contain" owner="BuiltIn">
<arg>${ver}</arg>
<arg>Version 17.15</arg>
<doc>Fails if ``container`` does not contain ``item`` one or more times.</doc>
<status status="PASS" start="2026-09-13T10:57:20.019502" elapsed="0.000302"/>
</kw>
<var name="${r}">spoke3</var>
<status status="PASS" start="2026-09-13T10:57:16.395031" elapsed="3.624806"/>
</iter>
<var>${r}</var>
<value>@{ROUTER_NAMES}</value>
<status status="PASS" start="2026-09-13T10:57:05.480993" elapsed="14.538884"/>
</for>
<status status="PASS" start="2026-09-13T10:57:05.480707" elapsed="14.539310"/>
</test>
<test id="s1-s1-t2" name="Management interface lives in Mgmt-vrf with a default route to the host" line="20">
<for flavor="IN">
<iter>
<kw name="Show" owner="common">
<kw name="Router Host" owner="common">
<return>
<value>${ROUTERS}[${r}][host]</value>
<status status="PASS" start="2026-09-13T10:57:20.021361" elapsed="0.000033"/>
</return>
<msg time="2026-09-13T10:57:20.021541" level="INFO">${host} = 10.2.0.11</msg>
<var>${host}</var>
<arg>${r}</arg>
<status status="PASS" start="2026-09-13T10:57:20.021183" elapsed="0.000383"/>
</kw>
<kw name="Run Command" owner="LabLib">
<msg time="2026-09-13T10:57:20.528330" level="INFO" html="true">&lt;pre&gt;10.2.0.11# show run interface GigabitEthernet1
Building configuration...

Current configuration : 141 bytes
!
interface GigabitEthernet1
 description OOB management
 vrf forwarding Mgmt-vrf
 ip address 10.2.0.11 255.255.255.0
 negotiation auto
end
&lt;/pre&gt;</msg>
<msg time="2026-09-13T10:57:20.528525" level="INFO">${out} = Building configuration...

Current configuration : 141 bytes
!
interface GigabitEthernet1
 description OOB management
 vrf forwarding Mgmt-vrf
 ip address 10.2.0.11 255.255.255.0
 negotiation auto
end...</msg>
<var>${out}</var>
<arg>${host}</arg>
<arg>${command}</arg>
<arg>${timeout}</arg>
<doc>Run a show/exec command on a switch over SSH and return its output.</doc>
<status status="PASS" start="2026-09-13T10:57:20.021654" elapsed="0.506906"/>
</kw>
<return>
<value>${out}</value>
<status status="PASS" start="2026-09-13T10:57:20.528640" elapsed="0.000069"/>
</return>
<msg time="2026-09-13T10:57:20.528867" level="INFO">${cfg} = Building configuration...

Current configuration : 141 bytes
!
interface GigabitEthernet1
 description OOB management
 vrf forwarding Mgmt-vrf
 ip address 10.2.0.11 255.255.255.0
 negotiation auto
end...</msg>
<var>${cfg}</var>
<arg>${r}</arg>
<arg>show run interface GigabitEthernet1</arg>
<doc>Run a show command on a router by name.</doc>
<status status="PASS" start="2026-09-13T10:57:20.020867" elapsed="0.508023"/>
</kw>
<kw name="Should Contain" owner="BuiltIn">
<arg>${cfg}</arg>
<arg>vrf forwarding Mgmt-vrf</arg>
<doc>Fails if ``container`` does not contain ``item`` one or more times.</doc>
<status status="PASS" start="2026-09-13T10:57:20.529039" elapsed="0.000377"/>
</kw>
<kw name="Should Contain" owner="BuiltIn">
<arg>${cfg}</arg>
<arg>ip address ${ROUTERS}[${r}][host] 255.255.255.0</arg>
<doc>Fails if ``container`` does not contain ``item`` one or more times.</doc>
<status status="PASS" start="2026-09-13T10:57:20.529515" elapsed="0.000328"/>
</kw>
<kw name="Show" owner="common">
<kw name="Router Host" owner="common">
<return>
<value>${ROUTERS}[${r}][host]</value>
<status status="PASS" start="2026-09-13T10:57:20.530500" elapsed="0.000035"/>
</return>
<msg time="2026-09-13T10:57:20.530670" level="INFO">${host} = 10.2.0.11</msg>
<var>${host}</var>
<arg>${r}</arg>
<status status="PASS" start="2026-09-13T10:57:20.530331" elapsed="0.000373"/>
</kw>
<kw name="Run Command" owner="LabLib">
<msg time="2026-09-13T10:57:21.037729" level="INFO" html="true">&lt;pre&gt;10.2.0.11# show ip route vrf Mgmt-vrf 0.0.0.0

Routing Table: Mgmt-vrf
Routing entry for 0.0.0.0/0, supernet
  Known via "static", distance 1, metric 0, candidate default path
  Routing Descriptor Blocks:
  * 10.2.0.1
      Route metric is 0, traffic share count is 1&lt;/pre&gt;</msg>
<msg time="2026-09-13T10:57:21.038110" level="INFO">${out} = 
Routing Table: Mgmt-vrf
Routing entry for 0.0.0.0/0, supernet
  Known via "static", distance 1, metric 0, candidate default path
  Routing Descriptor Blocks:
  * 10.2.0.1
      Route metric is 0, tra...</msg>
<var>${out}</var>
<arg>${host}</arg>
<arg>${command}</arg>
<arg>${timeout}</arg>
<doc>Run a show/exec command on a switch over SSH and return its output.</doc>
<status status="PASS" start="2026-09-13T10:57:20.530789" elapsed="0.507370"/>
</kw>
<return>
<value>${out}</value>
<status status="PASS" start="2026-09-13T10:57:21.038251" elapsed="0.000056"/>
</return>
<msg time="2026-09-13T10:57:21.038484" level="INFO">${rt} = 
Routing Table: Mgmt-vrf
Routing entry for 0.0.0.0/0, supernet
  Known via "static", distance 1, metric 0, candidate default path
  Routing Descriptor Blocks:
  * 10.2.0.1
      Route metric is 0, tra...</msg>
<var>${rt}</var>
<arg>${r}</arg>
<arg>show ip route vrf Mgmt-vrf 0.0.0.0</arg>
<doc>Run a show command on a router by name.</doc>
<status status="PASS" start="2026-09-13T10:57:20.530005" elapsed="0.508508"/>
</kw>
<kw name="Should Contain" owner="BuiltIn">
<arg>${rt}</arg>
<arg>Routing entry for 0.0.0.0/0</arg>
<doc>Fails if ``container`` does not contain ``item`` one or more times.</doc>
<status status="PASS" start="2026-09-13T10:57:21.038656" elapsed="0.000912"/>
</kw>
<kw name="Should Match Regexp" owner="BuiltIn">
<arg>${rt}</arg>
<arg>(?m)^\\s*\\*?\\s*${OOB_GATEWAY}\\b</arg>
<doc>Fails if ``string`` does not match ``pattern`` as a regular expression.</doc>
<status status="PASS" start="2026-09-13T10:57:21.039719" elapsed="0.000701"/>
</kw>
<var name="${r}">hub</var>
<status status="PASS" start="2026-09-13T10:57:20.020723" elapsed="1.019738"/>
</iter>
<iter>
<kw name="Show" owner="common">
<kw name="Router Host" owner="common">
<return>
<value>${ROUTERS}[${r}][host]</value>
<status status="PASS" start="2026-09-13T10:57:21.042535" elapsed="0.000042"/>
</return>
<msg time="2026-09-13T10:57:21.043468" level="INFO">${host} = 10.2.0.12</msg>
<var>${host}</var>
<arg>${r}</arg>
<status status="PASS" start="2026-09-13T10:57:21.042334" elapsed="0.001190"/>
</kw>
<kw name="Run Command" owner="LabLib">
<msg time="2026-09-13T10:57:21.560740" level="INFO" html="true">&lt;pre&gt;10.2.0.12# show run interface GigabitEthernet1
Building configuration...

Current configuration : 141 bytes
!
interface GigabitEthernet1
 description OOB management
 vrf forwarding Mgmt-vrf
 ip address 10.2.0.12 255.255.255.0
 negotiation auto
end
&lt;/pre&gt;</msg>
<msg time="2026-09-13T10:57:21.560921" level="INFO">${out} = Building configuration...

Current configuration : 141 bytes
!
interface GigabitEthernet1
 description OOB management
 vrf forwarding Mgmt-vrf
 ip address 10.2.0.12 255.255.255.0
 negotiation auto
end...</msg>
<var>${out}</var>
<arg>${host}</arg>
<arg>${command}</arg>
<arg>${timeout}</arg>
<doc>Run a show/exec command on a switch over SSH and return its output.</doc>
<status status="PASS" start="2026-09-13T10:57:21.043680" elapsed="0.517276"/>
</kw>
<return>
<value>${out}</value>
<status status="PASS" start="2026-09-13T10:57:21.561035" elapsed="0.000052"/>
</return>
<msg time="2026-09-13T10:57:21.561258" level="INFO">${cfg} = Building configuration...

Current configuration : 141 bytes
!
interface GigabitEthernet1
 description OOB management
 vrf forwarding Mgmt-vrf
 ip address 10.2.0.12 255.255.255.0
 negotiation auto
end...</msg>
<var>${cfg}</var>
<arg>${r}</arg>
<arg>show run interface GigabitEthernet1</arg>
<doc>Run a show command on a router by name.</doc>
<status status="PASS" start="2026-09-13T10:57:21.041958" elapsed="0.519324"/>
</kw>
<kw name="Should Contain" owner="BuiltIn">
<arg>${cfg}</arg>
<arg>vrf forwarding Mgmt-vrf</arg>
<doc>Fails if ``container`` does not contain ``item`` one or more times.</doc>
<status status="PASS" start="2026-09-13T10:57:21.561422" elapsed="0.000393"/>
</kw>
<kw name="Should Contain" owner="BuiltIn">
<arg>${cfg}</arg>
<arg>ip address ${ROUTERS}[${r}][host] 255.255.255.0</arg>
<doc>Fails if ``container`` does not contain ``item`` one or more times.</doc>
<status status="PASS" start="2026-09-13T10:57:21.561923" elapsed="0.000326"/>
</kw>
<kw name="Show" owner="common">
<kw name="Router Host" owner="common">
<return>
<value>${ROUTERS}[${r}][host]</value>
<status status="PASS" start="2026-09-13T10:57:21.562931" elapsed="0.000037"/>
</return>
<msg time="2026-09-13T10:57:21.563110" level="INFO">${host} = 10.2.0.12</msg>
<var>${host}</var>
<arg>${r}</arg>
<status status="PASS" start="2026-09-13T10:57:21.562748" elapsed="0.000388"/>
</kw>
<kw name="Run Command" owner="LabLib">
<msg time="2026-09-13T10:57:22.070046" level="INFO" html="true">&lt;pre&gt;10.2.0.12# show ip route vrf Mgmt-vrf 0.0.0.0

Routing Table: Mgmt-vrf
Routing entry for 0.0.0.0/0, supernet
  Known via "static", distance 1, metric 0, candidate default path
  Routing Descriptor Blocks:
  * 10.2.0.1
      Route metric is 0, traffic share count is 1&lt;/pre&gt;</msg>
<msg time="2026-09-13T10:57:22.070254" level="INFO">${out} = 
Routing Table: Mgmt-vrf
Routing entry for 0.0.0.0/0, supernet
  Known via "static", distance 1, metric 0, candidate default path
  Routing Descriptor Blocks:
  * 10.2.0.1
      Route metric is 0, tra...</msg>
<var>${out}</var>
<arg>${host}</arg>
<arg>${command}</arg>
<arg>${timeout}</arg>
<doc>Run a show/exec command on a switch over SSH and return its output.</doc>
<status status="PASS" start="2026-09-13T10:57:21.563229" elapsed="0.507135"/>
</kw>
<return>
<value>${out}</value>
<status status="PASS" start="2026-09-13T10:57:22.070455" elapsed="0.000059"/>
</return>
<msg time="2026-09-13T10:57:22.070777" level="INFO">${rt} = 
Routing Table: Mgmt-vrf
Routing entry for 0.0.0.0/0, supernet
  Known via "static", distance 1, metric 0, candidate default path
  Routing Descriptor Blocks:
  * 10.2.0.1
      Route metric is 0, tra...</msg>
<var>${rt}</var>
<arg>${r}</arg>
<arg>show ip route vrf Mgmt-vrf 0.0.0.0</arg>
<doc>Run a show command on a router by name.</doc>
<status status="PASS" start="2026-09-13T10:57:21.562413" elapsed="0.508390"/>
</kw>
<kw name="Should Contain" owner="BuiltIn">
<arg>${rt}</arg>
<arg>Routing entry for 0.0.0.0/0</arg>
<doc>Fails if ``container`` does not contain ``item`` one or more times.</doc>
<status status="PASS" start="2026-09-13T10:57:22.070949" elapsed="0.000473"/>
</kw>
<kw name="Should Match Regexp" owner="BuiltIn">
<arg>${rt}</arg>
<arg>(?m)^\\s*\\*?\\s*${OOB_GATEWAY}\\b</arg>
<doc>Fails if ``string`` does not match ``pattern`` as a regular expression.</doc>
<status status="PASS" start="2026-09-13T10:57:22.071533" elapsed="0.000626"/>
</kw>
<var name="${r}">spoke1</var>
<status status="PASS" start="2026-09-13T10:57:21.041768" elapsed="1.030431"/>
</iter>
<iter>
<kw name="Show" owner="common">
<kw name="Router Host" owner="common">
<return>
<value>${ROUTERS}[${r}][host]</value>
<status status="PASS" start="2026-09-13T10:57:22.073100" elapsed="0.000043"/>
</return>
<msg time="2026-09-13T10:57:22.073297" level="INFO">${host} = 10.2.0.13</msg>
<var>${host}</var>
<arg>${r}</arg>
<status status="PASS" start="2026-09-13T10:57:22.072918" elapsed="0.000401"/>
</kw>
<kw name="Run Command" owner="LabLib">
<msg time="2026-09-13T10:57:22.580274" level="INFO" html="true">&lt;pre&gt;10.2.0.13# show run interface GigabitEthernet1
Building configuration...

Current configuration : 141 bytes
!
interface GigabitEthernet1
 description OOB management
 vrf forwarding Mgmt-vrf
 ip address 10.2.0.13 255.255.255.0
 negotiation auto
end
&lt;/pre&gt;</msg>
<msg time="2026-09-13T10:57:22.580481" level="INFO">${out} = Building configuration...

Current configuration : 141 bytes
!
interface GigabitEthernet1
 description OOB management
 vrf forwarding Mgmt-vrf
 ip address 10.2.0.13 255.255.255.0
 negotiation auto
end...</msg>
<var>${out}</var>
<arg>${host}</arg>
<arg>${command}</arg>
<arg>${timeout}</arg>
<doc>Run a show/exec command on a switch over SSH and return its output.</doc>
<status status="PASS" start="2026-09-13T10:57:22.073418" elapsed="0.507106"/>
</kw>
<return>
<value>${out}</value>
<status status="PASS" start="2026-09-13T10:57:22.580758" elapsed="0.000062"/>
</return>
<msg time="2026-09-13T10:57:22.581042" level="INFO">${cfg} = Building configuration...

Current configuration : 141 bytes
!
interface GigabitEthernet1
 description OOB management
 vrf forwarding Mgmt-vrf
 ip address 10.2.0.13 255.255.255.0
 negotiation auto
end...</msg>
<var>${cfg}</var>
<arg>${r}</arg>
<arg>show run interface GigabitEthernet1</arg>
<doc>Run a show command on a router by name.</doc>
<status status="PASS" start="2026-09-13T10:57:22.072469" elapsed="0.508609"/>
</kw>
<kw name="Should Contain" owner="BuiltIn">
<arg>${cfg}</arg>
<arg>vrf forwarding Mgmt-vrf</arg>
<doc>Fails if ``container`` does not contain ``item`` one or more times.</doc>
<status status="PASS" start="2026-09-13T10:57:22.581252" elapsed="0.000486"/>
</kw>
<kw name="Should Contain" owner="BuiltIn">
<arg>${cfg}</arg>
<arg>ip address ${ROUTERS}[${r}][host] 255.255.255.0</arg>
<doc>Fails if ``container`` does not contain ``item`` one or more times.</doc>
<status status="PASS" start="2026-09-13T10:57:22.581875" elapsed="0.000418"/>
</kw>
<kw name="Show" owner="common">
<kw name="Router Host" owner="common">
<return>
<value>${ROUTERS}[${r}][host]</value>
<status status="PASS" start="2026-09-13T10:57:22.583229" elapsed="0.000039"/>
</return>
<msg time="2026-09-13T10:57:22.583449" level="INFO">${host} = 10.2.0.13</msg>
<var>${host}</var>
<arg>${r}</arg>
<status status="PASS" start="2026-09-13T10:57:22.582956" elapsed="0.000526"/>
</kw>
<kw name="Run Command" owner="LabLib">
<msg time="2026-09-13T10:57:23.080654" level="INFO" html="true">&lt;pre&gt;10.2.0.13# show ip route vrf Mgmt-vrf 0.0.0.0

Routing Table: Mgmt-vrf
Routing entry for 0.0.0.0/0, supernet
  Known via "static", distance 1, metric 0, candidate default path
  Routing Descriptor Blocks:
  * 10.2.0.1
      Route metric is 0, traffic share count is 1&lt;/pre&gt;</msg>
<msg time="2026-09-13T10:57:23.080844" level="INFO">${out} = 
Routing Table: Mgmt-vrf
Routing entry for 0.0.0.0/0, supernet
  Known via "static", distance 1, metric 0, candidate default path
  Routing Descriptor Blocks:
  * 10.2.0.1
      Route metric is 0, tra...</msg>
<var>${out}</var>
<arg>${host}</arg>
<arg>${command}</arg>
<arg>${timeout}</arg>
<doc>Run a show/exec command on a switch over SSH and return its output.</doc>
<status status="PASS" start="2026-09-13T10:57:22.583616" elapsed="0.497286"/>
</kw>
<return>
<value>${out}</value>
<status status="PASS" start="2026-09-13T10:57:23.080981" elapsed="0.000052"/>
</return>
<msg time="2026-09-13T10:57:23.081205" level="INFO">${rt} = 
Routing Table: Mgmt-vrf
Routing entry for 0.0.0.0/0, supernet
  Known via "static", distance 1, metric 0, candidate default path
  Routing Descriptor Blocks:
  * 10.2.0.1
      Route metric is 0, tra...</msg>
<var>${rt}</var>
<arg>${r}</arg>
<arg>show ip route vrf Mgmt-vrf 0.0.0.0</arg>
<doc>Run a show command on a router by name.</doc>
<status status="PASS" start="2026-09-13T10:57:22.582516" elapsed="0.498711"/>
</kw>
<kw name="Should Contain" owner="BuiltIn">
<arg>${rt}</arg>
<arg>Routing entry for 0.0.0.0/0</arg>
<doc>Fails if ``container`` does not contain ``item`` one or more times.</doc>
<status status="PASS" start="2026-09-13T10:57:23.081364" elapsed="0.000384"/>
</kw>
<kw name="Should Match Regexp" owner="BuiltIn">
<arg>${rt}</arg>
<arg>(?m)^\\s*\\*?\\s*${OOB_GATEWAY}\\b</arg>
<doc>Fails if ``string`` does not match ``pattern`` as a regular expression.</doc>
<status status="PASS" start="2026-09-13T10:57:23.081866" elapsed="0.000319"/>
</kw>
<var name="${r}">spoke2</var>
<status status="PASS" start="2026-09-13T10:57:22.072328" elapsed="1.009893"/>
</iter>
<iter>
<kw name="Show" owner="common">
<kw name="Router Host" owner="common">
<return>
<value>${ROUTERS}[${r}][host]</value>
<status status="PASS" start="2026-09-13T10:57:23.082972" elapsed="0.000035"/>
</return>
<msg time="2026-09-13T10:57:23.083151" level="INFO">${host} = 10.2.0.14</msg>
<var>${host}</var>
<arg>${r}</arg>
<status status="PASS" start="2026-09-13T10:57:23.082797" elapsed="0.000379"/>
</kw>
<kw name="Run Command" owner="LabLib">
<msg time="2026-09-13T10:57:23.579677" level="INFO" html="true">&lt;pre&gt;10.2.0.14# show run interface GigabitEthernet1
Building configuration...

Current configuration : 141 bytes
!
interface GigabitEthernet1
 description OOB management
 vrf forwarding Mgmt-vrf
 ip address 10.2.0.14 255.255.255.0
 negotiation auto
end
&lt;/pre&gt;</msg>
<msg time="2026-09-13T10:57:23.579881" level="INFO">${out} = Building configuration...

Current configuration : 141 bytes
!
interface GigabitEthernet1
 description OOB management
 vrf forwarding Mgmt-vrf
 ip address 10.2.0.14 255.255.255.0
 negotiation auto
end...</msg>
<var>${out}</var>
<arg>${host}</arg>
<arg>${command}</arg>
<arg>${timeout}</arg>
<doc>Run a show/exec command on a switch over SSH and return its output.</doc>
<status status="PASS" start="2026-09-13T10:57:23.083260" elapsed="0.496655"/>
</kw>
<return>
<value>${out}</value>
<status status="PASS" start="2026-09-13T10:57:23.580005" elapsed="0.000053"/>
</return>
<msg time="2026-09-13T10:57:23.580222" level="INFO">${cfg} = Building configuration...

Current configuration : 141 bytes
!
interface GigabitEthernet1
 description OOB management
 vrf forwarding Mgmt-vrf
 ip address 10.2.0.14 255.255.255.0
 negotiation auto
end...</msg>
<var>${cfg}</var>
<arg>${r}</arg>
<arg>show run interface GigabitEthernet1</arg>
<doc>Run a show command on a router by name.</doc>
<status status="PASS" start="2026-09-13T10:57:23.082475" elapsed="0.497769"/>
</kw>
<kw name="Should Contain" owner="BuiltIn">
<arg>${cfg}</arg>
<arg>vrf forwarding Mgmt-vrf</arg>
<doc>Fails if ``container`` does not contain ``item`` one or more times.</doc>
<status status="PASS" start="2026-09-13T10:57:23.580387" elapsed="0.000394"/>
</kw>
<kw name="Should Contain" owner="BuiltIn">
<arg>${cfg}</arg>
<arg>ip address ${ROUTERS}[${r}][host] 255.255.255.0</arg>
<doc>Fails if ``container`` does not contain ``item`` one or more times.</doc>
<status status="PASS" start="2026-09-13T10:57:23.580881" elapsed="0.000310"/>
</kw>
<kw name="Show" owner="common">
<kw name="Router Host" owner="common">
<return>
<value>${ROUTERS}[${r}][host]</value>
<status status="PASS" start="2026-09-13T10:57:23.581872" elapsed="0.000031"/>
</return>
<msg time="2026-09-13T10:57:23.582040" level="INFO">${host} = 10.2.0.14</msg>
<var>${host}</var>
<arg>${r}</arg>
<status status="PASS" start="2026-09-13T10:57:23.581676" elapsed="0.000389"/>
</kw>
<kw name="Run Command" owner="LabLib">
<msg time="2026-09-13T10:57:24.078547" level="INFO" html="true">&lt;pre&gt;10.2.0.14# show ip route vrf Mgmt-vrf 0.0.0.0

Routing Table: Mgmt-vrf
Routing entry for 0.0.0.0/0, supernet
  Known via "static", distance 1, metric 0, candidate default path
  Routing Descriptor Blocks:
  * 10.2.0.1
      Route metric is 0, traffic share count is 1&lt;/pre&gt;</msg>
<msg time="2026-09-13T10:57:24.078744" level="INFO">${out} = 
Routing Table: Mgmt-vrf
Routing entry for 0.0.0.0/0, supernet
  Known via "static", distance 1, metric 0, candidate default path
  Routing Descriptor Blocks:
  * 10.2.0.1
      Route metric is 0, tra...</msg>
<var>${out}</var>
<arg>${host}</arg>
<arg>${command}</arg>
<arg>${timeout}</arg>
<doc>Run a show/exec command on a switch over SSH and return its output.</doc>
<status status="PASS" start="2026-09-13T10:57:23.582154" elapsed="0.496624"/>
</kw>
<return>
<value>${out}</value>
<status status="PASS" start="2026-09-13T10:57:24.078860" elapsed="0.000056"/>
</return>
<msg time="2026-09-13T10:57:24.079084" level="INFO">${rt} = 
Routing Table: Mgmt-vrf
Routing entry for 0.0.0.0/0, supernet
  Known via "static", distance 1, metric 0, candidate default path
  Routing Descriptor Blocks:
  * 10.2.0.1
      Route metric is 0, tra...</msg>
<var>${rt}</var>
<arg>${r}</arg>
<arg>show ip route vrf Mgmt-vrf 0.0.0.0</arg>
<doc>Run a show command on a router by name.</doc>
<status status="PASS" start="2026-09-13T10:57:23.581363" elapsed="0.497745"/>
</kw>
<kw name="Should Contain" owner="BuiltIn">
<arg>${rt}</arg>
<arg>Routing entry for 0.0.0.0/0</arg>
<doc>Fails if ``container`` does not contain ``item`` one or more times.</doc>
<status status="PASS" start="2026-09-13T10:57:24.079259" elapsed="0.000386"/>
</kw>
<kw name="Should Match Regexp" owner="BuiltIn">
<arg>${rt}</arg>
<arg>(?m)^\\s*\\*?\\s*${OOB_GATEWAY}\\b</arg>
<doc>Fails if ``string`` does not match ``pattern`` as a regular expression.</doc>
<status status="PASS" start="2026-09-13T10:57:24.079770" elapsed="0.000308"/>
</kw>
<var name="${r}">spoke3</var>
<status status="PASS" start="2026-09-13T10:57:23.082340" elapsed="0.997771"/>
</iter>
<var>${r}</var>
<value>@{ROUTER_NAMES}</value>
<status status="PASS" start="2026-09-13T10:57:20.020528" elapsed="4.059622"/>
</for>
<status status="PASS" start="2026-09-13T10:57:20.020229" elapsed="4.060042"/>
</test>
<test id="s1-s1-t3" name="License boot level provides the security feature set" line="30">
<for flavor="IN">
<iter>
<kw name="Show" owner="common">
<kw name="Router Host" owner="common">
<return>
<value>${ROUTERS}[${r}][host]</value>
<status status="PASS" start="2026-09-13T10:57:24.081536" elapsed="0.000032"/>
</return>
<msg time="2026-09-13T10:57:24.081718" level="INFO">${host} = 10.2.0.11</msg>
<var>${host}</var>
<arg>${r}</arg>
<status status="PASS" start="2026-09-13T10:57:24.081324" elapsed="0.000418"/>
</kw>
<kw name="Run Command" owner="LabLib">
<msg time="2026-09-13T10:57:24.578566" level="INFO" html="true">&lt;pre&gt;10.2.0.11# show version | include License Level
License Level: network-advantage
Addon License Level: dna-advantage&lt;/pre&gt;</msg>
<msg time="2026-09-13T10:57:24.578763" level="INFO">${out} = License Level: network-advantage
Addon License Level: dna-advantage</msg>
<var>${out}</var>
<arg>${host}</arg>
<arg>${command}</arg>
<arg>${timeout}</arg>
<doc>Run a show/exec command on a switch over SSH and return its output.</doc>
<status status="PASS" start="2026-09-13T10:57:24.081838" elapsed="0.496956"/>
</kw>
<return>
<value>${out}</value>
<status status="PASS" start="2026-09-13T10:57:24.578878" elapsed="0.000053"/>
</return>
<msg time="2026-09-13T10:57:24.579099" level="INFO">${lic} = License Level: network-advantage
Addon License Level: dna-advantage</msg>
<var>${lic}</var>
<arg>${r}</arg>
<arg>show version | include License Level</arg>
<doc>Run a show command on a router by name.</doc>
<status status="PASS" start="2026-09-13T10:57:24.081031" elapsed="0.498095"/>
</kw>
<kw name="Should Match Regexp" owner="BuiltIn">
<arg>${lic}</arg>
<arg>(?m)^License Level:\\s*network-advantage</arg>
<doc>Fails if ``string`` does not match ``pattern`` as a regular expression.</doc>
<status status="PASS" start="2026-09-13T10:57:24.579295" elapsed="0.000428"/>
</kw>
<kw name="Should Match Regexp" owner="BuiltIn">
<arg>${lic}</arg>
<arg>(?m)^Addon License Level:\\s*dna-advantage</arg>
<doc>Fails if ``string`` does not match ``pattern`` as a regular expression.</doc>
<status status="PASS" start="2026-09-13T10:57:24.579829" elapsed="0.000311"/>
</kw>
<var name="${r}">hub</var>
<status status="PASS" start="2026-09-13T10:57:24.080882" elapsed="0.499287"/>
</iter>
<iter>
<kw name="Show" owner="common">
<kw name="Router Host" owner="common">
<return>
<value>${ROUTERS}[${r}][host]</value>
<status status="PASS" start="2026-09-13T10:57:24.580835" elapsed="0.000031"/>
</return>
<msg time="2026-09-13T10:57:24.580972" level="INFO">${host} = 10.2.0.12</msg>
<var>${host}</var>
<arg>${r}</arg>
<status status="PASS" start="2026-09-13T10:57:24.580658" elapsed="0.000343"/>
</kw>
<kw name="Run Command" owner="LabLib">
<msg time="2026-09-13T10:57:25.097741" level="INFO" html="true">&lt;pre&gt;10.2.0.12# show version | include License Level
License Level: network-advantage
Addon License Level: dna-advantage&lt;/pre&gt;</msg>
<msg time="2026-09-13T10:57:25.097920" level="INFO">${out} = License Level: network-advantage
Addon License Level: dna-advantage</msg>
<var>${out}</var>
<arg>${host}</arg>
<arg>${command}</arg>
<arg>${timeout}</arg>
<doc>Run a show/exec command on a switch over SSH and return its output.</doc>
<status status="PASS" start="2026-09-13T10:57:24.581104" elapsed="0.516845"/>
</kw>
<return>
<value>${out}</value>
<status status="PASS" start="2026-09-13T10:57:25.098033" elapsed="0.000063"/>
</return>
<msg time="2026-09-13T10:57:25.098257" level="INFO">${lic} = License Level: network-advantage
Addon License Level: dna-advantage</msg>
<var>${lic}</var>
<arg>${r}</arg>
<arg>show version | include License Level</arg>
<doc>Run a show command on a router by name.</doc>
<status status="PASS" start="2026-09-13T10:57:24.580400" elapsed="0.517883"/>
</kw>
<kw name="Should Match Regexp" owner="BuiltIn">
<arg>${lic}</arg>
<arg>(?m)^License Level:\\s*network-advantage</arg>
<doc>Fails if ``string`` does not match ``pattern`` as a regular expression.</doc>
<status status="PASS" start="2026-09-13T10:57:25.098423" elapsed="0.000381"/>
</kw>
<kw name="Should Match Regexp" owner="BuiltIn">
<arg>${lic}</arg>
<arg>(?m)^Addon License Level:\\s*dna-advantage</arg>
<doc>Fails if ``string`` does not match ``pattern`` as a regular expression.</doc>
<status status="PASS" start="2026-09-13T10:57:25.098914" elapsed="0.000274"/>
</kw>
<var name="${r}">spoke1</var>
<status status="PASS" start="2026-09-13T10:57:24.580270" elapsed="0.518961"/>
</iter>
<iter>
<kw name="Show" owner="common">
<kw name="Router Host" owner="common">
<return>
<value>${ROUTERS}[${r}][host]</value>
<status status="PASS" start="2026-09-13T10:57:25.099972" elapsed="0.000038"/>
</return>
<msg time="2026-09-13T10:57:25.100152" level="INFO">${host} = 10.2.0.13</msg>
<var>${host}</var>
<arg>${r}</arg>
<status status="PASS" start="2026-09-13T10:57:25.099796" elapsed="0.000378"/>
</kw>
<kw name="Run Command" owner="LabLib">
<msg time="2026-09-13T10:57:25.596715" level="INFO" html="true">&lt;pre&gt;10.2.0.13# show version | include License Level
License Level: network-advantage
Addon License Level: dna-advantage&lt;/pre&gt;</msg>
<msg time="2026-09-13T10:57:25.596899" level="INFO">${out} = License Level: network-advantage
Addon License Level: dna-advantage</msg>
<var>${out}</var>
<arg>${host}</arg>
<arg>${command}</arg>
<arg>${timeout}</arg>
<doc>Run a show/exec command on a switch over SSH and return its output.</doc>
<status status="PASS" start="2026-09-13T10:57:25.100266" elapsed="0.496662"/>
</kw>
<return>
<value>${out}</value>
<status status="PASS" start="2026-09-13T10:57:25.597010" elapsed="0.000056"/>
</return>
<msg time="2026-09-13T10:57:25.597220" level="INFO">${lic} = License Level: network-advantage
Addon License Level: dna-advantage</msg>
<var>${lic}</var>
<arg>${r}</arg>
<arg>show version | include License Level</arg>
<doc>Run a show command on a router by name.</doc>
<status status="PASS" start="2026-09-13T10:57:25.099478" elapsed="0.497768"/>
</kw>
<kw name="Should Match Regexp" owner="BuiltIn">
<arg>${lic}</arg>
<arg>(?m)^License Level:\\s*network-advantage</arg>
<doc>Fails if ``string`` does not match ``pattern`` as a regular expression.</doc>
<status status="PASS" start="2026-09-13T10:57:25.597387" elapsed="0.000384"/>
</kw>
<kw name="Should Match Regexp" owner="BuiltIn">
<arg>${lic}</arg>
<arg>(?m)^Addon License Level:\\s*dna-advantage</arg>
<doc>Fails if ``string`` does not match ``pattern`` as a regular expression.</doc>
<status status="PASS" start="2026-09-13T10:57:25.597885" elapsed="0.000267"/>
</kw>
<var name="${r}">spoke2</var>
<status status="PASS" start="2026-09-13T10:57:25.099339" elapsed="0.498845"/>
</iter>
<iter>
<kw name="Show" owner="common">
<kw name="Router Host" owner="common">
<return>
<value>${ROUTERS}[${r}][host]</value>
<status status="PASS" start="2026-09-13T10:57:25.598949" elapsed="0.000036"/>
</return>
<msg time="2026-09-13T10:57:25.599124" level="INFO">${host} = 10.2.0.14</msg>
<var>${host}</var>
<arg>${r}</arg>
<status status="PASS" start="2026-09-13T10:57:25.598779" elapsed="0.000370"/>
</kw>
<kw name="Run Command" owner="LabLib">
<msg time="2026-09-13T10:57:26.095667" level="INFO" html="true">&lt;pre&gt;10.2.0.14# show version | include License Level
License Level: network-advantage
Addon License Level: dna-advantage&lt;/pre&gt;</msg>
<msg time="2026-09-13T10:57:26.095860" level="INFO">${out} = License Level: network-advantage
Addon License Level: dna-advantage</msg>
<var>${out}</var>
<arg>${host}</arg>
<arg>${command}</arg>
<arg>${timeout}</arg>
<doc>Run a show/exec command on a switch over SSH and return its output.</doc>
<status status="PASS" start="2026-09-13T10:57:25.599231" elapsed="0.496662"/>
</kw>
<return>
<value>${out}</value>
<status status="PASS" start="2026-09-13T10:57:26.095972" elapsed="0.000053"/>
</return>
<msg time="2026-09-13T10:57:26.096185" level="INFO">${lic} = License Level: network-advantage
Addon License Level: dna-advantage</msg>
<var>${lic}</var>
<arg>${r}</arg>
<arg>show version | include License Level</arg>
<doc>Run a show command on a router by name.</doc>
<status status="PASS" start="2026-09-13T10:57:25.598447" elapsed="0.497766"/>
</kw>
<kw name="Should Match Regexp" owner="BuiltIn">
<arg>${lic}</arg>
<arg>(?m)^License Level:\\s*network-advantage</arg>
<doc>Fails if ``string`` does not match ``pattern`` as a regular expression.</doc>
<status status="PASS" start="2026-09-13T10:57:26.096364" elapsed="0.000390"/>
</kw>
<kw name="Should Match Regexp" owner="BuiltIn">
<arg>${lic}</arg>
<arg>(?m)^Addon License Level:\\s*dna-advantage</arg>
<doc>Fails if ``string`` does not match ``pattern`` as a regular expression.</doc>
<status status="PASS" start="2026-09-13T10:57:26.096870" elapsed="0.000320"/>
</kw>
<var name="${r}">spoke3</var>
<status status="PASS" start="2026-09-13T10:57:25.598299" elapsed="0.498940"/>
</iter>
<var>${r}</var>
<value>@{ROUTER_NAMES}</value>
<status status="PASS" start="2026-09-13T10:57:24.080729" elapsed="2.016559"/>
</for>
<status status="PASS" start="2026-09-13T10:57:24.080461" elapsed="2.016962"/>
</test>
<test id="s1-s1-t4" name="AAA, SSH and VTY hardening from the NAC baseline" line="37">
<for flavor="IN">
<iter>
<kw name="Show" owner="common">
<kw name="Router Host" owner="common">
<return>
<value>${ROUTERS}[${r}][host]</value>
<status status="PASS" start="2026-09-13T10:57:26.099088" elapsed="0.000040"/>
</return>
<msg time="2026-09-13T10:57:26.099328" level="INFO">${host} = 10.2.0.11</msg>
<var>${host}</var>
<arg>${r}</arg>
<status status="PASS" start="2026-09-13T10:57:26.098848" elapsed="0.000512"/>
</kw>
<kw name="Run Command" owner="LabLib">
<msg time="2026-09-13T10:57:26.671532" level="INFO" html="true">&lt;pre&gt;10.2.0.11# show run | include ^aaa
aaa new-model
aaa authentication login default local
aaa authorization exec default local 
aaa session-id common&lt;/pre&gt;</msg>
<msg time="2026-09-13T10:57:26.671735" level="INFO">${out} = aaa new-model
aaa authentication login default local
aaa authorization exec default local 
aaa session-id common</msg>
<var>${out}</var>
<arg>${host}</arg>
<arg>${command}</arg>
<arg>${timeout}</arg>
<doc>Run a show/exec command on a switch over SSH and return its output.</doc>
<status status="PASS" start="2026-09-13T10:57:26.099479" elapsed="0.572282"/>
</kw>
<return>
<value>${out}</value>
<status status="PASS" start="2026-09-13T10:57:26.671842" elapsed="0.000047"/>
</return>
<msg time="2026-09-13T10:57:26.672038" level="INFO">${aaa} = aaa new-model
aaa authentication login default local
aaa authorization exec default local 
aaa session-id common</msg>
<var>${aaa}</var>
<arg>${r}</arg>
<arg>show run | include ^aaa</arg>
<doc>Run a show command on a router by name.</doc>
<status status="PASS" start="2026-09-13T10:57:26.098427" elapsed="0.573636"/>
</kw>
<kw name="Should Match Regexp" owner="BuiltIn">
<arg>${aaa}</arg>
<arg>(?m)^aaa new-model$</arg>
<doc>Fails if ``string`` does not match ``pattern`` as a regular expression.</doc>
<status status="PASS" start="2026-09-13T10:57:26.672200" elapsed="0.000400"/>
</kw>
<kw name="Should Match Regexp" owner="BuiltIn">
<arg>${aaa}</arg>
<arg>(?m)^aaa authentication login default local$</arg>
<doc>Fails if ``string`` does not match ``pattern`` as a regular expression.</doc>
<status status="PASS" start="2026-09-13T10:57:26.672697" elapsed="0.000293"/>
</kw>
<kw name="Should Match Regexp" owner="BuiltIn">
<arg>${aaa}</arg>
<arg>(?m)^aaa authorization exec default local\\s*$</arg>
<doc>Fails if ``string`` does not match ``pattern`` as a regular expression.</doc>
<status status="PASS" start="2026-09-13T10:57:26.673078" elapsed="0.000321"/>
</kw>
<kw name="Show" owner="common">
<kw name="Router Host" owner="common">
<return>
<value>${ROUTERS}[${r}][host]</value>
<status status="PASS" start="2026-09-13T10:57:26.674031" elapsed="0.000028"/>
</return>
<msg time="2026-09-13T10:57:26.674208" level="INFO">${host} = 10.2.0.11</msg>
<var>${host}</var>
<arg>${r}</arg>
<status status="PASS" start="2026-09-13T10:57:26.673865" elapsed="0.000364"/>
</kw>
<kw name="Run Command" owner="LabLib">
<msg time="2026-09-13T10:57:27.160881" level="INFO" html="true">&lt;pre&gt;10.2.0.11# show ip ssh
SSH Enabled - version 2.0
Authentication methods:publickey,keyboard-interactive,password
Authentication Publickey Algorithms:ssh-rsa,ecdsa-sha2-nistp256,ecdsa-sha2-nistp384,ecdsa-sha2-nistp521,ssh-ed25519,x509v3-ecdsa-sha2-nistp256,x509v3-ecdsa-sha2-nistp384,x509v3-ecdsa-sha2-nistp521,rsa-sha2-256,rsa-sha2-512,x509v3-rsa2048-sha256
Hostkey Algorithms:ecdsa-sha2-nistp256,ecdsa-sha2-nistp384,ecdsa-sha2-nistp521,rsa-sha2-512,rsa-sha2-256,ssh-rsa
Encryption Algorithms:chacha20-poly1305@openssh.com,aes128-gcm@openssh.com,aes256-gcm@openssh.com,aes128-gcm,aes256-gcm,aes128-ctr,aes192-ctr,aes256-ctr
MAC Algorithms:hmac-sha2-256-etm@openssh.com,hmac-sha2-512-etm@openssh.com,hmac-sha2-256,hmac-sha2-512
KEX Algorithms:curve25519-sha256,curve25519-sha256@libssh.org,ecdh-sha2-nistp256,ecdh-sha2-nistp384,ecdh-sha2-nistp521,diffie-hellman-group14-sha256,diffie-hellman-group16-sha512
Authentication timeout: 60 secs; Authentication retries: 3
Minimum expected Diffie Hellman key size : 2048 bits
IOS Keys in SECSH format(ssh-rsa, base64 encoded): SSH-KEY
Modulus Size : 2048 bits
ssh-rsa AAAAB3NzaC1yc2EAAAADAQABAAABAQCVl2c6qPqUzwa1UU4T5+fEt1xmPgwi2nbsWqp5fphD
CnoOJn2Ohs+Qme9wt9onN2zAIYMthgWJThkBKb5cthhKNoChWSkTfkBU5a4csUU4htka8ry0oyAPiPUz
qDVDVxTvg5CqXs59kT3n/RlH2RZk3AEYF5HU8rZqGOJdjmstNWS06eiO7wzJg/U4BcVdiTa9UoufQhYJ
hRYcdJQszpt36evEktQ+34nPi9tb2iqxV/ivBqInmiLl2VHeqke+MfCYWmIW3IMwktW97MNAeviAnaL0
qCP6girxQocrUQYwRSh1O2bSLtEDImY0uou4RXi7N0B5bjEpreI+oj7/fT3D                    
IOS Keys in SECSH format(ssh-ec, base64 encoded): NONE&lt;/pre&gt;</msg>
<msg time="2026-09-13T10:57:27.161078" level="INFO">${out} = SSH Enabled - version 2.0
Authentication methods:publickey,keyboard-interactive,password
Authentication Publickey Algorithms:ssh-rsa,ecdsa-sha2-nistp256,ecdsa-sha2-nistp384,ecdsa-sha2-nistp521,ssh-ed2...</msg>
<var>${out}</var>
<arg>${host}</arg>
<arg>${command}</arg>
<arg>${timeout}</arg>
<doc>Run a show/exec command on a switch over SSH and return its output.</doc>
<status status="PASS" start="2026-09-13T10:57:26.674310" elapsed="0.486796"/>
</kw>
<return>
<value>${out}</value>
<status status="PASS" start="2026-09-13T10:57:27.161204" elapsed="0.000048"/>
</return>
<msg time="2026-09-13T10:57:27.161390" level="INFO">${ssh} = SSH Enabled - version 2.0
Authentication methods:publickey,keyboard-interactive,password
Authentication Publickey Algorithms:ssh-rsa,ecdsa-sha2-nistp256,ecdsa-sha2-nistp384,ecdsa-sha2-nistp521,ssh-ed2...</msg>
<var>${ssh}</var>
<arg>${r}</arg>
<arg>show ip ssh</arg>
<doc>Run a show command on a router by name.</doc>
<status status="PASS" start="2026-09-13T10:57:26.673561" elapsed="0.487856"/>
</kw>
<kw name="Should Contain" owner="BuiltIn">
<arg>${ssh}</arg>
<arg>SSH Enabled - version 2.0</arg>
<doc>Fails if ``container`` does not contain ``item`` one or more times.</doc>
<status status="PASS" start="2026-09-13T10:57:27.161548" elapsed="0.000376"/>
</kw>
<kw name="Should Contain" owner="BuiltIn">
<arg>${ssh}</arg>
<arg>Authentication timeout: 60 secs; Authentication retries: 3</arg>
<doc>Fails if ``container`` does not contain ``item`` one or more times.</doc>
<status status="PASS" start="2026-09-13T10:57:27.162013" elapsed="0.000229"/>
</kw>
<kw name="Show" owner="common">
<kw name="Router Host" owner="common">
<return>
<value>${ROUTERS}[${r}][host]</value>
<status status="PASS" start="2026-09-13T10:57:27.162894" elapsed="0.000030"/>
</return>
<msg time="2026-09-13T10:57:27.163059" level="INFO">${host} = 10.2.0.11</msg>
<var>${host}</var>
<arg>${r}</arg>
<status status="PASS" start="2026-09-13T10:57:27.162725" elapsed="0.000359"/>
</kw>
<kw name="Run Command" owner="LabLib">
<msg time="2026-09-13T10:57:27.735373" level="INFO" html="true">&lt;pre&gt;10.2.0.11# show run | section ^line vty
line vty 0 4
 access-class MGMT-ACCESS in vrf-also
 activation-character 13
 logging synchronous
 transport input ssh&lt;/pre&gt;</msg>
<msg time="2026-09-13T10:57:27.735547" level="INFO">${out} = line vty 0 4
 access-class MGMT-ACCESS in vrf-also
 activation-character 13
 logging synchronous
 transport input ssh</msg>
<var>${out}</var>
<arg>${host}</arg>
<arg>${command}</arg>
<arg>${timeout}</arg>
<doc>Run a show/exec command on a switch over SSH and return its output.</doc>
<status status="PASS" start="2026-09-13T10:57:27.163172" elapsed="0.572415"/>
</kw>
<return>
<value>${out}</value>
<status status="PASS" start="2026-09-13T10:57:27.735664" elapsed="0.000057"/>
</return>
<msg time="2026-09-13T10:57:27.735863" level="INFO">${vty} = line vty 0 4
 access-class MGMT-ACCESS in vrf-also
 activation-character 13
 logging synchronous
 transport input ssh</msg>
<var>${vty}</var>
<arg>${r}</arg>
<arg>show run | section ^line vty</arg>
<doc>Run a show command on a router by name.</doc>
<status status="PASS" start="2026-09-13T10:57:27.162407" elapsed="0.573479"/>
</kw>
<kw name="Should Contain" owner="BuiltIn">
<arg>${vty}</arg>
<arg>transport input ssh</arg>
<doc>Fails if ``container`` does not contain ``item`` one or more times.</doc>
<status status="PASS" start="2026-09-13T10:57:27.736033" elapsed="0.000455"/>
</kw>
<kw name="Should Contain" owner="BuiltIn">
<arg>${vty}</arg>
<arg>access-class ${MGMT_ACL} in vrf-also</arg>
<doc>Fails if ``container`` does not contain ``item`` one or more times.</doc>
<status status="PASS" start="2026-09-13T10:57:27.736583" elapsed="0.000275"/>
</kw>
<kw name="Show" owner="common">
<kw name="Router Host" owner="common">
<return>
<value>${ROUTERS}[${r}][host]</value>
<status status="PASS" start="2026-09-13T10:57:27.737511" elapsed="0.000030"/>
</return>
<msg time="2026-09-13T10:57:27.737671" level="INFO">${host} = 10.2.0.11</msg>
<var>${host}</var>
<arg>${r}</arg>
<status status="PASS" start="2026-09-13T10:57:27.737355" elapsed="0.000374"/>
</kw>
<kw name="Run Command" owner="LabLib">
<msg time="2026-09-13T10:57:28.234453" level="INFO" html="true">&lt;pre&gt;10.2.0.11# show ip access-lists MGMT-ACCESS
Standard IP access list MGMT-ACCESS
    20 permit 10.2.0.0, wildcard bits 0.0.0.255 (118 matches)
    30 deny   any log&lt;/pre&gt;</msg>
<msg time="2026-09-13T10:57:28.234739" level="INFO">${out} = Standard IP access list MGMT-ACCESS
    20 permit 10.2.0.0, wildcard bits 0.0.0.255 (118 matches)
    30 deny   any log</msg>
<var>${out}</var>
<arg>${host}</arg>
<arg>${command}</arg>
<arg>${timeout}</arg>
<doc>Run a show/exec command on a switch over SSH and return its output.</doc>
<status status="PASS" start="2026-09-13T10:57:27.737818" elapsed="0.496956"/>
</kw>
<return>
<value>${out}</value>
<status status="PASS" start="2026-09-13T10:57:28.234853" elapsed="0.000050"/>
</return>
<msg time="2026-09-13T10:57:28.235049" level="INFO">${acl} = Standard IP access list MGMT-ACCESS
    20 permit 10.2.0.0, wildcard bits 0.0.0.255 (118 matches)
    30 deny   any log</msg>
<var>${acl}</var>
<arg>${r}</arg>
<arg>show ip access-lists ${MGMT_ACL}</arg>
<doc>Run a show command on a router by name.</doc>
<status status="PASS" start="2026-09-13T10:57:27.737016" elapsed="0.498058"/>
</kw>
<kw name="Should Match Regexp" owner="BuiltIn">
<arg>${acl}</arg>
<arg>20 permit 10\\.2\\.0\\.0, wildcard bits 0\\.0\\.0\\.255</arg>
<doc>Fails if ``string`` does not match ``pattern`` as a regular expression.</doc>
<status status="PASS" start="2026-09-13T10:57:28.235369" elapsed="0.000490"/>
</kw>
<kw name="Show" owner="common">
<kw name="Router Host" owner="common">
<return>
<value>${ROUTERS}[${r}][host]</value>
<status status="PASS" start="2026-09-13T10:57:28.236541" elapsed="0.000032"/>
</return>
<msg time="2026-09-13T10:57:28.236722" level="INFO">${host} = 10.2.0.11</msg>
<var>${host}</var>
<arg>${r}</arg>
<status status="PASS" start="2026-09-13T10:57:28.236351" elapsed="0.000396"/>
</kw>
<kw name="Run Command" owner="LabLib">
<msg time="2026-09-13T10:57:28.834065" level="INFO" html="true">&lt;pre&gt;10.2.0.11# show run | section ^banner motd
banner motd ^CC8000v IPsec VTI lab - managed by Network-as-Code (Terraform).^C&lt;/pre&gt;</msg>
<msg time="2026-09-13T10:57:28.834245" level="INFO">${out} = banner motd ^CC8000v IPsec VTI lab - managed by Network-as-Code (Terraform).^C</msg>
<var>${out}</var>
<arg>${host}</arg>
<arg>${command}</arg>
<arg>${timeout}</arg>
<doc>Run a show/exec command on a switch over SSH and return its output.</doc>
<status status="PASS" start="2026-09-13T10:57:28.236841" elapsed="0.597435"/>
</kw>
<return>
<value>${out}</value>
<status status="PASS" start="2026-09-13T10:57:28.834359" elapsed="0.000054"/>
</return>
<msg time="2026-09-13T10:57:28.834567" level="INFO">${banner} = banner motd ^CC8000v IPsec VTI lab - managed by Network-as-Code (Terraform).^C</msg>
<var>${banner}</var>
<arg>${r}</arg>
<arg>show run | section ^banner motd</arg>
<doc>Run a show command on a router by name.</doc>
<status status="PASS" start="2026-09-13T10:57:28.236039" elapsed="0.598553"/>
</kw>
<kw name="Should Contain" owner="BuiltIn">
<arg>${banner}</arg>
<arg>${BANNER_TEXT}</arg>
<doc>Fails if ``container`` does not contain ``item`` one or more times.</doc>
<status status="PASS" start="2026-09-13T10:57:28.834752" elapsed="0.000404"/>
</kw>
<var name="${r}">hub</var>
<status status="PASS" start="2026-09-13T10:57:26.098248" elapsed="2.736946"/>
</iter>
<iter>
<kw name="Show" owner="common">
<kw name="Router Host" owner="common">
<return>
<value>${ROUTERS}[${r}][host]</value>
<status status="PASS" start="2026-09-13T10:57:28.836029" elapsed="0.000033"/>
</return>
<msg time="2026-09-13T10:57:28.836201" level="INFO">${host} = 10.2.0.12</msg>
<var>${host}</var>
<arg>${r}</arg>
<status status="PASS" start="2026-09-13T10:57:28.835838" elapsed="0.000387"/>
</kw>
<kw name="Run Command" owner="LabLib">
<msg time="2026-09-13T10:57:29.418299" level="INFO" html="true">&lt;pre&gt;10.2.0.12# show run | include ^aaa
aaa new-model
aaa authentication login default local
aaa authorization exec default local 
aaa session-id common&lt;/pre&gt;</msg>
<msg time="2026-09-13T10:57:29.418566" level="INFO">${out} = aaa new-model
aaa authentication login default local
aaa authorization exec default local 
aaa session-id common</msg>
<var>${out}</var>
<arg>${host}</arg>
<arg>${command}</arg>
<arg>${timeout}</arg>
<doc>Run a show/exec command on a switch over SSH and return its output.</doc>
<status status="PASS" start="2026-09-13T10:57:28.836315" elapsed="0.582290"/>
</kw>
<return>
<value>${out}</value>
<status status="PASS" start="2026-09-13T10:57:29.418720" elapsed="0.000050"/>
</return>
<msg time="2026-09-13T10:57:29.418929" level="INFO">${aaa} = aaa new-model
aaa authentication login default local
aaa authorization exec default local 
aaa session-id common</msg>
<var>${aaa}</var>
<arg>${r}</arg>
<arg>show run | include ^aaa</arg>
<doc>Run a show command on a router by name.</doc>
<status status="PASS" start="2026-09-13T10:57:28.835494" elapsed="0.583463"/>
</kw>
<kw name="Should Match Regexp" owner="BuiltIn">
<arg>${aaa}</arg>
<arg>(?m)^aaa new-model$</arg>
<doc>Fails if ``string`` does not match ``pattern`` as a regular expression.</doc>
<status status="PASS" start="2026-09-13T10:57:29.419097" elapsed="0.000354"/>
</kw>
<kw name="Should Match Regexp" owner="BuiltIn">
<arg>${aaa}</arg>
<arg>(?m)^aaa authentication login default local$</arg>
<doc>Fails if ``string`` does not match ``pattern`` as a regular expression.</doc>
<status status="PASS" start="2026-09-13T10:57:29.419552" elapsed="0.000285"/>
</kw>
<kw name="Should Match Regexp" owner="BuiltIn">
<arg>${aaa}</arg>
<arg>(?m)^aaa authorization exec default local\\s*$</arg>
<doc>Fails if ``string`` does not match ``pattern`` as a regular expression.</doc>
<status status="PASS" start="2026-09-13T10:57:29.419937" elapsed="0.000243"/>
</kw>
<kw name="Show" owner="common">
<kw name="Router Host" owner="common">
<return>
<value>${ROUTERS}[${r}][host]</value>
<status status="PASS" start="2026-09-13T10:57:29.420848" elapsed="0.000029"/>
</return>
<msg time="2026-09-13T10:57:29.421020" level="INFO">${host} = 10.2.0.12</msg>
<var>${host}</var>
<arg>${r}</arg>
<status status="PASS" start="2026-09-13T10:57:29.420648" elapsed="0.000397"/>
</kw>
<kw name="Run Command" owner="LabLib">
<msg time="2026-09-13T10:57:29.907470" level="INFO" html="true">&lt;pre&gt;10.2.0.12# show ip ssh
SSH Enabled - version 2.0
Authentication methods:publickey,keyboard-interactive,password
Authentication Publickey Algorithms:ssh-rsa,ecdsa-sha2-nistp256,ecdsa-sha2-nistp384,ecdsa-sha2-nistp521,ssh-ed25519,x509v3-ecdsa-sha2-nistp256,x509v3-ecdsa-sha2-nistp384,x509v3-ecdsa-sha2-nistp521,rsa-sha2-256,rsa-sha2-512,x509v3-rsa2048-sha256
Hostkey Algorithms:ecdsa-sha2-nistp256,ecdsa-sha2-nistp384,ecdsa-sha2-nistp521,rsa-sha2-512,rsa-sha2-256,ssh-rsa
Encryption Algorithms:chacha20-poly1305@openssh.com,aes128-gcm@openssh.com,aes256-gcm@openssh.com,aes128-gcm,aes256-gcm,aes128-ctr,aes192-ctr,aes256-ctr
MAC Algorithms:hmac-sha2-256-etm@openssh.com,hmac-sha2-512-etm@openssh.com,hmac-sha2-256,hmac-sha2-512
KEX Algorithms:curve25519-sha256,curve25519-sha256@libssh.org,ecdh-sha2-nistp256,ecdh-sha2-nistp384,ecdh-sha2-nistp521,diffie-hellman-group14-sha256,diffie-hellman-group16-sha512
Authentication timeout: 60 secs; Authentication retries: 3
Minimum expected Diffie Hellman key size : 2048 bits
IOS Keys in SECSH format(ssh-rsa, base64 encoded): SSH-KEY
Modulus Size : 2048 bits
ssh-rsa AAAAB3NzaC1yc2EAAAADAQABAAABAQC5s7TyiwqzBVLXTNbmd9VLSGgrGNnSRrDIEL7siTCB
vajx0rQKzFhzoQ0+Hjdb03DvV4f4W2iE1pXgefDiyto3lDGH4vu0BsfyWqh0lfgwyDPniYBkA3fltUgJ
/5yux6XUw4nnnp++dcy8yRZ4WUilpodg5SMDBZC2Z+6ZidCKIuM8kc7qxVXHhQ5ZrabLQVjQxf3t6MtQ
nhfVBSM1vyOwuNibtCxORyEMRp+HJ+XploNHvAR93VGFF9qbkfw8F+qL2Mr1CtzKkIecA6zBfgK7hurX
5MD9AEnpXYg/nHpF8iuzsVDnHtJSq2lGeiceY258O9eZvL1wT7PhyW11p6v7                    
IOS Keys in SECSH format(ssh-ec, base64 encoded): NONE&lt;/pre&gt;</msg>
<msg time="2026-09-13T10:57:29.907666" level="INFO">${out} = SSH Enabled - version 2.0
Authentication methods:publickey,keyboard-interactive,password
Authentication Publickey Algorithms:ssh-rsa,ecdsa-sha2-nistp256,ecdsa-sha2-nistp384,ecdsa-sha2-nistp521,ssh-ed2...</msg>
<var>${out}</var>
<arg>${host}</arg>
<arg>${command}</arg>
<arg>${timeout}</arg>
<doc>Run a show/exec command on a switch over SSH and return its output.</doc>
<status status="PASS" start="2026-09-13T10:57:29.421128" elapsed="0.486625"/>
</kw>
<return>
<value>${out}</value>
<status status="PASS" start="2026-09-13T10:57:29.907840" elapsed="0.000051"/>
</return>
<msg time="2026-09-13T10:57:29.908053" level="INFO">${ssh} = SSH Enabled - version 2.0
Authentication methods:publickey,keyboard-interactive,password
Authentication Publickey Algorithms:ssh-rsa,ecdsa-sha2-nistp256,ecdsa-sha2-nistp384,ecdsa-sha2-nistp521,ssh-ed2...</msg>
<var>${ssh}</var>
<arg>${r}</arg>
<arg>show ip ssh</arg>
<doc>Run a show command on a router by name.</doc>
<status status="PASS" start="2026-09-13T10:57:29.420343" elapsed="0.487737"/>
</kw>
<kw name="Should Contain" owner="BuiltIn">
<arg>${ssh}</arg>
<arg>SSH Enabled - version 2.0</arg>
<doc>Fails if ``container`` does not contain ``item`` one or more times.</doc>
<status status="PASS" start="2026-09-13T10:57:29.908221" elapsed="0.000370"/>
</kw>
<kw name="Should Contain" owner="BuiltIn">
<arg>${ssh}</arg>
<arg>Authentication timeout: 60 secs; Authentication retries: 3</arg>
<doc>Fails if ``container`` does not contain ``item`` one or more times.</doc>
<status status="PASS" start="2026-09-13T10:57:29.908705" elapsed="0.000283"/>
</kw>
<kw name="Show" owner="common">
<kw name="Router Host" owner="common">
<return>
<value>${ROUTERS}[${r}][host]</value>
<status status="PASS" start="2026-09-13T10:57:29.909649" elapsed="0.000043"/>
</return>
<msg time="2026-09-13T10:57:29.909843" level="INFO">${host} = 10.2.0.12</msg>
<var>${host}</var>
<arg>${r}</arg>
<status status="PASS" start="2026-09-13T10:57:29.909465" elapsed="0.000400"/>
</kw>
<kw name="Run Command" owner="LabLib">
<msg time="2026-09-13T10:57:30.456674" level="INFO" html="true">&lt;pre&gt;10.2.0.12# show run | section ^line vty
line vty 0 4
 access-class MGMT-ACCESS in vrf-also
 activation-character 13
 logging synchronous
 transport input ssh&lt;/pre&gt;</msg>
<msg time="2026-09-13T10:57:30.456859" level="INFO">${out} = line vty 0 4
 access-class MGMT-ACCESS in vrf-also
 activation-character 13
 logging synchronous
 transport input ssh</msg>
<var>${out}</var>
<arg>${host}</arg>
<arg>${command}</arg>
<arg>${timeout}</arg>
<doc>Run a show/exec command on a switch over SSH and return its output.</doc>
<status status="PASS" start="2026-09-13T10:57:29.909955" elapsed="0.546933"/>
</kw>
<return>
<value>${out}</value>
<status status="PASS" start="2026-09-13T10:57:30.456977" elapsed="0.000053"/>
</return>
<msg time="2026-09-13T10:57:30.457172" level="INFO">${vty} = line vty 0 4
 access-class MGMT-ACCESS in vrf-also
 activation-character 13
 logging synchronous
 transport input ssh</msg>
<var>${vty}</var>
<arg>${r}</arg>
<arg>show run | section ^line vty</arg>
<doc>Run a show command on a router by name.</doc>
<status status="PASS" start="2026-09-13T10:57:29.909153" elapsed="0.548043"/>
</kw>
<kw name="Should Contain" owner="BuiltIn">
<arg>${vty}</arg>
<arg>transport input ssh</arg>
<doc>Fails if ``container`` does not contain ``item`` one or more times.</doc>
<status status="PASS" start="2026-09-13T10:57:30.457324" elapsed="0.000350"/>
</kw>
<kw name="Should Contain" owner="BuiltIn">
<arg>${vty}</arg>
<arg>access-class ${MGMT_ACL} in vrf-also</arg>
<doc>Fails if ``container`` does not contain ``item`` one or more times.</doc>
<status status="PASS" start="2026-09-13T10:57:30.457767" elapsed="0.000263"/>
</kw>
<kw name="Show" owner="common">
<kw name="Router Host" owner="common">
<return>
<value>${ROUTERS}[${r}][host]</value>
<status status="PASS" start="2026-09-13T10:57:30.458691" elapsed="0.000026"/>
</return>
<msg time="2026-09-13T10:57:30.458862" level="INFO">${host} = 10.2.0.12</msg>
<var>${host}</var>
<arg>${r}</arg>
<status status="PASS" start="2026-09-13T10:57:30.458522" elapsed="0.000364"/>
</kw>
<kw name="Run Command" owner="LabLib">
<msg time="2026-09-13T10:57:30.965517" level="INFO" html="true">&lt;pre&gt;10.2.0.12# show ip access-lists MGMT-ACCESS
Standard IP access list MGMT-ACCESS
    20 permit 10.2.0.0, wildcard bits 0.0.0.255 (108 matches)
    30 deny   any log&lt;/pre&gt;</msg>
<msg time="2026-09-13T10:57:30.965708" level="INFO">${out} = Standard IP access list MGMT-ACCESS
    20 permit 10.2.0.0, wildcard bits 0.0.0.255 (108 matches)
    30 deny   any log</msg>
<var>${out}</var>
<arg>${host}</arg>
<arg>${command}</arg>
<arg>${timeout}</arg>
<doc>Run a show/exec command on a switch over SSH and return its output.</doc>
<status status="PASS" start="2026-09-13T10:57:30.458967" elapsed="0.506771"/>
</kw>
<return>
<value>${out}</value>
<status status="PASS" start="2026-09-13T10:57:30.965798" elapsed="0.000042"/>
</return>
<msg time="2026-09-13T10:57:30.965985" level="INFO">${acl} = Standard IP access list MGMT-ACCESS
    20 permit 10.2.0.0, wildcard bits 0.0.0.255 (108 matches)
    30 deny   any log</msg>
<var>${acl}</var>
<arg>${r}</arg>
<arg>show ip access-lists ${MGMT_ACL}</arg>
<doc>Run a show command on a router by name.</doc>
<status status="PASS" start="2026-09-13T10:57:30.458197" elapsed="0.507806"/>
</kw>
<kw name="Should Match Regexp" owner="BuiltIn">
<arg>${acl}</arg>
<arg>20 permit 10\\.2\\.0\\.0, wildcard bits 0\\.0\\.0\\.255</arg>
<doc>Fails if ``string`` does not match ``pattern`` as a regular expression.</doc>
<status status="PASS" start="2026-09-13T10:57:30.966141" elapsed="0.000320"/>
</kw>
<kw name="Show" owner="common">
<kw name="Router Host" owner="common">
<return>
<value>${ROUTERS}[${r}][host]</value>
<status status="PASS" start="2026-09-13T10:57:30.967095" elapsed="0.000027"/>
</return>
<msg time="2026-09-13T10:57:30.967226" level="INFO">${host} = 10.2.0.12</msg>
<var>${host}</var>
<arg>${r}</arg>
<status status="PASS" start="2026-09-13T10:57:30.966916" elapsed="0.000326"/>
</kw>
<kw name="Run Command" owner="LabLib">
<msg time="2026-09-13T10:57:31.514162" level="INFO" html="true">&lt;pre&gt;10.2.0.12# show run | section ^banner motd
banner motd ^CC8000v IPsec VTI lab - managed by Network-as-Code (Terraform).^C&lt;/pre&gt;</msg>
<msg time="2026-09-13T10:57:31.514375" level="INFO">${out} = banner motd ^CC8000v IPsec VTI lab - managed by Network-as-Code (Terraform).^C</msg>
<var>${out}</var>
<arg>${host}</arg>
<arg>${command}</arg>
<arg>${timeout}</arg>
<doc>Run a show/exec command on a switch over SSH and return its output.</doc>
<status status="PASS" start="2026-09-13T10:57:30.967338" elapsed="0.547068"/>
</kw>
<return>
<value>${out}</value>
<status status="PASS" start="2026-09-13T10:57:31.514493" elapsed="0.000054"/>
</return>
<msg time="2026-09-13T10:57:31.514826" level="INFO">${banner} = banner motd ^CC8000v IPsec VTI lab - managed by Network-as-Code (Terraform).^C</msg>
<var>${banner}</var>
<arg>${r}</arg>
<arg>show run | section ^banner motd</arg>
<doc>Run a show command on a router by name.</doc>
<status status="PASS" start="2026-09-13T10:57:30.966596" elapsed="0.548267"/>
</kw>
<kw name="Should Contain" owner="BuiltIn">
<arg>${banner}</arg>
<arg>${BANNER_TEXT}</arg>
<doc>Fails if ``container`` does not contain ``item`` one or more times.</doc>
<status status="PASS" start="2026-09-13T10:57:31.515024" elapsed="0.000379"/>
</kw>
<var name="${r}">spoke1</var>
<status status="PASS" start="2026-09-13T10:57:28.835338" elapsed="2.680105"/>
</iter>
<iter>
<kw name="Show" owner="common">
<kw name="Router Host" owner="common">
<return>
<value>${ROUTERS}[${r}][host]</value>
<status status="PASS" start="2026-09-13T10:57:31.516263" elapsed="0.000031"/>
</return>
<msg time="2026-09-13T10:57:31.516438" level="INFO">${host} = 10.2.0.13</msg>
<var>${host}</var>
<arg>${r}</arg>
<status status="PASS" start="2026-09-13T10:57:31.516086" elapsed="0.000377"/>
</kw>
<kw name="Run Command" owner="LabLib">
<msg time="2026-09-13T10:57:32.063648" level="INFO" html="true">&lt;pre&gt;10.2.0.13# show run | include ^aaa
aaa new-model
aaa authentication login default local
aaa authorization exec default local 
aaa session-id common&lt;/pre&gt;</msg>
<msg time="2026-09-13T10:57:32.063834" level="INFO">${out} = aaa new-model
aaa authentication login default local
aaa authorization exec default local 
aaa session-id common</msg>
<var>${out}</var>
<arg>${host}</arg>
<arg>${command}</arg>
<arg>${timeout}</arg>
<doc>Run a show/exec command on a switch over SSH and return its output.</doc>
<status status="PASS" start="2026-09-13T10:57:31.516566" elapsed="0.547329"/>
</kw>
<return>
<value>${out}</value>
<status status="PASS" start="2026-09-13T10:57:32.063977" elapsed="0.000380"/>
</return>
<msg time="2026-09-13T10:57:32.064550" level="INFO">${aaa} = aaa new-model
aaa authentication login default local
aaa authorization exec default local 
aaa session-id common</msg>
<var>${aaa}</var>
<arg>${r}</arg>
<arg>show run | include ^aaa</arg>
<doc>Run a show command on a router by name.</doc>
<status status="PASS" start="2026-09-13T10:57:31.515764" elapsed="0.548813"/>
</kw>
<kw name="Should Match Regexp" owner="BuiltIn">
<arg>${aaa}</arg>
<arg>(?m)^aaa new-model$</arg>
<doc>Fails if ``string`` does not match ``pattern`` as a regular expression.</doc>
<status status="PASS" start="2026-09-13T10:57:32.065027" elapsed="0.000377"/>
</kw>
<kw name="Should Match Regexp" owner="BuiltIn">
<arg>${aaa}</arg>
<arg>(?m)^aaa authentication login default local$</arg>
<doc>Fails if ``string`` does not match ``pattern`` as a regular expression.</doc>
<status status="PASS" start="2026-09-13T10:57:32.065521" elapsed="0.000436"/>
</kw>
<kw name="Should Match Regexp" owner="BuiltIn">
<arg>${aaa}</arg>
<arg>(?m)^aaa authorization exec default local\\s*$</arg>
<doc>Fails if ``string`` does not match ``pattern`` as a regular expression.</doc>
<status status="PASS" start="2026-09-13T10:57:32.066060" elapsed="0.000249"/>
</kw>
<kw name="Show" owner="common">
<kw name="Router Host" owner="common">
<return>
<value>${ROUTERS}[${r}][host]</value>
<status status="PASS" start="2026-09-13T10:57:32.067164" elapsed="0.000041"/>
</return>
<msg time="2026-09-13T10:57:32.067346" level="INFO">${host} = 10.2.0.13</msg>
<var>${host}</var>
<arg>${r}</arg>
<status status="PASS" start="2026-09-13T10:57:32.066892" elapsed="0.000482"/>
</kw>
<kw name="Run Command" owner="LabLib">
<msg time="2026-09-13T10:57:32.553848" level="INFO" html="true">&lt;pre&gt;10.2.0.13# show ip ssh
SSH Enabled - version 2.0
Authentication methods:publickey,keyboard-interactive,password
Authentication Publickey Algorithms:ssh-rsa,ecdsa-sha2-nistp256,ecdsa-sha2-nistp384,ecdsa-sha2-nistp521,ssh-ed25519,x509v3-ecdsa-sha2-nistp256,x509v3-ecdsa-sha2-nistp384,x509v3-ecdsa-sha2-nistp521,rsa-sha2-256,rsa-sha2-512,x509v3-rsa2048-sha256
Hostkey Algorithms:ecdsa-sha2-nistp256,ecdsa-sha2-nistp384,ecdsa-sha2-nistp521,rsa-sha2-512,rsa-sha2-256,ssh-rsa
Encryption Algorithms:chacha20-poly1305@openssh.com,aes128-gcm@openssh.com,aes256-gcm@openssh.com,aes128-gcm,aes256-gcm,aes128-ctr,aes192-ctr,aes256-ctr
MAC Algorithms:hmac-sha2-256-etm@openssh.com,hmac-sha2-512-etm@openssh.com,hmac-sha2-256,hmac-sha2-512
KEX Algorithms:curve25519-sha256,curve25519-sha256@libssh.org,ecdh-sha2-nistp256,ecdh-sha2-nistp384,ecdh-sha2-nistp521,diffie-hellman-group14-sha256,diffie-hellman-group16-sha512
Authentication timeout: 60 secs; Authentication retries: 3
Minimum expected Diffie Hellman key size : 2048 bits
IOS Keys in SECSH format(ssh-rsa, base64 encoded): SSH-KEY
Modulus Size : 2048 bits
ssh-rsa AAAAB3NzaC1yc2EAAAADAQABAAABAQDm/zbsHB3F6ALbvgIKmQMYligSurJ4sTAhdcvolT3Q
JmC2Q79i0AWFStZQBZ6bqfHu+Kk304GAKHlixt+6q10AwyvedEp1dqyGzB0Raxf75ctg10RmJ4N0jjYH
oxS3Y4fQ3oV3iaX3dQTukzU6Z9EwShdDz/xwjViqeHjVYcnw1vLAoRgYN8NKOCCZl2gt8x3azwosUFpI
qJSwiNkXYTYbZVacG7f8MHppQBZHG8NiN6z1BbTJ0Jmyq7dSIqfFvqh7wG4XzCs9SD8dT/o9bHqI4avG
Y17wh4fYB5nTBAxWT7u5EKq4sZBjY++eEfEl7Bt96wULCKfF/U2wRxIRJDoV                    
IOS Keys in SECSH format(ssh-ec, base64 encoded): NONE&lt;/pre&gt;</msg>
<msg time="2026-09-13T10:57:32.554054" level="INFO">${out} = SSH Enabled - version 2.0
Authentication methods:publickey,keyboard-interactive,password
Authentication Publickey Algorithms:ssh-rsa,ecdsa-sha2-nistp256,ecdsa-sha2-nistp384,ecdsa-sha2-nistp521,ssh-ed2...</msg>
<var>${out}</var>
<arg>${host}</arg>
<arg>${command}</arg>
<arg>${timeout}</arg>
<doc>Run a show/exec command on a switch over SSH and return its output.</doc>
<status status="PASS" start="2026-09-13T10:57:32.067458" elapsed="0.486629"/>
</kw>
<return>
<value>${out}</value>
<status status="PASS" start="2026-09-13T10:57:32.554162" elapsed="0.000060"/>
</return>
<msg time="2026-09-13T10:57:32.554381" level="INFO">${ssh} = SSH Enabled - version 2.0
Authentication methods:publickey,keyboard-interactive,password
Authentication Publickey Algorithms:ssh-rsa,ecdsa-sha2-nistp256,ecdsa-sha2-nistp384,ecdsa-sha2-nistp521,ssh-ed2...</msg>
<var>${ssh}</var>
<arg>${r}</arg>
<arg>show ip ssh</arg>
<doc>Run a show command on a router by name.</doc>
<status status="PASS" start="2026-09-13T10:57:32.066474" elapsed="0.487930"/>
</kw>
<kw name="Should Contain" owner="BuiltIn">
<arg>${ssh}</arg>
<arg>SSH Enabled - version 2.0</arg>
<doc>Fails if ``container`` does not contain ``item`` one or more times.</doc>
<status status="PASS" start="2026-09-13T10:57:32.554544" elapsed="0.000403"/>
</kw>
<kw name="Should Contain" owner="BuiltIn">
<arg>${ssh}</arg>
<arg>Authentication timeout: 60 secs; Authentication retries: 3</arg>
<doc>Fails if ``container`` does not contain ``item`` one or more times.</doc>
<status status="PASS" start="2026-09-13T10:57:32.555046" elapsed="0.000250"/>
</kw>
<kw name="Show" owner="common">
<kw name="Router Host" owner="common">
<return>
<value>${ROUTERS}[${r}][host]</value>
<status status="PASS" start="2026-09-13T10:57:32.555962" elapsed="0.000033"/>
</return>
[...]
<status status="PASS" start="2026-09-13T10:59:21.020901" elapsed="0.000429"/>
</iter>
<iter>
<kw name="Should Be True" owner="BuiltIn">
<arg>${row}[compliance]</arg>
<arg>msg=non-compliant: ${row}[device] ${row}[rule] missing=${row}[missing] extra=${row}[extra]</arg>
<doc>Fails if the given condition is not true.</doc>
<status status="PASS" start="2026-09-13T10:59:21.021468" elapsed="0.000350"/>
</kw>
<var name="${row}">{'id': 'e477024c-5c30-4f43-a53b-5a7c2cb4fd9a', 'object_type': 'nautobot_golden_config.configcompliance', 'display': 'spoke2 -&gt; cisco_xe - Management ACL -&gt; True', 'url': 'http://10.0.0.10:8080/api/plu...</var>
<status status="PASS" start="2026-09-13T10:59:21.021410" elapsed="0.000440"/>
</iter>
<iter>
<kw name="Should Be True" owner="BuiltIn">
<arg>${row}[compliance]</arg>
<arg>msg=non-compliant: ${row}[device] ${row}[rule] missing=${row}[missing] extra=${row}[extra]</arg>
<doc>Fails if the given condition is not true.</doc>
<status status="PASS" start="2026-09-13T10:59:21.021993" elapsed="0.000338"/>
</kw>
<var name="${row}">{'id': '946eea56-6831-4ee0-84a6-078694c9414a', 'object_type': 'nautobot_golden_config.configcompliance', 'display': 'spoke2 -&gt; cisco_xe - Management interface -&gt; True', 'url': 'http://10.0.0.10:8080/a...</var>
<status status="PASS" start="2026-09-13T10:59:21.021933" elapsed="0.000431"/>
</iter>
<iter>
<kw name="Should Be True" owner="BuiltIn">
<arg>${row}[compliance]</arg>
<arg>msg=non-compliant: ${row}[device] ${row}[rule] missing=${row}[missing] extra=${row}[extra]</arg>
<doc>Fails if the given condition is not true.</doc>
<status status="PASS" start="2026-09-13T10:59:21.022506" elapsed="0.000331"/>
</kw>
<var name="${row}">{'id': '6db19c14-8383-41b9-a7bf-793a876f6868', 'object_type': 'nautobot_golden_config.configcompliance', 'display': 'spoke2 -&gt; cisco_xe - NTP -&gt; True', 'url': 'http://10.0.0.10:8080/api/plugins/golden...</var>
<status status="PASS" start="2026-09-13T10:59:21.022444" elapsed="0.000428"/>
</iter>
<iter>
<kw name="Should Be True" owner="BuiltIn">
<arg>${row}[compliance]</arg>
<arg>msg=non-compliant: ${row}[device] ${row}[rule] missing=${row}[missing] extra=${row}[extra]</arg>
<doc>Fails if the given condition is not true.</doc>
<status status="PASS" start="2026-09-13T10:59:21.023016" elapsed="0.000321"/>
</kw>
<var name="${row}">{'id': '43b395ed-8b20-4391-b716-e7e1d48d45a3', 'object_type': 'nautobot_golden_config.configcompliance', 'display': 'spoke2 -&gt; cisco_xe - Port-channel -&gt; True', 'url': 'http://10.0.0.10:8080/api/plugi...</var>
<status status="PASS" start="2026-09-13T10:59:21.022952" elapsed="0.000420"/>
</iter>
<iter>
<kw name="Should Be True" owner="BuiltIn">
<arg>${row}[compliance]</arg>
<arg>msg=non-compliant: ${row}[device] ${row}[rule] missing=${row}[missing] extra=${row}[extra]</arg>
<doc>Fails if the given condition is not true.</doc>
<status status="PASS" start="2026-09-13T10:59:21.023516" elapsed="0.000359"/>
</kw>
<var name="${row}">{'id': 'a16a382a-52ec-475c-a1c4-99b6a95cbe84', 'object_type': 'nautobot_golden_config.configcompliance', 'display': 'spoke2 -&gt; cisco_xe - SNMP -&gt; True', 'url': 'http://10.0.0.10:8080/api/plugins/golde...</var>
<status status="PASS" start="2026-09-13T10:59:21.023453" elapsed="0.000459"/>
</iter>
<iter>
<kw name="Should Be True" owner="BuiltIn">
<arg>${row}[compliance]</arg>
<arg>msg=non-compliant: ${row}[device] ${row}[rule] missing=${row}[missing] extra=${row}[extra]</arg>
<doc>Fails if the given condition is not true.</doc>
<status status="PASS" start="2026-09-13T10:59:21.024054" elapsed="0.000325"/>
</kw>
<var name="${row}">{'id': 'f56e4f40-6aff-4f4d-89ef-ed3028e7f7d7', 'object_type': 'nautobot_golden_config.configcompliance', 'display': 'spoke2 -&gt; cisco_xe - SVIs -&gt; True', 'url': 'http://10.0.0.10:8080/api/plugins/golde...</var>
<status status="PASS" start="2026-09-13T10:59:21.023987" elapsed="0.000427"/>
</iter>
<iter>
<kw name="Should Be True" owner="BuiltIn">
<arg>${row}[compliance]</arg>
<arg>msg=non-compliant: ${row}[device] ${row}[rule] missing=${row}[missing] extra=${row}[extra]</arg>
<doc>Fails if the given condition is not true.</doc>
<status status="PASS" start="2026-09-13T10:59:21.024562" elapsed="0.000345"/>
</kw>
<var name="${row}">{'id': '41e0c15a-babd-46e0-8f0d-135996112672', 'object_type': 'nautobot_golden_config.configcompliance', 'display': 'spoke2 -&gt; cisco_xe - Static routes -&gt; True', 'url': 'http://10.0.0.10:8080/api/plug...</var>
<status status="PASS" start="2026-09-13T10:59:21.024496" elapsed="0.000444"/>
</iter>
<iter>
<kw name="Should Be True" owner="BuiltIn">
<arg>${row}[compliance]</arg>
<arg>msg=non-compliant: ${row}[device] ${row}[rule] missing=${row}[missing] extra=${row}[extra]</arg>
<doc>Fails if the given condition is not true.</doc>
<status status="PASS" start="2026-09-13T10:59:21.025083" elapsed="0.000334"/>
</kw>
<var name="${row}">{'id': '026f2121-4acf-4fef-92e6-07dc4b9e00df', 'object_type': 'nautobot_golden_config.configcompliance', 'display': 'spoke2 -&gt; cisco_xe - Syslog -&gt; True', 'url': 'http://10.0.0.10:8080/api/plugins/gol...</var>
<status status="PASS" start="2026-09-13T10:59:21.025017" elapsed="0.000430"/>
</iter>
<iter>
<kw name="Should Be True" owner="BuiltIn">
<arg>${row}[compliance]</arg>
<arg>msg=non-compliant: ${row}[device] ${row}[rule] missing=${row}[missing] extra=${row}[extra]</arg>
<doc>Fails if the given condition is not true.</doc>
<status status="PASS" start="2026-09-13T10:59:21.025585" elapsed="0.000357"/>
</kw>
<var name="${row}">{'id': 'ae1cb3c4-a35b-49a7-8370-17f792e1e0b4', 'object_type': 'nautobot_golden_config.configcompliance', 'display': 'spoke2 -&gt; cisco_xe - VLAN database -&gt; True', 'url': 'http://10.0.0.10:8080/api/plug...</var>
<status status="PASS" start="2026-09-13T10:59:21.025524" elapsed="0.000449"/>
</iter>
<iter>
<kw name="Should Be True" owner="BuiltIn">
<arg>${row}[compliance]</arg>
<arg>msg=non-compliant: ${row}[device] ${row}[rule] missing=${row}[missing] extra=${row}[extra]</arg>
<doc>Fails if the given condition is not true.</doc>
<status status="PASS" start="2026-09-13T10:59:21.026116" elapsed="0.000333"/>
</kw>
<var name="${row}">{'id': 'd0e13761-ba0a-41f9-ad64-4111f0201751', 'object_type': 'nautobot_golden_config.configcompliance', 'display': 'spoke2 -&gt; cisco_xe - VRF definitions -&gt; True', 'url': 'http://10.0.0.10:8080/api/pl...</var>
<status status="PASS" start="2026-09-13T10:59:21.026057" elapsed="0.000424"/>
</iter>
<iter>
<kw name="Should Be True" owner="BuiltIn">
<arg>${row}[compliance]</arg>
<arg>msg=non-compliant: ${row}[device] ${row}[rule] missing=${row}[missing] extra=${row}[extra]</arg>
<doc>Fails if the given condition is not true.</doc>
<status status="PASS" start="2026-09-13T10:59:21.026621" elapsed="0.000342"/>
</kw>
<var name="${row}">{'id': '2f22b09e-7117-4f17-b9f1-9db1c1d73836', 'object_type': 'nautobot_golden_config.configcompliance', 'display': 'spoke2 -&gt; cisco_xe - WAN interface -&gt; True', 'url': 'http://10.0.0.10:8080/api/plug...</var>
<status status="PASS" start="2026-09-13T10:59:21.026564" elapsed="0.000435"/>
</iter>
<iter>
<kw name="Should Be True" owner="BuiltIn">
<arg>${row}[compliance]</arg>
<arg>msg=non-compliant: ${row}[device] ${row}[rule] missing=${row}[missing] extra=${row}[extra]</arg>
<doc>Fails if the given condition is not true.</doc>
<status status="PASS" start="2026-09-13T10:59:21.027154" elapsed="0.000324"/>
</kw>
<var name="${row}">{'id': 'daf9695e-df74-4a4d-ac03-4d4beea498a8', 'object_type': 'nautobot_golden_config.configcompliance', 'display': 'spoke3 -&gt; cisco_xe - BGP -&gt; True', 'url': 'http://10.0.0.10:8080/api/plugins/golden...</var>
<status status="PASS" start="2026-09-13T10:59:21.027089" elapsed="0.000425"/>
</iter>
<iter>
<kw name="Should Be True" owner="BuiltIn">
<arg>${row}[compliance]</arg>
<arg>msg=non-compliant: ${row}[device] ${row}[rule] missing=${row}[missing] extra=${row}[extra]</arg>
<doc>Fails if the given condition is not true.</doc>
<status status="PASS" start="2026-09-13T10:59:21.027660" elapsed="0.000356"/>
</kw>
<var name="${row}">{'id': '0d2ff199-cff3-4b2f-b73c-55374de3b516', 'object_type': 'nautobot_golden_config.configcompliance', 'display': 'spoke3 -&gt; cisco_xe - BGP policy -&gt; True', 'url': 'http://10.0.0.10:8080/api/plugins...</var>
<status status="PASS" start="2026-09-13T10:59:21.027593" elapsed="0.000461"/>
</iter>
<iter>
<kw name="Should Be True" owner="BuiltIn">
<arg>${row}[compliance]</arg>
<arg>msg=non-compliant: ${row}[device] ${row}[rule] missing=${row}[missing] extra=${row}[extra]</arg>
<doc>Fails if the given condition is not true.</doc>
<status status="PASS" start="2026-09-13T10:59:21.028194" elapsed="0.000352"/>
</kw>
<var name="${row}">{'id': '60f6b5b6-afec-43d2-83a0-da0a22421fae', 'object_type': 'nautobot_golden_config.configcompliance', 'display': 'spoke3 -&gt; cisco_xe - Banner -&gt; True', 'url': 'http://10.0.0.10:8080/api/plugins/gol...</var>
<status status="PASS" start="2026-09-13T10:59:21.028130" elapsed="0.000449"/>
</iter>
<iter>
<kw name="Should Be True" owner="BuiltIn">
<arg>${row}[compliance]</arg>
<arg>msg=non-compliant: ${row}[device] ${row}[rule] missing=${row}[missing] extra=${row}[extra]</arg>
<doc>Fails if the given condition is not true.</doc>
<status status="PASS" start="2026-09-13T10:59:21.028737" elapsed="0.000336"/>
</kw>
<var name="${row}">{'id': '826d692d-d070-4305-ac7e-06c5ed0ed411', 'object_type': 'nautobot_golden_config.configcompliance', 'display': 'spoke3 -&gt; cisco_xe - DMVPN tunnel -&gt; True', 'url': 'http://10.0.0.10:8080/api/plugi...</var>
<status status="PASS" start="2026-09-13T10:59:21.028661" elapsed="0.000444"/>
</iter>
<iter>
<kw name="Should Be True" owner="BuiltIn">
<arg>${row}[compliance]</arg>
<arg>msg=non-compliant: ${row}[device] ${row}[rule] missing=${row}[missing] extra=${row}[extra]</arg>
<doc>Fails if the given condition is not true.</doc>
<status status="PASS" start="2026-09-13T10:59:21.029254" elapsed="0.000323"/>
</kw>
<var name="${row}">{'id': '20b3e585-14da-4d3c-9318-ec3f15bccef1', 'object_type': 'nautobot_golden_config.configcompliance', 'display': 'spoke3 -&gt; cisco_xe - IKEv2/IPsec -&gt; True', 'url': 'http://10.0.0.10:8080/api/plugin...</var>
<status status="PASS" start="2026-09-13T10:59:21.029192" elapsed="0.000419"/>
</iter>
<iter>
<kw name="Should Be True" owner="BuiltIn">
<arg>${row}[compliance]</arg>
<arg>msg=non-compliant: ${row}[device] ${row}[rule] missing=${row}[missing] extra=${row}[extra]</arg>
<doc>Fails if the given condition is not true.</doc>
<status status="PASS" start="2026-09-13T10:59:21.029774" elapsed="0.000327"/>
</kw>
<var name="${row}">{'id': 'ecb34856-1734-497c-b09f-c8c95d8961d9', 'object_type': 'nautobot_golden_config.configcompliance', 'display': 'spoke3 -&gt; cisco_xe - Loopbacks -&gt; True', 'url': 'http://10.0.0.10:8080/api/plugins/...</var>
<status status="PASS" start="2026-09-13T10:59:21.029706" elapsed="0.000432"/>
</iter>
<iter>
<kw name="Should Be True" owner="BuiltIn">
<arg>${row}[compliance]</arg>
<arg>msg=non-compliant: ${row}[device] ${row}[rule] missing=${row}[missing] extra=${row}[extra]</arg>
<doc>Fails if the given condition is not true.</doc>
<status status="PASS" start="2026-09-13T10:59:21.030291" elapsed="0.000340"/>
</kw>
<var name="${row}">{'id': '8b1048dd-cbc1-4008-a825-b562634a3fe4', 'object_type': 'nautobot_golden_config.configcompliance', 'display': 'spoke3 -&gt; cisco_xe - Management ACL -&gt; True', 'url': 'http://10.0.0.10:8080/api/plu...</var>
<status status="PASS" start="2026-09-13T10:59:21.030218" elapsed="0.000449"/>
</iter>
<iter>
<kw name="Should Be True" owner="BuiltIn">
<arg>${row}[compliance]</arg>
<arg>msg=non-compliant: ${row}[device] ${row}[rule] missing=${row}[missing] extra=${row}[extra]</arg>
<doc>Fails if the given condition is not true.</doc>
<status status="PASS" start="2026-09-13T10:59:21.030823" elapsed="0.000335"/>
</kw>
<var name="${row}">{'id': '8da8522d-e596-43d3-abec-5f37a65858f8', 'object_type': 'nautobot_golden_config.configcompliance', 'display': 'spoke3 -&gt; cisco_xe - Management interface -&gt; True', 'url': 'http://10.0.0.10:8080/a...</var>
<status status="PASS" start="2026-09-13T10:59:21.030759" elapsed="0.000433"/>
</iter>
<iter>
<kw name="Should Be True" owner="BuiltIn">
<arg>${row}[compliance]</arg>
<arg>msg=non-compliant: ${row}[device] ${row}[rule] missing=${row}[missing] extra=${row}[extra]</arg>
<doc>Fails if the given condition is not true.</doc>
<status status="PASS" start="2026-09-13T10:59:21.031450" elapsed="0.000370"/>
</kw>
<var name="${row}">{'id': '0b56c778-8d12-4e57-81c3-11f7b37078bb', 'object_type': 'nautobot_golden_config.configcompliance', 'display': 'spoke3 -&gt; cisco_xe - NTP -&gt; True', 'url': 'http://10.0.0.10:8080/api/plugins/golden...</var>
<status status="PASS" start="2026-09-13T10:59:21.031374" elapsed="0.000479"/>
</iter>
<iter>
<kw name="Should Be True" owner="BuiltIn">
<arg>${row}[compliance]</arg>
<arg>msg=non-compliant: ${row}[device] ${row}[rule] missing=${row}[missing] extra=${row}[extra]</arg>
<doc>Fails if the given condition is not true.</doc>
<status status="PASS" start="2026-09-13T10:59:21.032019" elapsed="0.000416"/>
</kw>
<var name="${row}">{'id': 'a6885590-ac44-46c9-ab0f-5bd535b578cf', 'object_type': 'nautobot_golden_config.configcompliance', 'display': 'spoke3 -&gt; cisco_xe - Port-channel -&gt; True', 'url': 'http://10.0.0.10:8080/api/plugi...</var>
<status status="PASS" start="2026-09-13T10:59:21.031952" elapsed="0.000515"/>
</iter>
<iter>
<kw name="Should Be True" owner="BuiltIn">
<arg>${row}[compliance]</arg>
<arg>msg=non-compliant: ${row}[device] ${row}[rule] missing=${row}[missing] extra=${row}[extra]</arg>
<doc>Fails if the given condition is not true.</doc>
<status status="PASS" start="2026-09-13T10:59:21.032617" elapsed="0.000364"/>
</kw>
<var name="${row}">{'id': 'e129a4dd-e77c-482e-906c-2e370008a8f0', 'object_type': 'nautobot_golden_config.configcompliance', 'display': 'spoke3 -&gt; cisco_xe - SNMP -&gt; True', 'url': 'http://10.0.0.10:8080/api/plugins/golde...</var>
<status status="PASS" start="2026-09-13T10:59:21.032556" elapsed="0.000462"/>
</iter>
<iter>
<kw name="Should Be True" owner="BuiltIn">
<arg>${row}[compliance]</arg>
<arg>msg=non-compliant: ${row}[device] ${row}[rule] missing=${row}[missing] extra=${row}[extra]</arg>
<doc>Fails if the given condition is not true.</doc>
<status status="PASS" start="2026-09-13T10:59:21.033165" elapsed="0.000338"/>
</kw>
<var name="${row}">{'id': 'c99b6a1a-9889-40b3-8cf5-1e182d124c32', 'object_type': 'nautobot_golden_config.configcompliance', 'display': 'spoke3 -&gt; cisco_xe - SVIs -&gt; True', 'url': 'http://10.0.0.10:8080/api/plugins/golde...</var>
<status status="PASS" start="2026-09-13T10:59:21.033097" elapsed="0.000443"/>
</iter>
<iter>
<kw name="Should Be True" owner="BuiltIn">
<arg>${row}[compliance]</arg>
<arg>msg=non-compliant: ${row}[device] ${row}[rule] missing=${row}[missing] extra=${row}[extra]</arg>
<doc>Fails if the given condition is not true.</doc>
<status status="PASS" start="2026-09-13T10:59:21.033682" elapsed="0.000354"/>
</kw>
<var name="${row}">{'id': '7d7bd8df-3cc5-4e00-8fae-3b68d1ffc5fe', 'object_type': 'nautobot_golden_config.configcompliance', 'display': 'spoke3 -&gt; cisco_xe - Static routes -&gt; True', 'url': 'http://10.0.0.10:8080/api/plug...</var>
<status status="PASS" start="2026-09-13T10:59:21.033617" elapsed="0.000453"/>
</iter>
<iter>
<kw name="Should Be True" owner="BuiltIn">
<arg>${row}[compliance]</arg>
<arg>msg=non-compliant: ${row}[device] ${row}[rule] missing=${row}[missing] extra=${row}[extra]</arg>
<doc>Fails if the given condition is not true.</doc>
<status status="PASS" start="2026-09-13T10:59:21.034224" elapsed="0.000333"/>
</kw>
<var name="${row}">{'id': '29844e2a-409e-4f4d-9144-b3787c9e2c1e', 'object_type': 'nautobot_golden_config.configcompliance', 'display': 'spoke3 -&gt; cisco_xe - Syslog -&gt; True', 'url': 'http://10.0.0.10:8080/api/plugins/gol...</var>
<status status="PASS" start="2026-09-13T10:59:21.034166" elapsed="0.000421"/>
</iter>
<iter>
<kw name="Should Be True" owner="BuiltIn">
<arg>${row}[compliance]</arg>
<arg>msg=non-compliant: ${row}[device] ${row}[rule] missing=${row}[missing] extra=${row}[extra]</arg>
<doc>Fails if the given condition is not true.</doc>
<status status="PASS" start="2026-09-13T10:59:21.034748" elapsed="0.000321"/>
</kw>
<var name="${row}">{'id': '8a45d19a-0f5d-42b9-95dd-61a582489178', 'object_type': 'nautobot_golden_config.configcompliance', 'display': 'spoke3 -&gt; cisco_xe - VLAN database -&gt; True', 'url': 'http://10.0.0.10:8080/api/plug...</var>
<status status="PASS" start="2026-09-13T10:59:21.034670" elapsed="0.000430"/>
</iter>
<iter>
<kw name="Should Be True" owner="BuiltIn">
<arg>${row}[compliance]</arg>
<arg>msg=non-compliant: ${row}[device] ${row}[rule] missing=${row}[missing] extra=${row}[extra]</arg>
<doc>Fails if the given condition is not true.</doc>
<status status="PASS" start="2026-09-13T10:59:21.035247" elapsed="0.000331"/>
</kw>
<var name="${row}">{'id': '3793c20e-85b4-4f58-8564-cc7e32f1756d', 'object_type': 'nautobot_golden_config.configcompliance', 'display': 'spoke3 -&gt; cisco_xe - VRF definitions -&gt; True', 'url': 'http://10.0.0.10:8080/api/pl...</var>
<status status="PASS" start="2026-09-13T10:59:21.035186" elapsed="0.000427"/>
</iter>
<iter>
<kw name="Should Be True" owner="BuiltIn">
<arg>${row}[compliance]</arg>
<arg>msg=non-compliant: ${row}[device] ${row}[rule] missing=${row}[missing] extra=${row}[extra]</arg>
<doc>Fails if the given condition is not true.</doc>
<status status="PASS" start="2026-09-13T10:59:21.035778" elapsed="0.000338"/>
</kw>
<var name="${row}">{'id': '0af23435-edc6-4a04-bc35-b133a3b4045d', 'object_type': 'nautobot_golden_config.configcompliance', 'display': 'spoke3 -&gt; cisco_xe - WAN interface -&gt; True', 'url': 'http://10.0.0.10:8080/api/plug...</var>
<status status="PASS" start="2026-09-13T10:59:21.035711" elapsed="0.000442"/>
</iter>
<var>${row}</var>
<value>@{cc}[results]</value>
<status status="PASS" start="2026-09-13T10:59:20.999835" elapsed="0.036351"/>
</for>
<status status="PASS" start="2026-09-13T10:59:19.971678" elapsed="1.064663"/>
</test>
<kw name="Suite Teardown Close Connections" owner="common" type="TEARDOWN">
<kw name="Close All Connections" owner="LabLib">
<status status="PASS" start="2026-09-13T10:59:21.036874" elapsed="0.041765"/>
</kw>
<status status="PASS" start="2026-09-13T10:59:21.036722" elapsed="0.042030"/>
</kw>
<doc>The IPsec lab as modelled in the shared Nautobot: devices match the routers, p2p links are cabled,
the VPN lives in the core VPN app (VPN, tunnels, hub/spoke endpoints, profile with Phase 1/2 policies),
eBGP peerings match the live sessions, the rendered NAC device model matches the committed file,
Golden Config is compliant.</doc>
<status status="FAIL" start="2026-09-13T10:58:56.077646" elapsed="25.001145"/>
</suite>
<status status="FAIL" start="2026-09-13T10:57:05.287777" elapsed="135.792195"/>
</suite>
<statistics>
<total>
<stat pass="25" fail="1" skip="0">All Tests</stat>
</total>
<tag>
<stat pass="2" fail="0" skip="0">nac</stat>
</tag>
<suite>
<stat name="c8000v ipsec vti lab" id="s1" pass="25" fail="1" skip="0">c8000v ipsec vti lab</stat>
<stat name="01 Management" id="s1-s1" pass="4" fail="0" skip="0">c8000v ipsec vti lab.01 Management</stat>
<stat name="02 Underlay" id="s1-s2" pass="4" fail="0" skip="0">c8000v ipsec vti lab.02 Underlay</stat>
<stat name="03 Ipsec Vti" id="s1-s3" pass="5" fail="0" skip="0">c8000v ipsec vti lab.03 Ipsec Vti</stat>
<stat name="04 Routing" id="s1-s4" pass="5" fail="0" skip="0">c8000v ipsec vti lab.04 Routing</stat>
<stat name="05 Nac Compliance" id="s1-s5" pass="1" fail="0" skip="0">c8000v ipsec vti lab.05 Nac Compliance</stat>
<stat name="06 Nautobot" id="s1-s6" pass="6" fail="1" skip="0">c8000v ipsec vti lab.06 Nautobot</stat>
</suite>
</statistics>
<errors>
</errors>
</robot>
