<?xml version="1.0" encoding="UTF-8"?>
<robot generator="Robot 7.4.2 (Python 3.14.4 on linux)" generated="2026-09-13T09:02:48.508053" rpa="false" schemaversion="5">
<suite id="s1" name="c8000v ipsec vti lab" source="/home/dcantor/cat8000v-ipsec/tests/suites">
<suite id="s1-s1" name="01 Management" source="/home/dcantor/cat8000v-ipsec/tests/suites/01_management.robot">
<test id="s1-s1-t1" name="Routers are reachable over the OOB network with SSH and RESTCONF" line="7">
<for flavor="IN">
<iter>
<kw name="Router Host" owner="common">
<return>
<value>${ROUTERS}[${r}][host]</value>
<status status="PASS" start="2026-09-13T09:02:48.699514" elapsed="0.000040"/>
</return>
<msg time="2026-09-13T09:02:48.699722" level="INFO">${host} = 10.2.0.11</msg>
<var>${host}</var>
<arg>${r}</arg>
<status status="PASS" start="2026-09-13T09:02:48.699239" elapsed="0.000512"/>
</kw>
<kw name="Host Ping" owner="LabLib">
<msg time="2026-09-13T09:02:50.744135" level="INFO">PING 10.2.0.11 (10.2.0.11) 56(84) bytes of data.
64 bytes from 10.2.0.11: icmp_seq=1 ttl=255 time=0.302 ms
64 bytes from 10.2.0.11: icmp_seq=2 ttl=255 time=0.227 ms
64 bytes from 10.2.0.11: icmp_seq=3 ttl=255 time=0.227 ms

--- 10.2.0.11 ping statistics ---
3 packets transmitted, 3 received, 0% packet loss, time 2040ms
rtt min/avg/max/mdev = 0.227/0.252/0.302/0.035 ms
</msg>
<arg>${host}</arg>
<doc>ICMP ping from the host; fails unless at least one reply.</doc>
<status status="PASS" start="2026-09-13T09:02:48.700061" elapsed="2.044214"/>
</kw>
<kw name="Tcp Port Should Be Open" owner="LabLib">
<arg>${host}</arg>
<arg>22</arg>
<status status="PASS" start="2026-09-13T09:02:50.744467" elapsed="0.001021"/>
</kw>
<kw name="Tcp Port Should Be Open" owner="LabLib">
<arg>${host}</arg>
<arg>443</arg>
<status status="PASS" start="2026-09-13T09:02:50.745620" elapsed="0.000543"/>
</kw>
<kw name="Restconf Get" owner="LabLib">
<msg time="2026-09-13T09:02:50.800326" level="INFO">GET https://10.2.0.11/restconf/data/Cisco-IOS-XE-native:native/hostname -&gt; 200
{
  "Cisco-IOS-XE-native:hostname": "hub"
}
</msg>
<msg time="2026-09-13T09:02:50.801478" level="INFO">${json} = {'Cisco-IOS-XE-native:hostname': 'hub'}</msg>
<var>${json}</var>
<arg>${host}</arg>
<arg>Cisco-IOS-XE-native:native/hostname</arg>
<doc>GET /restconf/data/&lt;path&gt; and return the parsed JSON.</doc>
<status status="PASS" start="2026-09-13T09:02:50.746291" elapsed="0.055229"/>
</kw>
<kw name="Should Be Equal" owner="BuiltIn">
<arg>${json}[Cisco-IOS-XE-native:hostname]</arg>
<arg>${r}</arg>
<doc>Fails if the given objects are unequal.</doc>
<status status="PASS" start="2026-09-13T09:02:50.801675" elapsed="0.000638"/>
</kw>
<kw name="Show" owner="common">
<kw name="Router Host" owner="common">
<return>
<value>${ROUTERS}[${r}][host]</value>
<status status="PASS" start="2026-09-13T09:02:50.803372" elapsed="0.000088"/>
</return>
<msg time="2026-09-13T09:02:50.803661" level="INFO">${host} = 10.2.0.11</msg>
<var>${host}</var>
<arg>${r}</arg>
<status status="PASS" start="2026-09-13T09:02:50.803171" elapsed="0.000524"/>
</kw>
<kw name="Run Command" owner="LabLib">
<msg time="2026-09-13T09:02:52.289969" level="INFO" html="true">&lt;pre&gt;10.2.0.11# show version | include uptime|Version 17
Cisco IOS XE Software, Version 17.15.06
Cisco IOS Software [IOSXE], Virtual XE Software (X86_64_LINUX_IOSD-UNIVERSALK9-M), Version 17.15.6, RELEASE SOFTWARE (fc2)
hub uptime is 14 hours, 31 minutes&lt;/pre&gt;</msg>
<msg time="2026-09-13T09:02:52.290154" level="INFO">${out} = Cisco IOS XE Software, Version 17.15.06
Cisco IOS Software [IOSXE], Virtual XE Software (X86_64_LINUX_IOSD-UNIVERSALK9-M), Version 17.15.6, RELEASE SOFTWARE (fc2)
hub uptime is 14 hours, 31 minutes</msg>
<var>${out}</var>
<arg>${host}</arg>
<arg>${command}</arg>
<arg>${timeout}</arg>
<doc>Run a show/exec command on a switch over SSH and return its output.</doc>
<status status="PASS" start="2026-09-13T09:02:50.803797" elapsed="1.486392"/>
</kw>
<return>
<value>${out}</value>
<status status="PASS" start="2026-09-13T09:02:52.290276" elapsed="0.000052"/>
</return>
<msg time="2026-09-13T09:02:52.290486" level="INFO">${ver} = Cisco IOS XE Software, Version 17.15.06
Cisco IOS Software [IOSXE], Virtual XE Software (X86_64_LINUX_IOSD-UNIVERSALK9-M), Version 17.15.6, RELEASE SOFTWARE (fc2)
hub uptime is 14 hours, 31 minutes</msg>
<var>${ver}</var>
<arg>${r}</arg>
<arg>show version | include uptime|Version 17</arg>
<doc>Run a show command on a router by name.</doc>
<status status="PASS" start="2026-09-13T09:02:50.802583" elapsed="1.487929"/>
</kw>
<kw name="Should Contain" owner="BuiltIn">
<arg>${ver}</arg>
<arg>${r} uptime</arg>
<doc>Fails if ``container`` does not contain ``item`` one or more times.</doc>
<status status="PASS" start="2026-09-13T09:02:52.290651" elapsed="0.000661"/>
</kw>
<kw name="Should Contain" owner="BuiltIn">
<arg>${ver}</arg>
<arg>Version 17.15</arg>
<doc>Fails if ``container`` does not contain ``item`` one or more times.</doc>
<status status="PASS" start="2026-09-13T09:02:52.291420" elapsed="0.000292"/>
</kw>
<var name="${r}">hub</var>
<status status="PASS" start="2026-09-13T09:02:48.698904" elapsed="3.592848"/>
</iter>
<iter>
<kw name="Router Host" owner="common">
<return>
<value>${ROUTERS}[${r}][host]</value>
<status status="PASS" start="2026-09-13T09:02:52.292247" elapsed="0.000038"/>
</return>
<msg time="2026-09-13T09:02:52.292426" level="INFO">${host} = 10.2.0.12</msg>
<var>${host}</var>
<arg>${r}</arg>
<status status="PASS" start="2026-09-13T09:02:52.292032" elapsed="0.000418"/>
</kw>
<kw name="Host Ping" owner="LabLib">
<msg time="2026-09-13T09:02:54.326336" level="INFO">PING 10.2.0.12 (10.2.0.12) 56(84) bytes of data.
64 bytes from 10.2.0.12: icmp_seq=1 ttl=255 time=0.333 ms
64 bytes from 10.2.0.12: icmp_seq=2 ttl=255 time=0.202 ms
64 bytes from 10.2.0.12: icmp_seq=3 ttl=255 time=0.192 ms

--- 10.2.0.12 ping statistics ---
3 packets transmitted, 3 received, 0% packet loss, time 2032ms
rtt min/avg/max/mdev = 0.192/0.242/0.333/0.064 ms
</msg>
<arg>${host}</arg>
<doc>ICMP ping from the host; fails unless at least one reply.</doc>
<status status="PASS" start="2026-09-13T09:02:52.292537" elapsed="2.033916"/>
</kw>
<kw name="Tcp Port Should Be Open" owner="LabLib">
<arg>${host}</arg>
<arg>22</arg>
<status status="PASS" start="2026-09-13T09:02:54.326623" elapsed="0.001005"/>
</kw>
<kw name="Tcp Port Should Be Open" owner="LabLib">
<arg>${host}</arg>
<arg>443</arg>
<status status="PASS" start="2026-09-13T09:02:54.327758" elapsed="0.001209"/>
</kw>
<kw name="Restconf Get" owner="LabLib">
<msg time="2026-09-13T09:02:54.380319" level="INFO">GET https://10.2.0.12/restconf/data/Cisco-IOS-XE-native:native/hostname -&gt; 200
{
  "Cisco-IOS-XE-native:hostname": "spoke1"
}
</msg>
<msg time="2026-09-13T09:02:54.381465" level="INFO">${json} = {'Cisco-IOS-XE-native:hostname': 'spoke1'}</msg>
<var>${json}</var>
<arg>${host}</arg>
<arg>Cisco-IOS-XE-native:native/hostname</arg>
<doc>GET /restconf/data/&lt;path&gt; and return the parsed JSON.</doc>
<status status="PASS" start="2026-09-13T09:02:54.329113" elapsed="0.052394"/>
</kw>
<kw name="Should Be Equal" owner="BuiltIn">
<arg>${json}[Cisco-IOS-XE-native:hostname]</arg>
<arg>${r}</arg>
<doc>Fails if the given objects are unequal.</doc>
<status status="PASS" start="2026-09-13T09:02:54.381673" elapsed="0.000424"/>
</kw>
<kw name="Show" owner="common">
<kw name="Router Host" owner="common">
<return>
<value>${ROUTERS}[${r}][host]</value>
<status status="PASS" start="2026-09-13T09:02:54.382815" elapsed="0.000039"/>
</return>
<msg time="2026-09-13T09:02:54.383001" level="INFO">${host} = 10.2.0.12</msg>
<var>${host}</var>
<arg>${r}</arg>
<status status="PASS" start="2026-09-13T09:02:54.382618" elapsed="0.000404"/>
</kw>
<kw name="Run Command" owner="LabLib">
<msg time="2026-09-13T09:02:55.876533" level="INFO" html="true">&lt;pre&gt;10.2.0.12# show version | include uptime|Version 17
Cisco IOS XE Software, Version 17.15.06
Cisco IOS Software [IOSXE], Virtual XE Software (X86_64_LINUX_IOSD-UNIVERSALK9-M), Version 17.15.6, RELEASE SOFTWARE (fc2)
spoke1 uptime is 14 hours, 35 minutes&lt;/pre&gt;</msg>
<msg time="2026-09-13T09:02:55.876724" level="INFO">${out} = Cisco IOS XE Software, Version 17.15.06
Cisco IOS Software [IOSXE], Virtual XE Software (X86_64_LINUX_IOSD-UNIVERSALK9-M), Version 17.15.6, RELEASE SOFTWARE (fc2)
spoke1 uptime is 14 hours, 35 minutes</msg>
<var>${out}</var>
<arg>${host}</arg>
<arg>${command}</arg>
<arg>${timeout}</arg>
<doc>Run a show/exec command on a switch over SSH and return its output.</doc>
<status status="PASS" start="2026-09-13T09:02:54.383120" elapsed="1.493669"/>
</kw>
<return>
<value>${out}</value>
<status status="PASS" start="2026-09-13T09:02:55.876877" elapsed="0.000054"/>
</return>
<msg time="2026-09-13T09:02:55.877079" level="INFO">${ver} = Cisco IOS XE Software, Version 17.15.06
Cisco IOS Software [IOSXE], Virtual XE Software (X86_64_LINUX_IOSD-UNIVERSALK9-M), Version 17.15.6, RELEASE SOFTWARE (fc2)
spoke1 uptime is 14 hours, 35 minutes</msg>
<var>${ver}</var>
<arg>${r}</arg>
<arg>show version | include uptime|Version 17</arg>
<doc>Run a show command on a router by name.</doc>
<status status="PASS" start="2026-09-13T09:02:54.382284" elapsed="1.494818"/>
</kw>
<kw name="Should Contain" owner="BuiltIn">
<arg>${ver}</arg>
<arg>${r} uptime</arg>
<doc>Fails if ``container`` does not contain ``item`` one or more times.</doc>
<status status="PASS" start="2026-09-13T09:02:55.877235" elapsed="0.000389"/>
</kw>
<kw name="Should Contain" owner="BuiltIn">
<arg>${ver}</arg>
<arg>Version 17.15</arg>
<doc>Fails if ``container`` does not contain ``item`` one or more times.</doc>
<status status="PASS" start="2026-09-13T09:02:55.877726" elapsed="0.000254"/>
</kw>
<var name="${r}">spoke1</var>
<status status="PASS" start="2026-09-13T09:02:52.291903" elapsed="3.586111"/>
</iter>
<iter>
<kw name="Router Host" owner="common">
<return>
<value>${ROUTERS}[${r}][host]</value>
<status status="PASS" start="2026-09-13T09:02:55.878475" elapsed="0.000032"/>
</return>
<msg time="2026-09-13T09:02:55.878645" level="INFO">${host} = 10.2.0.13</msg>
<var>${host}</var>
<arg>${r}</arg>
<status status="PASS" start="2026-09-13T09:02:55.878266" elapsed="0.000404"/>
</kw>
<kw name="Host Ping" owner="LabLib">
<msg time="2026-09-13T09:02:57.910485" level="INFO">PING 10.2.0.13 (10.2.0.13) 56(84) bytes of data.
64 bytes from 10.2.0.13: icmp_seq=1 ttl=255 time=0.310 ms
64 bytes from 10.2.0.13: icmp_seq=2 ttl=255 time=0.278 ms
64 bytes from 10.2.0.13: icmp_seq=3 ttl=255 time=0.259 ms

--- 10.2.0.13 ping statistics ---
3 packets transmitted, 3 received, 0% packet loss, time 2029ms
rtt min/avg/max/mdev = 0.259/0.282/0.310/0.021 ms
</msg>
<arg>${host}</arg>
<doc>ICMP ping from the host; fails unless at least one reply.</doc>
<status status="PASS" start="2026-09-13T09:02:55.878776" elapsed="2.031827"/>
</kw>
<kw name="Tcp Port Should Be Open" owner="LabLib">
<arg>${host}</arg>
<arg>22</arg>
<status status="PASS" start="2026-09-13T09:02:57.910785" elapsed="0.000941"/>
</kw>
<kw name="Tcp Port Should Be Open" owner="LabLib">
<arg>${host}</arg>
<arg>443</arg>
<status status="PASS" start="2026-09-13T09:02:57.911824" elapsed="0.000465"/>
</kw>
<kw name="Restconf Get" owner="LabLib">
<msg time="2026-09-13T09:02:57.954526" level="INFO">GET https://10.2.0.13/restconf/data/Cisco-IOS-XE-native:native/hostname -&gt; 200
{
  "Cisco-IOS-XE-native:hostname": "spoke2"
}
</msg>
<msg time="2026-09-13T09:02:57.955698" level="INFO">${json} = {'Cisco-IOS-XE-native:hostname': 'spoke2'}</msg>
<var>${json}</var>
<arg>${host}</arg>
<arg>Cisco-IOS-XE-native:native/hostname</arg>
<doc>GET /restconf/data/&lt;path&gt; and return the parsed JSON.</doc>
<status status="PASS" start="2026-09-13T09:02:57.912396" elapsed="0.043364"/>
</kw>
<kw name="Should Be Equal" owner="BuiltIn">
<arg>${json}[Cisco-IOS-XE-native:hostname]</arg>
<arg>${r}</arg>
<doc>Fails if the given objects are unequal.</doc>
<status status="PASS" start="2026-09-13T09:02:57.955923" elapsed="0.000348"/>
</kw>
<kw name="Show" owner="common">
<kw name="Router Host" owner="common">
<return>
<value>${ROUTERS}[${r}][host]</value>
<status status="PASS" start="2026-09-13T09:02:57.956827" elapsed="0.000034"/>
</return>
<msg time="2026-09-13T09:02:57.956978" level="INFO">${host} = 10.2.0.13</msg>
<var>${host}</var>
<arg>${r}</arg>
<status status="PASS" start="2026-09-13T09:02:57.956659" elapsed="0.000348"/>
</kw>
<kw name="Run Command" owner="LabLib">
<msg time="2026-09-13T09:02:59.440470" level="INFO" html="true">&lt;pre&gt;10.2.0.13# show version | include uptime|Version 17
Cisco IOS XE Software, Version 17.15.06
Cisco IOS Software [IOSXE], Virtual XE Software (X86_64_LINUX_IOSD-UNIVERSALK9-M), Version 17.15.6, RELEASE SOFTWARE (fc2)
spoke2 uptime is 14 hours, 35 minutes&lt;/pre&gt;</msg>
<msg time="2026-09-13T09:02:59.440646" level="INFO">${out} = Cisco IOS XE Software, Version 17.15.06
Cisco IOS Software [IOSXE], Virtual XE Software (X86_64_LINUX_IOSD-UNIVERSALK9-M), Version 17.15.6, RELEASE SOFTWARE (fc2)
spoke2 uptime is 14 hours, 35 minutes</msg>
<var>${out}</var>
<arg>${host}</arg>
<arg>${command}</arg>
<arg>${timeout}</arg>
<doc>Run a show/exec command on a switch over SSH and return its output.</doc>
<status status="PASS" start="2026-09-13T09:02:57.957090" elapsed="1.483585"/>
</kw>
<return>
<value>${out}</value>
<status status="PASS" start="2026-09-13T09:02:59.440761" elapsed="0.000051"/>
</return>
<msg time="2026-09-13T09:02:59.440960" level="INFO">${ver} = Cisco IOS XE Software, Version 17.15.06
Cisco IOS Software [IOSXE], Virtual XE Software (X86_64_LINUX_IOSD-UNIVERSALK9-M), Version 17.15.6, RELEASE SOFTWARE (fc2)
spoke2 uptime is 14 hours, 35 minutes</msg>
<var>${ver}</var>
<arg>${r}</arg>
<arg>show version | include uptime|Version 17</arg>
<doc>Run a show command on a router by name.</doc>
<status status="PASS" start="2026-09-13T09:02:57.956417" elapsed="1.484570"/>
</kw>
<kw name="Should Contain" owner="BuiltIn">
<arg>${ver}</arg>
<arg>${r} uptime</arg>
<doc>Fails if ``container`` does not contain ``item`` one or more times.</doc>
<status status="PASS" start="2026-09-13T09:02:59.441137" elapsed="0.000401"/>
</kw>
<kw name="Should Contain" owner="BuiltIn">
<arg>${ver}</arg>
<arg>Version 17.15</arg>
<doc>Fails if ``container`` does not contain ``item`` one or more times.</doc>
<status status="PASS" start="2026-09-13T09:02:59.441628" elapsed="0.000256"/>
</kw>
<var name="${r}">spoke2</var>
<status status="PASS" start="2026-09-13T09:02:55.878150" elapsed="3.563773"/>
</iter>
<var>${r}</var>
<value>@{ROUTER_NAMES}</value>
<status status="PASS" start="2026-09-13T09:02:48.698662" elapsed="10.743294"/>
</for>
<status status="PASS" start="2026-09-13T09:02:48.698408" elapsed="10.743674"/>
</test>
<test id="s1-s1-t2" name="Management interface lives in Mgmt-vrf with a default route to the host" line="20">
<for flavor="IN">
<iter>
<kw name="Show" owner="common">
<kw name="Router Host" owner="common">
<return>
<value>${ROUTERS}[${r}][host]</value>
<status status="PASS" start="2026-09-13T09:02:59.443363" elapsed="0.000032"/>
</return>
<msg time="2026-09-13T09:02:59.443532" level="INFO">${host} = 10.2.0.11</msg>
<var>${host}</var>
<arg>${r}</arg>
<status status="PASS" start="2026-09-13T09:02:59.443193" elapsed="0.000366"/>
</kw>
<kw name="Run Command" owner="LabLib">
<msg time="2026-09-13T09:02:59.940279" level="INFO" html="true">&lt;pre&gt;10.2.0.11# show run interface GigabitEthernet1
Building configuration...

Current configuration : 141 bytes
!
interface GigabitEthernet1
 description OOB management
 vrf forwarding Mgmt-vrf
 ip address 10.2.0.11 255.255.255.0
 negotiation auto
end
&lt;/pre&gt;</msg>
<msg time="2026-09-13T09:02:59.940458" level="INFO">${out} = Building configuration...

Current configuration : 141 bytes
!
interface GigabitEthernet1
 description OOB management
 vrf forwarding Mgmt-vrf
 ip address 10.2.0.11 255.255.255.0
 negotiation auto
end...</msg>
<var>${out}</var>
<arg>${host}</arg>
<arg>${command}</arg>
<arg>${timeout}</arg>
<doc>Run a show/exec command on a switch over SSH and return its output.</doc>
<status status="PASS" start="2026-09-13T09:02:59.443639" elapsed="0.496850"/>
</kw>
<return>
<value>${out}</value>
<status status="PASS" start="2026-09-13T09:02:59.940570" elapsed="0.000049"/>
</return>
<msg time="2026-09-13T09:02:59.940800" level="INFO">${cfg} = Building configuration...

Current configuration : 141 bytes
!
interface GigabitEthernet1
 description OOB management
 vrf forwarding Mgmt-vrf
 ip address 10.2.0.11 255.255.255.0
 negotiation auto
end...</msg>
<var>${cfg}</var>
<arg>${r}</arg>
<arg>show run interface GigabitEthernet1</arg>
<doc>Run a show command on a router by name.</doc>
<status status="PASS" start="2026-09-13T09:02:59.442905" elapsed="0.497952"/>
</kw>
<kw name="Should Contain" owner="BuiltIn">
<arg>${cfg}</arg>
<arg>vrf forwarding Mgmt-vrf</arg>
<doc>Fails if ``container`` does not contain ``item`` one or more times.</doc>
<status status="PASS" start="2026-09-13T09:02:59.940998" elapsed="0.000379"/>
</kw>
<kw name="Should Contain" owner="BuiltIn">
<arg>${cfg}</arg>
<arg>ip address ${ROUTERS}[${r}][host] 255.255.255.0</arg>
<doc>Fails if ``container`` does not contain ``item`` one or more times.</doc>
<status status="PASS" start="2026-09-13T09:02:59.941463" elapsed="0.000311"/>
</kw>
<kw name="Show" owner="common">
<kw name="Router Host" owner="common">
<return>
<value>${ROUTERS}[${r}][host]</value>
<status status="PASS" start="2026-09-13T09:02:59.942396" elapsed="0.000031"/>
</return>
<msg time="2026-09-13T09:02:59.942557" level="INFO">${host} = 10.2.0.11</msg>
<var>${host}</var>
<arg>${r}</arg>
<status status="PASS" start="2026-09-13T09:02:59.942229" elapsed="0.000348"/>
</kw>
<kw name="Run Command" owner="LabLib">
<msg time="2026-09-13T09:03:00.439266" level="INFO" html="true">&lt;pre&gt;10.2.0.11# show ip route vrf Mgmt-vrf 0.0.0.0

Routing Table: Mgmt-vrf
Routing entry for 0.0.0.0/0, supernet
  Known via "static", distance 1, metric 0, candidate default path
  Routing Descriptor Blocks:
  * 10.2.0.1
      Route metric is 0, traffic share count is 1&lt;/pre&gt;</msg>
<msg time="2026-09-13T09:03:00.439450" level="INFO">${out} = 
Routing Table: Mgmt-vrf
Routing entry for 0.0.0.0/0, supernet
  Known via "static", distance 1, metric 0, candidate default path
  Routing Descriptor Blocks:
  * 10.2.0.1
      Route metric is 0, tra...</msg>
<var>${out}</var>
<arg>${host}</arg>
<arg>${command}</arg>
<arg>${timeout}</arg>
<doc>Run a show/exec command on a switch over SSH and return its output.</doc>
<status status="PASS" start="2026-09-13T09:02:59.942663" elapsed="0.496817"/>
</kw>
<return>
<value>${out}</value>
<status status="PASS" start="2026-09-13T09:03:00.439557" elapsed="0.000046"/>
</return>
<msg time="2026-09-13T09:03:00.439762" level="INFO">${rt} = 
Routing Table: Mgmt-vrf
Routing entry for 0.0.0.0/0, supernet
  Known via "static", distance 1, metric 0, candidate default path
  Routing Descriptor Blocks:
  * 10.2.0.1
      Route metric is 0, tra...</msg>
<var>${rt}</var>
<arg>${r}</arg>
<arg>show ip route vrf Mgmt-vrf 0.0.0.0</arg>
<doc>Run a show command on a router by name.</doc>
<status status="PASS" start="2026-09-13T09:02:59.941930" elapsed="0.497859"/>
</kw>
<kw name="Should Contain" owner="BuiltIn">
<arg>${rt}</arg>
<arg>Routing entry for 0.0.0.0/0</arg>
<doc>Fails if ``container`` does not contain ``item`` one or more times.</doc>
<status status="PASS" start="2026-09-13T09:03:00.439920" elapsed="0.000352"/>
</kw>
<kw name="Should Match Regexp" owner="BuiltIn">
<arg>${rt}</arg>
<arg>(?m)^\\s*\\*?\\s*${OOB_GATEWAY}\\b</arg>
<doc>Fails if ``string`` does not match ``pattern`` as a regular expression.</doc>
<status status="PASS" start="2026-09-13T09:03:00.440384" elapsed="0.000426"/>
</kw>
<var name="${r}">hub</var>
<status status="PASS" start="2026-09-13T09:02:59.442767" elapsed="0.998078"/>
</iter>
<iter>
<kw name="Show" owner="common">
<kw name="Router Host" owner="common">
<return>
<value>${ROUTERS}[${r}][host]</value>
<status status="PASS" start="2026-09-13T09:03:00.441578" elapsed="0.000040"/>
</return>
<msg time="2026-09-13T09:03:00.441783" level="INFO">${host} = 10.2.0.12</msg>
<var>${host}</var>
<arg>${r}</arg>
<status status="PASS" start="2026-09-13T09:03:00.441410" elapsed="0.000395"/>
</kw>
<kw name="Run Command" owner="LabLib">
<msg time="2026-09-13T09:03:00.948516" level="INFO" html="true">&lt;pre&gt;10.2.0.12# show run interface GigabitEthernet1
Building configuration...

Current configuration : 141 bytes
!
interface GigabitEthernet1
 description OOB management
 vrf forwarding Mgmt-vrf
 ip address 10.2.0.12 255.255.255.0
 negotiation auto
end
&lt;/pre&gt;</msg>
<msg time="2026-09-13T09:03:00.948717" level="INFO">${out} = Building configuration...

Current configuration : 141 bytes
!
interface GigabitEthernet1
 description OOB management
 vrf forwarding Mgmt-vrf
 ip address 10.2.0.12 255.255.255.0
 negotiation auto
end...</msg>
<var>${out}</var>
<arg>${host}</arg>
<arg>${command}</arg>
<arg>${timeout}</arg>
<doc>Run a show/exec command on a switch over SSH and return its output.</doc>
<status status="PASS" start="2026-09-13T09:03:00.441887" elapsed="0.506918"/>
</kw>
<return>
<value>${out}</value>
<status status="PASS" start="2026-09-13T09:03:00.948885" elapsed="0.000050"/>
</return>
<msg time="2026-09-13T09:03:00.949288" level="INFO">${cfg} = Building configuration...

Current configuration : 141 bytes
!
interface GigabitEthernet1
 description OOB management
 vrf forwarding Mgmt-vrf
 ip address 10.2.0.12 255.255.255.0
 negotiation auto
end...</msg>
<var>${cfg}</var>
<arg>${r}</arg>
<arg>show run interface GigabitEthernet1</arg>
<doc>Run a show command on a router by name.</doc>
<status status="PASS" start="2026-09-13T09:03:00.441109" elapsed="0.508210"/>
</kw>
<kw name="Should Contain" owner="BuiltIn">
<arg>${cfg}</arg>
<arg>vrf forwarding Mgmt-vrf</arg>
<doc>Fails if ``container`` does not contain ``item`` one or more times.</doc>
<status status="PASS" start="2026-09-13T09:03:00.949485" elapsed="0.000639"/>
</kw>
<kw name="Should Contain" owner="BuiltIn">
<arg>${cfg}</arg>
<arg>ip address ${ROUTERS}[${r}][host] 255.255.255.0</arg>
<doc>Fails if ``container`` does not contain ``item`` one or more times.</doc>
<status status="PASS" start="2026-09-13T09:03:00.950254" elapsed="0.000362"/>
</kw>
<kw name="Show" owner="common">
<kw name="Router Host" owner="common">
<return>
<value>${ROUTERS}[${r}][host]</value>
<status status="PASS" start="2026-09-13T09:03:00.951547" elapsed="0.000034"/>
</return>
<msg time="2026-09-13T09:03:00.951754" level="INFO">${host} = 10.2.0.12</msg>
<var>${host}</var>
<arg>${r}</arg>
<status status="PASS" start="2026-09-13T09:03:00.951343" elapsed="0.000439"/>
</kw>
<kw name="Run Command" owner="LabLib">
<msg time="2026-09-13T09:03:01.448352" level="INFO" html="true">&lt;pre&gt;10.2.0.12# show ip route vrf Mgmt-vrf 0.0.0.0

Routing Table: Mgmt-vrf
Routing entry for 0.0.0.0/0, supernet
  Known via "static", distance 1, metric 0, candidate default path
  Routing Descriptor Blocks:
  * 10.2.0.1
      Route metric is 0, traffic share count is 1&lt;/pre&gt;</msg>
<msg time="2026-09-13T09:03:01.448551" level="INFO">${out} = 
Routing Table: Mgmt-vrf
Routing entry for 0.0.0.0/0, supernet
  Known via "static", distance 1, metric 0, candidate default path
  Routing Descriptor Blocks:
  * 10.2.0.1
      Route metric is 0, tra...</msg>
<var>${out}</var>
<arg>${host}</arg>
<arg>${command}</arg>
<arg>${timeout}</arg>
<doc>Run a show/exec command on a switch over SSH and return its output.</doc>
<status status="PASS" start="2026-09-13T09:03:00.951877" elapsed="0.496708"/>
</kw>
<return>
<value>${out}</value>
<status status="PASS" start="2026-09-13T09:03:01.448668" elapsed="0.000063"/>
</return>
<msg time="2026-09-13T09:03:01.448902" level="INFO">${rt} = 
Routing Table: Mgmt-vrf
Routing entry for 0.0.0.0/0, supernet
  Known via "static", distance 1, metric 0, candidate default path
  Routing Descriptor Blocks:
  * 10.2.0.1
      Route metric is 0, tra...</msg>
<var>${rt}</var>
<arg>${r}</arg>
<arg>show ip route vrf Mgmt-vrf 0.0.0.0</arg>
<doc>Run a show command on a router by name.</doc>
<status status="PASS" start="2026-09-13T09:03:00.950810" elapsed="0.498119"/>
</kw>
<kw name="Should Contain" owner="BuiltIn">
<arg>${rt}</arg>
<arg>Routing entry for 0.0.0.0/0</arg>
<doc>Fails if ``container`` does not contain ``item`` one or more times.</doc>
<status status="PASS" start="2026-09-13T09:03:01.449068" elapsed="0.000389"/>
</kw>
<kw name="Should Match Regexp" owner="BuiltIn">
<arg>${rt}</arg>
<arg>(?m)^\\s*\\*?\\s*${OOB_GATEWAY}\\b</arg>
<doc>Fails if ``string`` does not match ``pattern`` as a regular expression.</doc>
<status status="PASS" start="2026-09-13T09:03:01.449590" elapsed="0.000353"/>
</kw>
<var name="${r}">spoke1</var>
<status status="PASS" start="2026-09-13T09:03:00.440967" elapsed="1.009040"/>
</iter>
<iter>
<kw name="Show" owner="common">
<kw name="Router Host" owner="common">
<return>
<value>${ROUTERS}[${r}][host]</value>
<status status="PASS" start="2026-09-13T09:03:01.450809" elapsed="0.000037"/>
</return>
<msg time="2026-09-13T09:03:01.450992" level="INFO">${host} = 10.2.0.13</msg>
<var>${host}</var>
<arg>${r}</arg>
<status status="PASS" start="2026-09-13T09:03:01.450610" elapsed="0.000408"/>
</kw>
<kw name="Run Command" owner="LabLib">
<msg time="2026-09-13T09:03:01.957705" level="INFO" html="true">&lt;pre&gt;10.2.0.13# show run interface GigabitEthernet1
Building configuration...

Current configuration : 141 bytes
!
interface GigabitEthernet1
 description OOB management
 vrf forwarding Mgmt-vrf
 ip address 10.2.0.13 255.255.255.0
 negotiation auto
end
&lt;/pre&gt;</msg>
<msg time="2026-09-13T09:03:01.957890" level="INFO">${out} = Building configuration...

Current configuration : 141 bytes
!
interface GigabitEthernet1
 description OOB management
 vrf forwarding Mgmt-vrf
 ip address 10.2.0.13 255.255.255.0
 negotiation auto
end...</msg>
<var>${out}</var>
<arg>${host}</arg>
<arg>${command}</arg>
<arg>${timeout}</arg>
<doc>Run a show/exec command on a switch over SSH and return its output.</doc>
<status status="PASS" start="2026-09-13T09:03:01.451113" elapsed="0.506808"/>
</kw>
<return>
<value>${out}</value>
<status status="PASS" start="2026-09-13T09:03:01.958000" elapsed="0.000048"/>
</return>
<msg time="2026-09-13T09:03:01.958198" level="INFO">${cfg} = Building configuration...

Current configuration : 141 bytes
!
interface GigabitEthernet1
 description OOB management
 vrf forwarding Mgmt-vrf
 ip address 10.2.0.13 255.255.255.0
 negotiation auto
end...</msg>
<var>${cfg}</var>
<arg>${r}</arg>
<arg>show run interface GigabitEthernet1</arg>
<doc>Run a show command on a router by name.</doc>
<status status="PASS" start="2026-09-13T09:03:01.450291" elapsed="0.507937"/>
</kw>
<kw name="Should Contain" owner="BuiltIn">
<arg>${cfg}</arg>
<arg>vrf forwarding Mgmt-vrf</arg>
<doc>Fails if ``container`` does not contain ``item`` one or more times.</doc>
<status status="PASS" start="2026-09-13T09:03:01.958366" elapsed="0.000406"/>
</kw>
<kw name="Should Contain" owner="BuiltIn">
<arg>${cfg}</arg>
<arg>ip address ${ROUTERS}[${r}][host] 255.255.255.0</arg>
<doc>Fails if ``container`` does not contain ``item`` one or more times.</doc>
<status status="PASS" start="2026-09-13T09:03:01.958883" elapsed="0.000330"/>
</kw>
<kw name="Show" owner="common">
<kw name="Router Host" owner="common">
<return>
<value>${ROUTERS}[${r}][host]</value>
<status status="PASS" start="2026-09-13T09:03:01.959896" elapsed="0.000031"/>
</return>
<msg time="2026-09-13T09:03:01.960062" level="INFO">${host} = 10.2.0.13</msg>
<var>${host}</var>
<arg>${r}</arg>
<status status="PASS" start="2026-09-13T09:03:01.959714" elapsed="0.000373"/>
</kw>
<kw name="Run Command" owner="LabLib">
<msg time="2026-09-13T09:03:02.466768" level="INFO" html="true">&lt;pre&gt;10.2.0.13# show ip route vrf Mgmt-vrf 0.0.0.0

Routing Table: Mgmt-vrf
Routing entry for 0.0.0.0/0, supernet
  Known via "static", distance 1, metric 0, candidate default path
  Routing Descriptor Blocks:
  * 10.2.0.1
      Route metric is 0, traffic share count is 1&lt;/pre&gt;</msg>
<msg time="2026-09-13T09:03:02.467419" level="INFO">${out} = 
Routing Table: Mgmt-vrf
Routing entry for 0.0.0.0/0, supernet
  Known via "static", distance 1, metric 0, candidate default path
  Routing Descriptor Blocks:
  * 10.2.0.1
      Route metric is 0, tra...</msg>
<var>${out}</var>
<arg>${host}</arg>
<arg>${command}</arg>
<arg>${timeout}</arg>
<doc>Run a show/exec command on a switch over SSH and return its output.</doc>
<status status="PASS" start="2026-09-13T09:03:01.960174" elapsed="0.507285"/>
</kw>
<return>
<value>${out}</value>
<status status="PASS" start="2026-09-13T09:03:02.468256" elapsed="0.000056"/>
</return>
<msg time="2026-09-13T09:03:02.468493" level="INFO">${rt} = 
Routing Table: Mgmt-vrf
Routing entry for 0.0.0.0/0, supernet
  Known via "static", distance 1, metric 0, candidate default path
  Routing Descriptor Blocks:
  * 10.2.0.1
      Route metric is 0, tra...</msg>
<var>${rt}</var>
<arg>${r}</arg>
<arg>show ip route vrf Mgmt-vrf 0.0.0.0</arg>
<doc>Run a show command on a router by name.</doc>
<status status="PASS" start="2026-09-13T09:03:01.959390" elapsed="0.509388"/>
</kw>
<kw name="Should Contain" owner="BuiltIn">
<arg>${rt}</arg>
<arg>Routing entry for 0.0.0.0/0</arg>
<doc>Fails if ``container`` does not contain ``item`` one or more times.</doc>
<status status="PASS" start="2026-09-13T09:03:02.468933" elapsed="0.001202"/>
</kw>
<kw name="Should Match Regexp" owner="BuiltIn">
<arg>${rt}</arg>
<arg>(?m)^\\s*\\*?\\s*${OOB_GATEWAY}\\b</arg>
<doc>Fails if ``string`` does not match ``pattern`` as a regular expression.</doc>
<status status="PASS" start="2026-09-13T09:03:02.470399" elapsed="0.000346"/>
</kw>
<var name="${r}">spoke2</var>
<status status="PASS" start="2026-09-13T09:03:01.450144" elapsed="1.020642"/>
</iter>
<var>${r}</var>
<value>@{ROUTER_NAMES}</value>
<status status="PASS" start="2026-09-13T09:02:59.442578" elapsed="3.028243"/>
</for>
<status status="PASS" start="2026-09-13T09:02:59.442294" elapsed="3.028653"/>
</test>
<test id="s1-s1-t3" name="License boot level provides the security feature set" line="30">
<for flavor="IN">
<iter>
<kw name="Show" owner="common">
<kw name="Router Host" owner="common">
<return>
<value>${ROUTERS}[${r}][host]</value>
<status status="PASS" start="2026-09-13T09:03:02.473423" elapsed="0.000038"/>
</return>
<msg time="2026-09-13T09:03:02.473926" level="INFO">${host} = 10.2.0.11</msg>
<var>${host}</var>
<arg>${r}</arg>
<status status="PASS" start="2026-09-13T09:03:02.473145" elapsed="0.000810"/>
</kw>
<kw name="Run Command" owner="LabLib">
<msg time="2026-09-13T09:03:02.970730" level="INFO" html="true">&lt;pre&gt;10.2.0.11# show version | include License Level
License Level: network-advantage
Addon License Level: dna-advantage&lt;/pre&gt;</msg>
<msg time="2026-09-13T09:03:02.970917" level="INFO">${out} = License Level: network-advantage
Addon License Level: dna-advantage</msg>
<var>${out}</var>
<arg>${host}</arg>
<arg>${command}</arg>
<arg>${timeout}</arg>
<doc>Run a show/exec command on a switch over SSH and return its output.</doc>
<status status="PASS" start="2026-09-13T09:03:02.474077" elapsed="0.496871"/>
</kw>
<return>
<value>${out}</value>
<status status="PASS" start="2026-09-13T09:03:02.971035" elapsed="0.000054"/>
</return>
<msg time="2026-09-13T09:03:02.971250" level="INFO">${lic} = License Level: network-advantage
Addon License Level: dna-advantage</msg>
<var>${lic}</var>
<arg>${r}</arg>
<arg>show version | include License Level</arg>
<doc>Run a show command on a router by name.</doc>
<status status="PASS" start="2026-09-13T09:03:02.472424" elapsed="0.498851"/>
</kw>
<kw name="Should Match Regexp" owner="BuiltIn">
<arg>${lic}</arg>
<arg>(?m)^License Level:\\s*network-advantage</arg>
<doc>Fails if ``string`` does not match ``pattern`` as a regular expression.</doc>
<status status="PASS" start="2026-09-13T09:03:02.971430" elapsed="0.000500"/>
</kw>
<kw name="Should Match Regexp" owner="BuiltIn">
<arg>${lic}</arg>
<arg>(?m)^Addon License Level:\\s*dna-advantage</arg>
<doc>Fails if ``string`` does not match ``pattern`` as a regular expression.</doc>
<status status="PASS" start="2026-09-13T09:03:02.972051" elapsed="0.000358"/>
</kw>
<var name="${r}">hub</var>
<status status="PASS" start="2026-09-13T09:03:02.472264" elapsed="0.500177"/>
</iter>
<iter>
<kw name="Show" owner="common">
<kw name="Router Host" owner="common">
<return>
<value>${ROUTERS}[${r}][host]</value>
<status status="PASS" start="2026-09-13T09:03:02.973238" elapsed="0.000036"/>
</return>
<msg time="2026-09-13T09:03:02.973413" level="INFO">${host} = 10.2.0.12</msg>
<var>${host}</var>
<arg>${r}</arg>
<status status="PASS" start="2026-09-13T09:03:02.973048" elapsed="0.000385"/>
</kw>
<kw name="Run Command" owner="LabLib">
<msg time="2026-09-13T09:03:03.469952" level="INFO" html="true">&lt;pre&gt;10.2.0.12# show version | include License Level
License Level: network-advantage
Addon License Level: dna-advantage&lt;/pre&gt;</msg>
<msg time="2026-09-13T09:03:03.470167" level="INFO">${out} = License Level: network-advantage
Addon License Level: dna-advantage</msg>
<var>${out}</var>
<arg>${host}</arg>
<arg>${command}</arg>
<arg>${timeout}</arg>
<doc>Run a show/exec command on a switch over SSH and return its output.</doc>
<status status="PASS" start="2026-09-13T09:03:02.973533" elapsed="0.496668"/>
</kw>
<return>
<value>${out}</value>
<status status="PASS" start="2026-09-13T09:03:03.470278" elapsed="0.000052"/>
</return>
<msg time="2026-09-13T09:03:03.470485" level="INFO">${lic} = License Level: network-advantage
Addon License Level: dna-advantage</msg>
<var>${lic}</var>
<arg>${r}</arg>
<arg>show version | include License Level</arg>
<doc>Run a show command on a router by name.</doc>
<status status="PASS" start="2026-09-13T09:03:02.972702" elapsed="0.497805"/>
</kw>
<kw name="Should Match Regexp" owner="BuiltIn">
<arg>${lic}</arg>
<arg>(?m)^License Level:\\s*network-advantage</arg>
<doc>Fails if ``string`` does not match ``pattern`` as a regular expression.</doc>
<status status="PASS" start="2026-09-13T09:03:03.470661" elapsed="0.000387"/>
</kw>
<kw name="Should Match Regexp" owner="BuiltIn">
<arg>${lic}</arg>
<arg>(?m)^Addon License Level:\\s*dna-advantage</arg>
<doc>Fails if ``string`` does not match ``pattern`` as a regular expression.</doc>
<status status="PASS" start="2026-09-13T09:03:03.471163" elapsed="0.000263"/>
</kw>
<var name="${r}">spoke1</var>
<status status="PASS" start="2026-09-13T09:03:02.972554" elapsed="0.498911"/>
</iter>
<iter>
<kw name="Show" owner="common">
<kw name="Router Host" owner="common">
<return>
<value>${ROUTERS}[${r}][host]</value>
<status status="PASS" start="2026-09-13T09:03:03.472231" elapsed="0.000032"/>
</return>
<msg time="2026-09-13T09:03:03.472412" level="INFO">${host} = 10.2.0.13</msg>
<var>${host}</var>
<arg>${r}</arg>
<status status="PASS" start="2026-09-13T09:03:03.472057" elapsed="0.000379"/>
</kw>
<kw name="Run Command" owner="LabLib">
<msg time="2026-09-13T09:03:03.979069" level="INFO" html="true">&lt;pre&gt;10.2.0.13# show version | include License Level
License Level: network-advantage
Addon License Level: dna-advantage&lt;/pre&gt;</msg>
<msg time="2026-09-13T09:03:03.979253" level="INFO">${out} = License Level: network-advantage
Addon License Level: dna-advantage</msg>
<var>${out}</var>
<arg>${host}</arg>
<arg>${command}</arg>
<arg>${timeout}</arg>
<doc>Run a show/exec command on a switch over SSH and return its output.</doc>
<status status="PASS" start="2026-09-13T09:03:03.472528" elapsed="0.506755"/>
</kw>
<return>
<value>${out}</value>
<status status="PASS" start="2026-09-13T09:03:03.979362" elapsed="0.000053"/>
</return>
<msg time="2026-09-13T09:03:03.979763" level="INFO">${lic} = License Level: network-advantage
Addon License Level: dna-advantage</msg>
<var>${lic}</var>
<arg>${r}</arg>
<arg>show version | include License Level</arg>
<doc>Run a show command on a router by name.</doc>
<status status="PASS" start="2026-09-13T09:03:03.471738" elapsed="0.508053"/>
</kw>
<kw name="Should Match Regexp" owner="BuiltIn">
<arg>${lic}</arg>
<arg>(?m)^License Level:\\s*network-advantage</arg>
<doc>Fails if ``string`` does not match ``pattern`` as a regular expression.</doc>
<status status="PASS" start="2026-09-13T09:03:03.979936" elapsed="0.000574"/>
</kw>
<kw name="Should Match Regexp" owner="BuiltIn">
<arg>${lic}</arg>
<arg>(?m)^Addon License Level:\\s*dna-advantage</arg>
<doc>Fails if ``string`` does not match ``pattern`` as a regular expression.</doc>
<status status="PASS" start="2026-09-13T09:03:03.980710" elapsed="0.000257"/>
</kw>
<var name="${r}">spoke2</var>
<status status="PASS" start="2026-09-13T09:03:03.471581" elapsed="0.509423"/>
</iter>
<var>${r}</var>
<value>@{ROUTER_NAMES}</value>
<status status="PASS" start="2026-09-13T09:03:02.472091" elapsed="1.508952"/>
</for>
<status status="PASS" start="2026-09-13T09:03:02.471581" elapsed="1.509563"/>
</test>
<test id="s1-s1-t4" name="AAA, SSH and VTY hardening from the NAC baseline" line="37">
<for flavor="IN">
<iter>
<kw name="Show" owner="common">
<kw name="Router Host" owner="common">
<return>
<value>${ROUTERS}[${r}][host]</value>
<status status="PASS" start="2026-09-13T09:03:03.982718" elapsed="0.000038"/>
</return>
<msg time="2026-09-13T09:03:03.982895" level="INFO">${host} = 10.2.0.11</msg>
<var>${host}</var>
<arg>${r}</arg>
<status status="PASS" start="2026-09-13T09:03:03.982528" elapsed="0.000393"/>
</kw>
<kw name="Run Command" owner="LabLib">
<msg time="2026-09-13T09:03:04.555065" level="INFO" html="true">&lt;pre&gt;10.2.0.11# show run | include ^aaa
aaa new-model
aaa authentication login default local
aaa authorization exec default local 
aaa session-id common&lt;/pre&gt;</msg>
<msg time="2026-09-13T09:03:04.555267" level="INFO">${out} = aaa new-model
aaa authentication login default local
aaa authorization exec default local 
aaa session-id common</msg>
<var>${out}</var>
<arg>${host}</arg>
<arg>${command}</arg>
<arg>${timeout}</arg>
<doc>Run a show/exec command on a switch over SSH and return its output.</doc>
<status status="PASS" start="2026-09-13T09:03:03.983004" elapsed="0.572291"/>
</kw>
<return>
<value>${out}</value>
<status status="PASS" start="2026-09-13T09:03:04.555375" elapsed="0.000049"/>
</return>
<msg time="2026-09-13T09:03:04.555583" level="INFO">${aaa} = aaa new-model
aaa authentication login default local
aaa authorization exec default local 
aaa session-id common</msg>
<var>${aaa}</var>
<arg>${r}</arg>
<arg>show run | include ^aaa</arg>
<doc>Run a show command on a router by name.</doc>
<status status="PASS" start="2026-09-13T09:03:03.981971" elapsed="0.573638"/>
</kw>
<kw name="Should Match Regexp" owner="BuiltIn">
<arg>${aaa}</arg>
<arg>(?m)^aaa new-model$</arg>
<doc>Fails if ``string`` does not match ``pattern`` as a regular expression.</doc>
<status status="PASS" start="2026-09-13T09:03:04.555768" elapsed="0.000424"/>
</kw>
<kw name="Should Match Regexp" owner="BuiltIn">
<arg>${aaa}</arg>
<arg>(?m)^aaa authentication login default local$</arg>
<doc>Fails if ``string`` does not match ``pattern`` as a regular expression.</doc>
<status status="PASS" start="2026-09-13T09:03:04.556298" elapsed="0.000339"/>
</kw>
<kw name="Should Match Regexp" owner="BuiltIn">
<arg>${aaa}</arg>
<arg>(?m)^aaa authorization exec default local\\s*$</arg>
<doc>Fails if ``string`` does not match ``pattern`` as a regular expression.</doc>
<status status="PASS" start="2026-09-13T09:03:04.556770" elapsed="0.000342"/>
</kw>
<kw name="Show" owner="common">
<kw name="Router Host" owner="common">
<return>
<value>${ROUTERS}[${r}][host]</value>
<status status="PASS" start="2026-09-13T09:03:04.557788" elapsed="0.000035"/>
</return>
<msg time="2026-09-13T09:03:04.557960" level="INFO">${host} = 10.2.0.11</msg>
<var>${host}</var>
<arg>${r}</arg>
<status status="PASS" start="2026-09-13T09:03:04.557593" elapsed="0.000394"/>
</kw>
<kw name="Run Command" owner="LabLib">
<msg time="2026-09-13T09:03:05.044612" level="INFO" html="true">&lt;pre&gt;10.2.0.11# show ip ssh
SSH Enabled - version 2.0
Authentication methods:publickey,keyboard-interactive,password
Authentication Publickey Algorithms:ssh-rsa,ecdsa-sha2-nistp256,ecdsa-sha2-nistp384,ecdsa-sha2-nistp521,ssh-ed25519,x509v3-ecdsa-sha2-nistp256,x509v3-ecdsa-sha2-nistp384,x509v3-ecdsa-sha2-nistp521,rsa-sha2-256,rsa-sha2-512,x509v3-rsa2048-sha256
Hostkey Algorithms:ecdsa-sha2-nistp256,ecdsa-sha2-nistp384,ecdsa-sha2-nistp521,rsa-sha2-512,rsa-sha2-256,ssh-rsa
Encryption Algorithms:chacha20-poly1305@openssh.com,aes128-gcm@openssh.com,aes256-gcm@openssh.com,aes128-gcm,aes256-gcm,aes128-ctr,aes192-ctr,aes256-ctr
MAC Algorithms:hmac-sha2-256-etm@openssh.com,hmac-sha2-512-etm@openssh.com,hmac-sha2-256,hmac-sha2-512
KEX Algorithms:curve25519-sha256,curve25519-sha256@libssh.org,ecdh-sha2-nistp256,ecdh-sha2-nistp384,ecdh-sha2-nistp521,diffie-hellman-group14-sha256,diffie-hellman-group16-sha512
Authentication timeout: 60 secs; Authentication retries: 3
Minimum expected Diffie Hellman key size : 2048 bits
IOS Keys in SECSH format(ssh-rsa, base64 encoded): SSH-KEY
Modulus Size : 2048 bits
ssh-rsa AAAAB3NzaC1yc2EAAAADAQABAAABAQCVl2c6qPqUzwa1UU4T5+fEt1xmPgwi2nbsWqp5fphD
CnoOJn2Ohs+Qme9wt9onN2zAIYMthgWJThkBKb5cthhKNoChWSkTfkBU5a4csUU4htka8ry0oyAPiPUz
qDVDVxTvg5CqXs59kT3n/RlH2RZk3AEYF5HU8rZqGOJdjmstNWS06eiO7wzJg/U4BcVdiTa9UoufQhYJ
hRYcdJQszpt36evEktQ+34nPi9tb2iqxV/ivBqInmiLl2VHeqke+MfCYWmIW3IMwktW97MNAeviAnaL0
qCP6girxQocrUQYwRSh1O2bSLtEDImY0uou4RXi7N0B5bjEpreI+oj7/fT3D                    
IOS Keys in SECSH format(ssh-ec, base64 encoded): NONE&lt;/pre&gt;</msg>
<msg time="2026-09-13T09:03:05.044866" level="INFO">${out} = SSH Enabled - version 2.0
Authentication methods:publickey,keyboard-interactive,password
Authentication Publickey Algorithms:ssh-rsa,ecdsa-sha2-nistp256,ecdsa-sha2-nistp384,ecdsa-sha2-nistp521,ssh-ed2...</msg>
<var>${out}</var>
<arg>${host}</arg>
<arg>${command}</arg>
<arg>${timeout}</arg>
<doc>Run a show/exec command on a switch over SSH and return its output.</doc>
<status status="PASS" start="2026-09-13T09:03:04.558071" elapsed="0.486832"/>
</kw>
<return>
<value>${out}</value>
<status status="PASS" start="2026-09-13T09:03:05.044979" elapsed="0.000055"/>
</return>
<msg time="2026-09-13T09:03:05.045193" level="INFO">${ssh} = SSH Enabled - version 2.0
Authentication methods:publickey,keyboard-interactive,password
Authentication Publickey Algorithms:ssh-rsa,ecdsa-sha2-nistp256,ecdsa-sha2-nistp384,ecdsa-sha2-nistp521,ssh-ed2...</msg>
<var>${ssh}</var>
<arg>${r}</arg>
<arg>show ip ssh</arg>
<doc>Run a show command on a router by name.</doc>
<status status="PASS" start="2026-09-13T09:03:04.557280" elapsed="0.487939"/>
</kw>
<kw name="Should Contain" owner="BuiltIn">
<arg>${ssh}</arg>
<arg>SSH Enabled - version 2.0</arg>
<doc>Fails if ``container`` does not contain ``item`` one or more times.</doc>
<status status="PASS" start="2026-09-13T09:03:05.045352" elapsed="0.000397"/>
</kw>
<kw name="Should Contain" owner="BuiltIn">
<arg>${ssh}</arg>
<arg>Authentication timeout: 60 secs; Authentication retries: 3</arg>
<doc>Fails if ``container`` does not contain ``item`` one or more times.</doc>
<status status="PASS" start="2026-09-13T09:03:05.045853" elapsed="0.000273"/>
</kw>
<kw name="Show" owner="common">
<kw name="Router Host" owner="common">
<return>
<value>${ROUTERS}[${r}][host]</value>
<status status="PASS" start="2026-09-13T09:03:05.046809" elapsed="0.000041"/>
</return>
<msg time="2026-09-13T09:03:05.046994" level="INFO">${host} = 10.2.0.11</msg>
<var>${host}</var>
<arg>${r}</arg>
<status status="PASS" start="2026-09-13T09:03:05.046611" elapsed="0.000409"/>
</kw>
<kw name="Run Command" owner="LabLib">
<msg time="2026-09-13T09:03:05.645363" level="INFO" html="true">&lt;pre&gt;10.2.0.11# show run | section ^line vty
line vty 0 4
 access-class MGMT-ACCESS in vrf-also
 activation-character 13
 logging synchronous
 transport input ssh&lt;/pre&gt;</msg>
<msg time="2026-09-13T09:03:05.645557" level="INFO">${out} = line vty 0 4
 access-class MGMT-ACCESS in vrf-also
 activation-character 13
 logging synchronous
 transport input ssh</msg>
<var>${out}</var>
<arg>${host}</arg>
<arg>${command}</arg>
<arg>${timeout}</arg>
<doc>Run a show/exec command on a switch over SSH and return its output.</doc>
<status status="PASS" start="2026-09-13T09:03:05.047123" elapsed="0.598466"/>
</kw>
<return>
<value>${out}</value>
<status status="PASS" start="2026-09-13T09:03:05.645668" elapsed="0.000139"/>
</return>
<msg time="2026-09-13T09:03:05.646066" level="INFO">${vty} = line vty 0 4
 access-class MGMT-ACCESS in vrf-also
 activation-character 13
 logging synchronous
 transport input ssh</msg>
<var>${vty}</var>
<arg>${r}</arg>
<arg>show run | section ^line vty</arg>
<doc>Run a show command on a router by name.</doc>
<status status="PASS" start="2026-09-13T09:03:05.046293" elapsed="0.599804"/>
</kw>
<kw name="Should Contain" owner="BuiltIn">
<arg>${vty}</arg>
<arg>transport input ssh</arg>
<doc>Fails if ``container`` does not contain ``item`` one or more times.</doc>
<status status="PASS" start="2026-09-13T09:03:05.646256" elapsed="0.000407"/>
</kw>
<kw name="Should Contain" owner="BuiltIn">
<arg>${vty}</arg>
<arg>access-class ${MGMT_ACL} in vrf-also</arg>
<doc>Fails if ``container`` does not contain ``item`` one or more times.</doc>
<status status="PASS" start="2026-09-13T09:03:05.646800" elapsed="0.000615"/>
</kw>
<kw name="Show" owner="common">
<kw name="Router Host" owner="common">
<return>
<value>${ROUTERS}[${r}][host]</value>
<status status="PASS" start="2026-09-13T09:03:05.648357" elapsed="0.000039"/>
</return>
<msg time="2026-09-13T09:03:05.648681" level="INFO">${host} = 10.2.0.11</msg>
<var>${host}</var>
<arg>${r}</arg>
<status status="PASS" start="2026-09-13T09:03:05.648167" elapsed="0.000565"/>
</kw>
<kw name="Run Command" owner="LabLib">
<msg time="2026-09-13T09:03:06.145807" level="INFO" html="true">&lt;pre&gt;10.2.0.11# show ip access-lists MGMT-ACCESS
Standard IP access list MGMT-ACCESS
    20 permit 10.2.0.0, wildcard bits 0.0.0.255 (150 matches)
    30 deny   any log&lt;/pre&gt;</msg>
<msg time="2026-09-13T09:03:06.145975" level="INFO">${out} = Standard IP access list MGMT-ACCESS
    20 permit 10.2.0.0, wildcard bits 0.0.0.255 (150 matches)
    30 deny   any log</msg>
<var>${out}</var>
<arg>${host}</arg>
<arg>${command}</arg>
<arg>${timeout}</arg>
<doc>Run a show/exec command on a switch over SSH and return its output.</doc>
<status status="PASS" start="2026-09-13T09:03:05.648834" elapsed="0.497161"/>
</kw>
<return>
<value>${out}</value>
<status status="PASS" start="2026-09-13T09:03:06.146061" elapsed="0.000042"/>
</return>
<msg time="2026-09-13T09:03:06.146218" level="INFO">${acl} = Standard IP access list MGMT-ACCESS
    20 permit 10.2.0.0, wildcard bits 0.0.0.255 (150 matches)
    30 deny   any log</msg>
<var>${acl}</var>
<arg>${r}</arg>
<arg>show ip access-lists ${MGMT_ACL}</arg>
<doc>Run a show command on a router by name.</doc>
<status status="PASS" start="2026-09-13T09:03:05.647676" elapsed="0.498562"/>
</kw>
<kw name="Should Match Regexp" owner="BuiltIn">
<arg>${acl}</arg>
<arg>20 permit 10\\.2\\.0\\.0, wildcard bits 0\\.0\\.0\\.255</arg>
<doc>Fails if ``string`` does not match ``pattern`` as a regular expression.</doc>
<status status="PASS" start="2026-09-13T09:03:06.146361" elapsed="0.000402"/>
</kw>
<kw name="Show" owner="common">
<kw name="Router Host" owner="common">
<return>
<value>${ROUTERS}[${r}][host]</value>
<status status="PASS" start="2026-09-13T09:03:06.147291" elapsed="0.000027"/>
</return>
<msg time="2026-09-13T09:03:06.147442" level="INFO">${host} = 10.2.0.11</msg>
<var>${host}</var>
<arg>${r}</arg>
<status status="PASS" start="2026-09-13T09:03:06.147157" elapsed="0.000304"/>
</kw>
<kw name="Run Command" owner="LabLib">
<msg time="2026-09-13T09:03:06.719537" level="INFO" html="true">&lt;pre&gt;10.2.0.11# show run | section ^banner motd
banner motd ^CC8000v IPsec VTI lab - managed by Network-as-Code (Terraform).^C&lt;/pre&gt;</msg>
<msg time="2026-09-13T09:03:06.719731" level="INFO">${out} = banner motd ^CC8000v IPsec VTI lab - managed by Network-as-Code (Terraform).^C</msg>
<var>${out}</var>
<arg>${host}</arg>
<arg>${command}</arg>
<arg>${timeout}</arg>
<doc>Run a show/exec command on a switch over SSH and return its output.</doc>
<status status="PASS" start="2026-09-13T09:03:06.147526" elapsed="0.572240"/>
</kw>
<return>
<value>${out}</value>
<status status="PASS" start="2026-09-13T09:03:06.719846" elapsed="0.000047"/>
</return>
<msg time="2026-09-13T09:03:06.720132" level="INFO">${banner} = banner motd ^CC8000v IPsec VTI lab - managed by Network-as-Code (Terraform).^C</msg>
<var>${banner}</var>
<arg>${r}</arg>
<arg>show run | section ^banner motd</arg>
<doc>Run a show command on a router by name.</doc>
<status status="PASS" start="2026-09-13T09:03:06.146907" elapsed="0.573252"/>
</kw>
<kw name="Should Contain" owner="BuiltIn">
<arg>${banner}</arg>
<arg>${BANNER_TEXT}</arg>
<doc>Fails if ``container`` does not contain ``item`` one or more times.</doc>
<status status="PASS" start="2026-09-13T09:03:06.720305" elapsed="0.000404"/>
</kw>
<var name="${r}">hub</var>
<status status="PASS" start="2026-09-13T09:03:03.981756" elapsed="2.739126"/>
</iter>
<iter>
<kw name="Show" owner="common">
<kw name="Router Host" owner="common">
<return>
<value>${ROUTERS}[${r}][host]</value>
<status status="PASS" start="2026-09-13T09:03:06.721810" elapsed="0.000037"/>
</return>
<msg time="2026-09-13T09:03:06.721988" level="INFO">${host} = 10.2.0.12</msg>
<var>${host}</var>
<arg>${r}</arg>
<status status="PASS" start="2026-09-13T09:03:06.721614" elapsed="0.000399"/>
</kw>
<kw name="Run Command" owner="LabLib">
<msg time="2026-09-13T09:03:07.294024" level="INFO" html="true">&lt;pre&gt;10.2.0.12# show run | include ^aaa
aaa new-model
aaa authentication login default local
aaa authorization exec default local 
aaa session-id common&lt;/pre&gt;</msg>
<msg time="2026-09-13T09:03:07.294238" level="INFO">${out} = aaa new-model
aaa authentication login default local
aaa authorization exec default local 
aaa session-id common</msg>
<var>${out}</var>
<arg>${host}</arg>
<arg>${command}</arg>
<arg>${timeout}</arg>
<doc>Run a show/exec command on a switch over SSH and return its output.</doc>
<status status="PASS" start="2026-09-13T09:03:06.722190" elapsed="0.572079"/>
</kw>
<return>
<value>${out}</value>
<status status="PASS" start="2026-09-13T09:03:07.294350" elapsed="0.000043"/>
</return>
<msg time="2026-09-13T09:03:07.294556" level="INFO">${aaa} = aaa new-model
aaa authentication login default local
aaa authorization exec default local 
aaa session-id common</msg>
<var>${aaa}</var>
<arg>${r}</arg>
<arg>show run | include ^aaa</arg>
<doc>Run a show command on a router by name.</doc>
<status status="PASS" start="2026-09-13T09:03:06.721284" elapsed="0.573301"/>
</kw>
<kw name="Should Match Regexp" owner="BuiltIn">
<arg>${aaa}</arg>
<arg>(?m)^aaa new-model$</arg>
<doc>Fails if ``string`` does not match ``pattern`` as a regular expression.</doc>
<status status="PASS" start="2026-09-13T09:03:07.294745" elapsed="0.000353"/>
</kw>
<kw name="Should Match Regexp" owner="BuiltIn">
<arg>${aaa}</arg>
<arg>(?m)^aaa authentication login default local$</arg>
<doc>Fails if ``string`` does not match ``pattern`` as a regular expression.</doc>
<status status="PASS" start="2026-09-13T09:03:07.295182" elapsed="0.000186"/>
</kw>
<kw name="Should Match Regexp" owner="BuiltIn">
<arg>${aaa}</arg>
<arg>(?m)^aaa authorization exec default local\\s*$</arg>
<doc>Fails if ``string`` does not match ``pattern`` as a regular expression.</doc>
<status status="PASS" start="2026-09-13T09:03:07.295433" elapsed="0.000207"/>
</kw>
<kw name="Show" owner="common">
<kw name="Router Host" owner="common">
<return>
<value>${ROUTERS}[${r}][host]</value>
<status status="PASS" start="2026-09-13T09:03:07.296207" elapsed="0.000029"/>
</return>
<msg time="2026-09-13T09:03:07.296334" level="INFO">${host} = 10.2.0.12</msg>
<var>${host}</var>
<arg>${r}</arg>
<status status="PASS" start="2026-09-13T09:03:07.296077" elapsed="0.000274"/>
</kw>
<kw name="Run Command" owner="LabLib">
<msg time="2026-09-13T09:03:07.782715" level="INFO" html="true">&lt;pre&gt;10.2.0.12# show ip ssh
SSH Enabled - version 2.0
Authentication methods:publickey,keyboard-interactive,password
Authentication Publickey Algorithms:ssh-rsa,ecdsa-sha2-nistp256,ecdsa-sha2-nistp384,ecdsa-sha2-nistp521,ssh-ed25519,x509v3-ecdsa-sha2-nistp256,x509v3-ecdsa-sha2-nistp384,x509v3-ecdsa-sha2-nistp521,rsa-sha2-256,rsa-sha2-512,x509v3-rsa2048-sha256
Hostkey Algorithms:ecdsa-sha2-nistp256,ecdsa-sha2-nistp384,ecdsa-sha2-nistp521,rsa-sha2-512,rsa-sha2-256,ssh-rsa
Encryption Algorithms:chacha20-poly1305@openssh.com,aes128-gcm@openssh.com,aes256-gcm@openssh.com,aes128-gcm,aes256-gcm,aes128-ctr,aes192-ctr,aes256-ctr
MAC Algorithms:hmac-sha2-256-etm@openssh.com,hmac-sha2-512-etm@openssh.com,hmac-sha2-256,hmac-sha2-512
KEX Algorithms:curve25519-sha256,curve25519-sha256@libssh.org,ecdh-sha2-nistp256,ecdh-sha2-nistp384,ecdh-sha2-nistp521,diffie-hellman-group14-sha256,diffie-hellman-group16-sha512
Authentication timeout: 60 secs; Authentication retries: 3
Minimum expected Diffie Hellman key size : 2048 bits
IOS Keys in SECSH format(ssh-rsa, base64 encoded): SSH-KEY
Modulus Size : 2048 bits
ssh-rsa AAAAB3NzaC1yc2EAAAADAQABAAABAQC5s7TyiwqzBVLXTNbmd9VLSGgrGNnSRrDIEL7siTCB
vajx0rQKzFhzoQ0+Hjdb03DvV4f4W2iE1pXgefDiyto3lDGH4vu0BsfyWqh0lfgwyDPniYBkA3fltUgJ
/5yux6XUw4nnnp++dcy8yRZ4WUilpodg5SMDBZC2Z+6ZidCKIuM8kc7qxVXHhQ5ZrabLQVjQxf3t6MtQ
nhfVBSM1vyOwuNibtCxORyEMRp+HJ+XploNHvAR93VGFF9qbkfw8F+qL2Mr1CtzKkIecA6zBfgK7hurX
5MD9AEnpXYg/nHpF8iuzsVDnHtJSq2lGeiceY258O9eZvL1wT7PhyW11p6v7                    
IOS Keys in SECSH format(ssh-ec, base64 encoded): NONE&lt;/pre&gt;</msg>
<msg time="2026-09-13T09:03:07.782907" level="INFO">${out} = SSH Enabled - version 2.0
Authentication methods:publickey,keyboard-interactive,password
Authentication Publickey Algorithms:ssh-rsa,ecdsa-sha2-nistp256,ecdsa-sha2-nistp384,ecdsa-sha2-nistp521,ssh-ed2...</msg>
<var>${out}</var>
<arg>${host}</arg>
<arg>${command}</arg>
<arg>${timeout}</arg>
<doc>Run a show/exec command on a switch over SSH and return its output.</doc>
<status status="PASS" start="2026-09-13T09:03:07.296408" elapsed="0.486524"/>
</kw>
<return>
<value>${out}</value>
<status status="PASS" start="2026-09-13T09:03:07.783008" elapsed="0.000047"/>
</return>
<msg time="2026-09-13T09:03:07.783192" level="INFO">${ssh} = SSH Enabled - version 2.0
Authentication methods:publickey,keyboard-interactive,password
Authentication Publickey Algorithms:ssh-rsa,ecdsa-sha2-nistp256,ecdsa-sha2-nistp384,ecdsa-sha2-nistp521,ssh-ed2...</msg>
<var>${ssh}</var>
<arg>${r}</arg>
<arg>show ip ssh</arg>
<doc>Run a show command on a router by name.</doc>
<status status="PASS" start="2026-09-13T09:03:07.295811" elapsed="0.487406"/>
</kw>
<kw name="Should Contain" owner="BuiltIn">
<arg>${ssh}</arg>
<arg>SSH Enabled - version 2.0</arg>
<doc>Fails if ``container`` does not contain ``item`` one or more times.</doc>
<status status="PASS" start="2026-09-13T09:03:07.783369" elapsed="0.000379"/>
</kw>
<kw name="Should Contain" owner="BuiltIn">
<arg>${ssh}</arg>
<arg>Authentication timeout: 60 secs; Authentication retries: 3</arg>
<doc>Fails if ``container`` does not contain ``item`` one or more times.</doc>
<status status="PASS" start="2026-09-13T09:03:07.783841" elapsed="0.000236"/>
</kw>
<kw name="Show" owner="common">
<kw name="Router Host" owner="common">
<return>
<value>${ROUTERS}[${r}][host]</value>
<status status="PASS" start="2026-09-13T09:03:07.784726" elapsed="0.000037"/>
</return>
<msg time="2026-09-13T09:03:07.784902" level="INFO">${host} = 10.2.0.12</msg>
<var>${host}</var>
<arg>${r}</arg>
<status status="PASS" start="2026-09-13T09:03:07.784546" elapsed="0.000378"/>
</kw>
<kw name="Run Command" owner="LabLib">
<msg time="2026-09-13T09:03:08.356761" level="INFO" html="true">&lt;pre&gt;10.2.0.12# show run | section ^line vty
line vty 0 4
 access-class MGMT-ACCESS in vrf-also
 activation-character 13
 logging synchronous
 transport input ssh&lt;/pre&gt;</msg>
<msg time="2026-09-13T09:03:08.356931" level="INFO">${out} = line vty 0 4
 access-class MGMT-ACCESS in vrf-also
 activation-character 13
 logging synchronous
 transport input ssh</msg>
<var>${out}</var>
<arg>${host}</arg>
<arg>${command}</arg>
<arg>${timeout}</arg>
<doc>Run a show/exec command on a switch over SSH and return its output.</doc>
<status status="PASS" start="2026-09-13T09:03:07.785005" elapsed="0.571954"/>
</kw>
<return>
<value>${out}</value>
<status status="PASS" start="2026-09-13T09:03:08.357044" elapsed="0.000047"/>
</return>
<msg time="2026-09-13T09:03:08.357252" level="INFO">${vty} = line vty 0 4
 access-class MGMT-ACCESS in vrf-also
 activation-character 13
 logging synchronous
 transport input ssh</msg>
<var>${vty}</var>
<arg>${r}</arg>
<arg>show run | section ^line vty</arg>
<doc>Run a show command on a router by name.</doc>
<status status="PASS" start="2026-09-13T09:03:07.784235" elapsed="0.573043"/>
</kw>
<kw name="Should Contain" owner="BuiltIn">
<arg>${vty}</arg>
<arg>transport input ssh</arg>
<doc>Fails if ``container`` does not contain ``item`` one or more times.</doc>
<status status="PASS" start="2026-09-13T09:03:08.357460" elapsed="0.000386"/>
</kw>
<kw name="Should Contain" owner="BuiltIn">
<arg>${vty}</arg>
<arg>access-class ${MGMT_ACL} in vrf-also</arg>
<doc>Fails if ``container`` does not contain ``item`` one or more times.</doc>
<status status="PASS" start="2026-09-13T09:03:08.357935" elapsed="0.000263"/>
</kw>
<kw name="Show" owner="common">
<kw name="Router Host" owner="common">
<return>
<value>${ROUTERS}[${r}][host]</value>
<status status="PASS" start="2026-09-13T09:03:08.358854" elapsed="0.000039"/>
</return>
<msg time="2026-09-13T09:03:08.359025" level="INFO">${host} = 10.2.0.12</msg>
<var>${host}</var>
<arg>${r}</arg>
<status status="PASS" start="2026-09-13T09:03:08.358679" elapsed="0.000371"/>
</kw>
<kw name="Run Command" owner="LabLib">
<msg time="2026-09-13T09:03:08.855553" level="INFO" html="true">&lt;pre&gt;10.2.0.12# show ip access-lists MGMT-ACCESS
Standard IP access list MGMT-ACCESS
    20 permit 10.2.0.0, wildcard bits 0.0.0.255 (148 matches)
    30 deny   any log&lt;/pre&gt;</msg>
<msg time="2026-09-13T09:03:08.855821" level="INFO">${out} = Standard IP access list MGMT-ACCESS
    20 permit 10.2.0.0, wildcard bits 0.0.0.255 (148 matches)
    30 deny   any log</msg>
<var>${out}</var>
<arg>${host}</arg>
<arg>${command}</arg>
<arg>${timeout}</arg>
<doc>Run a show/exec command on a switch over SSH and return its output.</doc>
<status status="PASS" start="2026-09-13T09:03:08.359134" elapsed="0.496726"/>
</kw>
<return>
<value>${out}</value>
<status status="PASS" start="2026-09-13T09:03:08.855944" elapsed="0.000051"/>
</return>
<msg time="2026-09-13T09:03:08.856155" level="INFO">${acl} = Standard IP access list MGMT-ACCESS
    20 permit 10.2.0.0, wildcard bits 0.0.0.255 (148 matches)
    30 deny   any log</msg>
<var>${acl}</var>
<arg>${r}</arg>
<arg>show ip access-lists ${MGMT_ACL}</arg>
<doc>Run a show command on a router by name.</doc>
<status status="PASS" start="2026-09-13T09:03:08.358359" elapsed="0.497824"/>
</kw>
<kw name="Should Match Regexp" owner="BuiltIn">
<arg>${acl}</arg>
<arg>20 permit 10\\.2\\.0\\.0, wildcard bits 0\\.0\\.0\\.255</arg>
<doc>Fails if ``string`` does not match ``pattern`` as a regular expression.</doc>
<status status="PASS" start="2026-09-13T09:03:08.856331" elapsed="0.000380"/>
</kw>
<kw name="Show" owner="common">
<kw name="Router Host" owner="common">
<return>
<value>${ROUTERS}[${r}][host]</value>
<status status="PASS" start="2026-09-13T09:03:08.857408" elapsed="0.000038"/>
</return>
<msg time="2026-09-13T09:03:08.857586" level="INFO">${host} = 10.2.0.12</msg>
<var>${host}</var>
<arg>${r}</arg>
<status status="PASS" start="2026-09-13T09:03:08.857228" elapsed="0.000381"/>
</kw>
<kw name="Run Command" owner="LabLib">
<msg time="2026-09-13T09:03:09.429544" level="INFO" html="true">&lt;pre&gt;10.2.0.12# show run | section ^banner motd
banner motd ^CC8000v IPsec VTI lab - managed by Network-as-Code (Terraform).^C&lt;/pre&gt;</msg>
<msg time="2026-09-13T09:03:09.429843" level="INFO">${out} = banner motd ^CC8000v IPsec VTI lab - managed by Network-as-Code (Terraform).^C</msg>
<var>${out}</var>
<arg>${host}</arg>
<arg>${command}</arg>
<arg>${timeout}</arg>
<doc>Run a show/exec command on a switch over SSH and return its output.</doc>
<status status="PASS" start="2026-09-13T09:03:08.857715" elapsed="0.572166"/>
</kw>
<return>
<value>${out}</value>
<status status="PASS" start="2026-09-13T09:03:09.429976" elapsed="0.000053"/>
</return>
<msg time="2026-09-13T09:03:09.430271" level="INFO">${banner} = banner motd ^CC8000v IPsec VTI lab - managed by Network-as-Code (Terraform).^C</msg>
<var>${banner}</var>
<arg>${r}</arg>
<arg>show run | section ^banner motd</arg>
<doc>Run a show command on a router by name.</doc>
<status status="PASS" start="2026-09-13T09:03:08.856889" elapsed="0.573412"/>
</kw>
<kw name="Should Contain" owner="BuiltIn">
<arg>${banner}</arg>
<arg>${BANNER_TEXT}</arg>
<doc>Fails if ``container`` does not contain ``item`` one or more times.</doc>
<status status="PASS" start="2026-09-13T09:03:09.430448" elapsed="0.000539"/>
</kw>
<var name="${r}">spoke1</var>
<status status="PASS" start="2026-09-13T09:03:06.721125" elapsed="2.709994"/>
</iter>
<iter>
<kw name="Show" owner="common">
<kw name="Router Host" owner="common">
<return>
<value>${ROUTERS}[${r}][host]</value>
<status status="PASS" start="2026-09-13T09:03:09.432014" elapsed="0.000037"/>
</return>
<msg time="2026-09-13T09:03:09.432202" level="INFO">${host} = 10.2.0.13</msg>
<var>${host}</var>
<arg>${r}</arg>
<status status="PASS" start="2026-09-13T09:03:09.431823" elapsed="0.000403"/>
</kw>
<kw name="Run Command" owner="LabLib">
<msg time="2026-09-13T09:03:09.979060" level="INFO" html="true">&lt;pre&gt;10.2.0.13# show run | include ^aaa
aaa new-model
aaa authentication login default local
aaa authorization exec default local 
aaa session-id common&lt;/pre&gt;</msg>
<msg time="2026-09-13T09:03:09.979233" level="INFO">${out} = aaa new-model
aaa authentication login default local
aaa authorization exec default local 
aaa session-id common</msg>
<var>${out}</var>
<arg>${host}</arg>
<arg>${command}</arg>
<arg>${timeout}</arg>
<doc>Run a show/exec command on a switch over SSH and return its output.</doc>
<status status="PASS" start="2026-09-13T09:03:09.432335" elapsed="0.546929"/>
</kw>
<return>
<value>${out}</value>
<status status="PASS" start="2026-09-13T09:03:09.979345" elapsed="0.000049"/>
</return>
<msg time="2026-09-13T09:03:09.979564" level="INFO">${aaa} = aaa new-model
aaa authentication login default local
aaa authorization exec default local 
aaa session-id common</msg>
<var>${aaa}</var>
<arg>${r}</arg>
<arg>show run | include ^aaa</arg>
<doc>Run a show command on a router by name.</doc>
<status status="PASS" start="2026-09-13T09:03:09.431467" elapsed="0.548121"/>
</kw>
<kw name="Should Match Regexp" owner="BuiltIn">
<arg>${aaa}</arg>
<arg>(?m)^aaa new-model$</arg>
<doc>Fails if ``string`` does not match ``pattern`` as a regular expression.</doc>
<status status="PASS" start="2026-09-13T09:03:09.979739" elapsed="0.000369"/>
</kw>
<kw name="Should Match Regexp" owner="BuiltIn">
<arg>${aaa}</arg>
<arg>(?m)^aaa authentication login default local$</arg>
<doc>Fails if ``string`` does not match ``pattern`` as a regular expression.</doc>
<status status="PASS" start="2026-09-13T09:03:09.980225" elapsed="0.000255"/>
</kw>
<kw name="Should Match Regexp" owner="BuiltIn">
<arg>${aaa}</arg>
<arg>(?m)^aaa authorization exec default local\\s*$</arg>
<doc>Fails if ``string`` does not match ``pattern`` as a regular expression.</doc>
<status status="PASS" start="2026-09-13T09:03:09.980577" elapsed="0.000261"/>
</kw>
<kw name="Show" owner="common">
<kw name="Router Host" owner="common">
<return>
<value>${ROUTERS}[${r}][host]</value>
<status status="PASS" start="2026-09-13T09:03:09.981492" elapsed="0.000032"/>
</return>
<msg time="2026-09-13T09:03:09.981664" level="INFO">${host} = 10.2.0.13</msg>
<var>${host}</var>
<arg>${r}</arg>
<status status="PASS" start="2026-09-13T09:03:09.981316" elapsed="0.000382"/>
</kw>
<kw name="Run Command" owner="LabLib">
<msg time="2026-09-13T09:03:10.468172" level="INFO" html="true">&lt;pre&gt;10.2.0.13# show ip ssh
SSH Enabled - version 2.0
Authentication methods:publickey,keyboard-interactive,password
Authentication Publickey Algorithms:ssh-rsa,ecdsa-sha2-nistp256,ecdsa-sha2-nistp384,ecdsa-sha2-nistp521,ssh-ed25519,x509v3-ecdsa-sha2-nistp256,x509v3-ecdsa-sha2-nistp384,x509v3-ecdsa-sha2-nistp521,rsa-sha2-256,rsa-sha2-512,x509v3-rsa2048-sha256
Hostkey Algorithms:ecdsa-sha2-nistp256,ecdsa-sha2-nistp384,ecdsa-sha2-nistp521,rsa-sha2-512,rsa-sha2-256,ssh-rsa
Encryption Algorithms:chacha20-poly1305@openssh.com,aes128-gcm@openssh.com,aes256-gcm@openssh.com,aes128-gcm,aes256-gcm,aes128-ctr,aes192-ctr,aes256-ctr
MAC Algorithms:hmac-sha2-256-etm@openssh.com,hmac-sha2-512-etm@openssh.com,hmac-sha2-256,hmac-sha2-512
KEX Algorithms:curve25519-sha256,curve25519-sha256@libssh.org,ecdh-sha2-nistp256,ecdh-sha2-nistp384,ecdh-sha2-nistp521,diffie-hellman-group14-sha256,diffie-hellman-group16-sha512
Authentication timeout: 60 secs; Authentication retries: 3
Minimum expected Diffie Hellman key size : 2048 bits
IOS Keys in SECSH format(ssh-rsa, base64 encoded): SSH-KEY
Modulus Size : 2048 bits
ssh-rsa AAAAB3NzaC1yc2EAAAADAQABAAABAQDm/zbsHB3F6ALbvgIKmQMYligSurJ4sTAhdcvolT3Q
JmC2Q79i0AWFStZQBZ6bqfHu+Kk304GAKHlixt+6q10AwyvedEp1dqyGzB0Raxf75ctg10RmJ4N0jjYH
oxS3Y4fQ3oV3iaX3dQTukzU6Z9EwShdDz/xwjViqeHjVYcnw1vLAoRgYN8NKOCCZl2gt8x3azwosUFpI
qJSwiNkXYTYbZVacG7f8MHppQBZHG8NiN6z1BbTJ0Jmyq7dSIqfFvqh7wG4XzCs9SD8dT/o9bHqI4avG
Y17wh4fYB5nTBAxWT7u5EKq4sZBjY++eEfEl7Bt96wULCKfF/U2wRxIRJDoV                    
IOS Keys in SECSH format(ssh-ec, base64 encoded): NONE&lt;/pre&gt;</msg>
<msg time="2026-09-13T09:03:10.468364" level="INFO">${out} = SSH Enabled - version 2.0
Authentication methods:publickey,keyboard-interactive,password
Authentication Publickey Algorithms:ssh-rsa,ecdsa-sha2-nistp256,ecdsa-sha2-nistp384,ecdsa-sha2-nistp521,ssh-ed2...</msg>
<var>${out}</var>
<arg>${host}</arg>
<arg>${command}</arg>
<arg>${timeout}</arg>
<doc>Run a show/exec command on a switch over SSH and return its output.</doc>
<status status="PASS" start="2026-09-13T09:03:09.981785" elapsed="0.486621"/>
</kw>
<return>
<value>${out}</value>
<status status="PASS" start="2026-09-13T09:03:10.468512" elapsed="0.000052"/>
</return>
<msg time="2026-09-13T09:03:10.468896" level="INFO">${ssh} = SSH Enabled - version 2.0
Authentication methods:publickey,keyboard-interactive,password
Authentication Publickey Algorithms:ssh-rsa,ecdsa-sha2-nistp256,ecdsa-sha2-nistp384,ecdsa-sha2-nistp521,ssh-ed2...</msg>
<var>${ssh}</var>
<arg>${r}</arg>
<arg>show ip ssh</arg>
<doc>Run a show command on a router by name.</doc>
<status status="PASS" start="2026-09-13T09:03:09.980997" elapsed="0.487932"/>
</kw>
<kw name="Should Contain" owner="BuiltIn">
<arg>${ssh}</arg>
<arg>SSH Enabled - version 2.0</arg>
<doc>Fails if ``container`` does not contain ``item`` one or more times.</doc>
<status status="PASS" start="2026-09-13T09:03:10.469080" elapsed="0.000402"/>
</kw>
<kw name="Should Contain" owner="BuiltIn">
<arg>${ssh}</arg>
<arg>Authentication timeout: 60 secs; Authentication retries: 3</arg>
<doc>Fails if ``container`` does not contain ``item`` one or more times.</doc>
<status status="PASS" start="2026-09-13T09:03:10.469606" elapsed="0.000339"/>
</kw>
<kw name="Show" owner="common">
<kw name="Router Host" owner="common">
<return>
<value>${ROUTERS}[${r}][host]</value>
<status status="PASS" start="2026-09-13T09:03:10.470697" elapsed="0.000039"/>
</return>
<msg time="2026-09-13T09:03:10.470891" level="INFO">${host} = 10.2.0.13</msg>
<var>${host}</var>
<arg>${r}</arg>
<status status="PASS" start="2026-09-13T09:03:10.470487" elapsed="0.000432"/>
</kw>
<kw name="Run Command" owner="LabLib">
<msg time="2026-09-13T09:03:11.017765" level="INFO" html="true">&lt;pre&gt;10.2.0.13# show run | section ^line vty
line vty 0 4
 access-class MGMT-ACCESS in vrf-also
 activation-character 13
 logging synchronous
 transport input ssh&lt;/pre&gt;</msg>
<msg time="2026-09-13T09:03:11.017935" level="INFO">${out} = line vty 0 4
 access-class MGMT-ACCESS in vrf-also
 activation-character 13
 logging synchronous
 transport input ssh</msg>
<var>${out}</var>
<arg>${host}</arg>
<arg>${command}</arg>
<arg>${timeout}</arg>
<doc>Run a show/exec command on a switch over SSH and return its output.</doc>
<status status="PASS" start="2026-09-13T09:03:10.471023" elapsed="0.546938"/>
</kw>
<return>
<value>${out}</value>
<status status="PASS" start="2026-09-13T09:03:11.018040" elapsed="0.000045"/>
</return>
<msg time="2026-09-13T09:03:11.018222" level="INFO">${vty} = line vty 0 4
 access-class MGMT-ACCESS in vrf-also
 activation-character 13
 logging synchronous
 transport input ssh</msg>
<var>${vty}</var>
<arg>${r}</arg>
<arg>show run | section ^line vty</arg>
<doc>Run a show command on a router by name.</doc>
<status status="PASS" start="2026-09-13T09:03:10.470122" elapsed="0.548125"/>
</kw>
<kw name="Should Contain" owner="BuiltIn">
<arg>${vty}</arg>
<arg>transport input ssh</arg>
<doc>Fails if ``container`` does not contain ``item`` one or more times.</doc>
<status status="PASS" start="2026-09-13T09:03:11.018380" elapsed="0.000369"/>
</kw>
<kw name="Should Contain" owner="BuiltIn">
<arg>${vty}</arg>
<arg>access-class ${MGMT_ACL} in vrf-also</arg>
<doc>Fails if ``container`` does not contain ``item`` one or more times.</doc>
<status status="PASS" start="2026-09-13T09:03:11.018838" elapsed="0.000259"/>
</kw>
<kw name="Show" owner="common">
<kw name="Router Host" owner="common">
<return>
<value>${ROUTERS}[${r}][host]</value>
<status status="PASS" start="2026-09-13T09:03:11.019760" elapsed="0.000034"/>
</return>
<msg time="2026-09-13T09:03:11.019930" level="INFO">${host} = 10.2.0.13</msg>
<var>${host}</var>
<arg>${r}</arg>
<status status="PASS" start="2026-09-13T09:03:11.019584" elapsed="0.000368"/>
</kw>
<kw name="Run Command" owner="LabLib">
<msg time="2026-09-13T09:03:11.516353" level="INFO" html="true">&lt;pre&gt;10.2.0.13# show ip access-lists MGMT-ACCESS
Standard IP access list MGMT-ACCESS
    20 permit 10.2.0.0, wildcard bits 0.0.0.255 (142 matches)
    30 deny   any log&lt;/pre&gt;</msg>
<msg time="2026-09-13T09:03:11.516526" level="INFO">${out} = Standard IP access list MGMT-ACCESS
    20 permit 10.2.0.0, wildcard bits 0.0.0.255 (142 matches)
    30 deny   any log</msg>
<var>${out}</var>
<arg>${host}</arg>
<arg>${command}</arg>
<arg>${timeout}</arg>
<doc>Run a show/exec command on a switch over SSH and return its output.</doc>
<status status="PASS" start="2026-09-13T09:03:11.020031" elapsed="0.496525"/>
</kw>
<return>
<value>${out}</value>
<status status="PASS" start="2026-09-13T09:03:11.516633" elapsed="0.000050"/>
</return>
<msg time="2026-09-13T09:03:11.516863" level="INFO">${acl} = Standard IP access list MGMT-ACCESS
    20 permit 10.2.0.0, wildcard bits 0.0.0.255 (142 matches)
    30 deny   any log</msg>
<var>${acl}</var>
<arg>${r}</arg>
<arg>show ip access-lists ${MGMT_ACL}</arg>
<doc>Run a show command on a router by name.</doc>
<status status="PASS" start="2026-09-13T09:03:11.019262" elapsed="0.497627"/>
</kw>
<kw name="Should Match Regexp" owner="BuiltIn">
<arg>${acl}</arg>
<arg>20 permit 10\\.2\\.0\\.0, wildcard bits 0\\.0\\.0\\.255</arg>
<doc>Fails if ``string`` does not match ``pattern`` as a regular expression.</doc>
<status status="PASS" start="2026-09-13T09:03:11.517040" elapsed="0.000369"/>
</kw>
<kw name="Show" owner="common">
<kw name="Router Host" owner="common">
<return>
<value>${ROUTERS}[${r}][host]</value>
<status status="PASS" start="2026-09-13T09:03:11.518045" elapsed="0.000028"/>
</return>
<msg time="2026-09-13T09:03:11.518212" level="INFO">${host} = 10.2.0.13</msg>
<var>${host}</var>
<arg>${r}</arg>
<status status="PASS" start="2026-09-13T09:03:11.517874" elapsed="0.000362"/>
</kw>
<kw name="Run Command" owner="LabLib">
<msg time="2026-09-13T09:03:12.064943" level="INFO" html="true">&lt;pre&gt;10.2.0.13# show run | section ^banner motd
banner motd ^CC8000v IPsec VTI lab - managed by Network-as-Code (Terraform).^C&lt;/pre&gt;</msg>
<msg time="2026-09-13T09:03:12.065132" level="INFO">${out} = banner motd ^CC8000v IPsec VTI lab - managed by Network-as-Code (Terraform).^C</msg>
<var>${out}</var>
<arg>${host}</arg>
<arg>${command}</arg>
<arg>${timeout}</arg>
<doc>Run a show/exec command on a switch over SSH and return its output.</doc>
<status status="PASS" start="2026-09-13T09:03:11.518325" elapsed="0.546841"/>
</kw>
<return>
<value>${out}</value>
<status status="PASS" start="2026-09-13T09:03:12.065255" elapsed="0.000051"/>
</return>
<msg time="2026-09-13T09:03:12.065461" level="INFO">${banner} = banner motd ^CC8000v IPsec VTI lab - managed by Network-as-Code (Terraform).^C</msg>
<var>${banner}</var>
<arg>${r}</arg>
<arg>show run | section ^banner motd</arg>
<doc>Run a show command on a router by name.</doc>
<status status="PASS" start="2026-09-13T09:03:11.517570" elapsed="0.547915"/>
</kw>
<kw name="Should Contain" owner="BuiltIn">
<arg>${banner}</arg>
<arg>${BANNER_TEXT}</arg>
<doc>Fails if ``container`` does not contain ``item`` one or more times.</doc>
<status status="PASS" start="2026-09-13T09:03:12.065638" elapsed="0.000435"/>
</kw>
<var name="${r}">spoke2</var>
<status status="PASS" start="2026-09-13T09:03:09.431309" elapsed="2.634799"/>
</iter>
<var>${r}</var>
<value>@{ROUTER_NAMES}</value>
<status status="PASS" start="2026-09-13T09:03:03.981561" elapsed="8.084590"/>
</for>
<status status="PASS" start="2026-09-13T09:03:03.981324" elapsed="8.084939"/>
</test>
<kw name="Suite Teardown Close Connections" owner="common" type="TEARDOWN">
<kw name="Close All Connections" owner="LabLib">
<status status="PASS" start="2026-09-13T09:03:12.066952" elapsed="0.031518"/>
</kw>
<status status="PASS" start="2026-09-13T09:03:12.066771" elapsed="0.031801"/>
</kw>
<doc>Out-of-band management plane of the C8000v routers: reachability, SSH, RESTCONF, Mgmt-vrf, hardening.</doc>
<status status="PASS" start="2026-09-13T09:02:48.533517" elapsed="23.565089"/>
</suite>
<suite id="s1-s2" name="02 Underlay" source="/home/dcantor/cat8000v-ipsec/tests/suites/02_underlay.robot">
<test id="s1-s2-t1" name="WAN point-to-point interfaces are up with the modelled addresses" line="7">
<for flavor="IN">
<iter>
<kw name="Set Variable" owner="BuiltIn">
<msg time="2026-09-13T09:03:12.102898" level="INFO">${t} = {'id': '1', 'hub_if': 'GigabitEthernet2', 'hub_wan': '100.65.1.1', 'spoke_if': 'GigabitEthernet2', 'spoke_wan': '100.65.1.2', 'wan_prefix': '100.65.1.0/30', 'hub_ip': '172.17.1.1', 'spoke_ip': '172.17...</msg>
<var>${t}</var>
<arg>${TUNNELS}[${s}]</arg>
<doc>Returns the given values which can then be assigned to a variables.</doc>
<status status="PASS" start="2026-09-13T09:03:12.102562" elapsed="0.000371"/>
</kw>
<kw name="Show" owner="common">
<kw name="Router Host" owner="common">
<return>
<value>${ROUTERS}[${r}][host]</value>
<status status="PASS" start="2026-09-13T09:03:12.103595" elapsed="0.000037"/>
</return>
<msg time="2026-09-13T09:03:12.103784" level="INFO">${host} = 10.2.0.11</msg>
<var>${host}</var>
<arg>${r}</arg>
<status status="PASS" start="2026-09-13T09:03:12.103428" elapsed="0.000382"/>
</kw>
<kw name="Run Command" owner="LabLib">
<msg time="2026-09-13T09:03:13.596239" level="INFO" html="true">&lt;pre&gt;10.2.0.11# show ip interface brief | include GigabitEthernet2
GigabitEthernet2       100.65.1.1      YES other  up                    up      &lt;/pre&gt;</msg>
<msg time="2026-09-13T09:03:13.596415" level="INFO">${out} = GigabitEthernet2       100.65.1.1      YES other  up                    up      </msg>
<var>${out}</var>
<arg>${host}</arg>
<arg>${command}</arg>
<arg>${timeout}</arg>
<doc>Run a show/exec command on a switch over SSH and return its output.</doc>
<status status="PASS" start="2026-09-13T09:03:12.103899" elapsed="1.492542"/>
</kw>
<return>
<value>${out}</value>
<status status="PASS" start="2026-09-13T09:03:13.596521" elapsed="0.000048"/>
</return>
<msg time="2026-09-13T09:03:13.596750" level="INFO">${brief} = GigabitEthernet2       100.65.1.1      YES other  up                    up      </msg>
<var>${brief}</var>
<arg>${HUB}</arg>
<arg>show ip interface brief | include ${t}[hub_if]</arg>
<doc>Run a show command on a router by name.</doc>
<status status="PASS" start="2026-09-13T09:03:12.103094" elapsed="1.493682"/>
</kw>
<kw name="Should Match Regexp" owner="BuiltIn">
<arg>${brief}</arg>
<arg>${t}[hub_if]\\s+${t}[hub_wan]\\s+YES\\s+\\S+\\s+up\\s+up</arg>
<doc>Fails if ``string`` does not match ``pattern`` as a regular expression.</doc>
<status status="PASS" start="2026-09-13T09:03:13.596910" elapsed="0.000530"/>
</kw>
<kw name="Show" owner="common">
<kw name="Router Host" owner="common">
<return>
<value>${ROUTERS}[${r}][host]</value>
<status status="PASS" start="2026-09-13T09:03:13.598111" elapsed="0.000030"/>
</return>
<msg time="2026-09-13T09:03:13.598274" level="INFO">${host} = 10.2.0.12</msg>
<var>${host}</var>
<arg>${r}</arg>
<status status="PASS" start="2026-09-13T09:03:13.597943" elapsed="0.000354"/>
</kw>
<kw name="Run Command" owner="LabLib">
<msg time="2026-09-13T09:03:15.102030" level="INFO" html="true">&lt;pre&gt;10.2.0.12# show ip interface brief | include GigabitEthernet2
GigabitEthernet2       100.65.1.2      YES other  up                    up      &lt;/pre&gt;</msg>
<msg time="2026-09-13T09:03:15.102205" level="INFO">${out} = GigabitEthernet2       100.65.1.2      YES other  up                    up      </msg>
<var>${out}</var>
<arg>${host}</arg>
<arg>${command}</arg>
<arg>${timeout}</arg>
<doc>Run a show/exec command on a switch over SSH and return its output.</doc>
<status status="PASS" start="2026-09-13T09:03:13.598381" elapsed="1.503856"/>
</kw>
<return>
<value>${out}</value>
<status status="PASS" start="2026-09-13T09:03:15.102316" elapsed="0.000052"/>
</return>
<msg time="2026-09-13T09:03:15.102524" level="INFO">${brief} = GigabitEthernet2       100.65.1.2      YES other  up                    up      </msg>
<var>${brief}</var>
<arg>${s}</arg>
<arg>show ip interface brief | include ${t}[spoke_if]</arg>
<doc>Run a show command on a router by name.</doc>
<status status="PASS" start="2026-09-13T09:03:13.597605" elapsed="1.504942"/>
</kw>
<kw name="Should Match Regexp" owner="BuiltIn">
<arg>${brief}</arg>
<arg>${t}[spoke_if]\\s+${t}[spoke_wan]\\s+YES\\s+\\S+\\s+up\\s+up</arg>
<doc>Fails if ``string`` does not match ``pattern`` as a regular expression.</doc>
<status status="PASS" start="2026-09-13T09:03:15.102706" elapsed="0.000589"/>
</kw>
<var name="${s}">spoke1</var>
<status status="PASS" start="2026-09-13T09:03:12.102445" elapsed="3.000887"/>
</iter>
<iter>
<kw name="Set Variable" owner="BuiltIn">
<msg time="2026-09-13T09:03:15.103872" level="INFO">${t} = {'id': '2', 'hub_if': 'GigabitEthernet3', 'hub_wan': '100.65.2.1', 'spoke_if': 'GigabitEthernet2', 'spoke_wan': '100.65.2.2', 'wan_prefix': '100.65.2.0/30', 'hub_ip': '172.17.2.1', 'spoke_ip': '172.17...</msg>
<var>${t}</var>
<arg>${TUNNELS}[${s}]</arg>
<doc>Returns the given values which can then be assigned to a variables.</doc>
<status status="PASS" start="2026-09-13T09:03:15.103553" elapsed="0.000347"/>
</kw>
<kw name="Show" owner="common">
<kw name="Router Host" owner="common">
<return>
<value>${ROUTERS}[${r}][host]</value>
<status status="PASS" start="2026-09-13T09:03:15.104583" elapsed="0.000036"/>
</return>
[...]
<status status="PASS" start="2026-09-13T09:04:27.094381" elapsed="0.000455"/>
</iter>
<iter>
<kw name="Should Be True" owner="BuiltIn">
<arg>${row}[compliance]</arg>
<arg>msg=non-compliant: ${row}[device] ${row}[rule] missing=${row}[missing] extra=${row}[extra]</arg>
<doc>Fails if the given condition is not true.</doc>
<status status="PASS" start="2026-09-13T09:04:27.094978" elapsed="0.000321"/>
</kw>
<var name="${row}">{'id': '8afcbbf6-e951-45f7-a764-76038b75f52e', 'object_type': 'nautobot_golden_config.configcompliance', 'display': 'spoke1 -&gt; cisco_xe - Management ACL -&gt; True', 'url': 'http://10.0.0.10:8080/api/plu...</var>
<status status="PASS" start="2026-09-13T09:04:27.094915" elapsed="0.000418"/>
</iter>
<iter>
<kw name="Should Be True" owner="BuiltIn">
<arg>${row}[compliance]</arg>
<arg>msg=non-compliant: ${row}[device] ${row}[rule] missing=${row}[missing] extra=${row}[extra]</arg>
<doc>Fails if the given condition is not true.</doc>
<status status="PASS" start="2026-09-13T09:04:27.095471" elapsed="0.000345"/>
</kw>
<var name="${row}">{'id': '4029297e-4d90-4167-a0d8-ae3a71255755', 'object_type': 'nautobot_golden_config.configcompliance', 'display': 'spoke1 -&gt; cisco_xe - Management interface -&gt; True', 'url': 'http://10.0.0.10:8080/a...</var>
<status status="PASS" start="2026-09-13T09:04:27.095410" elapsed="0.000436"/>
</iter>
<iter>
<kw name="Should Be True" owner="BuiltIn">
<arg>${row}[compliance]</arg>
<arg>msg=non-compliant: ${row}[device] ${row}[rule] missing=${row}[missing] extra=${row}[extra]</arg>
<doc>Fails if the given condition is not true.</doc>
<status status="PASS" start="2026-09-13T09:04:27.095987" elapsed="0.000319"/>
</kw>
<var name="${row}">{'id': 'ca280691-f179-4890-86d0-a330c895a9e1', 'object_type': 'nautobot_golden_config.configcompliance', 'display': 'spoke1 -&gt; cisco_xe - NTP -&gt; True', 'url': 'http://10.0.0.10:8080/api/plugins/golden...</var>
<status status="PASS" start="2026-09-13T09:04:27.095923" elapsed="0.000414"/>
</iter>
<iter>
<kw name="Should Be True" owner="BuiltIn">
<arg>${row}[compliance]</arg>
<arg>msg=non-compliant: ${row}[device] ${row}[rule] missing=${row}[missing] extra=${row}[extra]</arg>
<doc>Fails if the given condition is not true.</doc>
<status status="PASS" start="2026-09-13T09:04:27.096474" elapsed="0.000345"/>
</kw>
<var name="${row}">{'id': '302f8f37-10f9-4c4b-9354-7f6b1ff5166b', 'object_type': 'nautobot_golden_config.configcompliance', 'display': 'spoke1 -&gt; cisco_xe - Port-channel -&gt; True', 'url': 'http://10.0.0.10:8080/api/plugi...</var>
<status status="PASS" start="2026-09-13T09:04:27.096414" elapsed="0.000435"/>
</iter>
<iter>
<kw name="Should Be True" owner="BuiltIn">
<arg>${row}[compliance]</arg>
<arg>msg=non-compliant: ${row}[device] ${row}[rule] missing=${row}[missing] extra=${row}[extra]</arg>
<doc>Fails if the given condition is not true.</doc>
<status status="PASS" start="2026-09-13T09:04:27.096988" elapsed="0.000330"/>
</kw>
<var name="${row}">{'id': '84defd69-8ad0-43c6-94ac-e4fd7344513f', 'object_type': 'nautobot_golden_config.configcompliance', 'display': 'spoke1 -&gt; cisco_xe - SNMP -&gt; True', 'url': 'http://10.0.0.10:8080/api/plugins/golde...</var>
<status status="PASS" start="2026-09-13T09:04:27.096928" elapsed="0.000420"/>
</iter>
<iter>
<kw name="Should Be True" owner="BuiltIn">
<arg>${row}[compliance]</arg>
<arg>msg=non-compliant: ${row}[device] ${row}[rule] missing=${row}[missing] extra=${row}[extra]</arg>
<doc>Fails if the given condition is not true.</doc>
<status status="PASS" start="2026-09-13T09:04:27.097495" elapsed="0.000339"/>
</kw>
<var name="${row}">{'id': '0f6e7479-6259-45b0-9cd5-ddc36fc2379f', 'object_type': 'nautobot_golden_config.configcompliance', 'display': 'spoke1 -&gt; cisco_xe - SVIs -&gt; True', 'url': 'http://10.0.0.10:8080/api/plugins/golde...</var>
<status status="PASS" start="2026-09-13T09:04:27.097427" elapsed="0.000437"/>
</iter>
<iter>
<kw name="Should Be True" owner="BuiltIn">
<arg>${row}[compliance]</arg>
<arg>msg=non-compliant: ${row}[device] ${row}[rule] missing=${row}[missing] extra=${row}[extra]</arg>
<doc>Fails if the given condition is not true.</doc>
<status status="PASS" start="2026-09-13T09:04:27.098008" elapsed="0.000329"/>
</kw>
<var name="${row}">{'id': '670e438d-2e11-4947-8172-bff9391564f4', 'object_type': 'nautobot_golden_config.configcompliance', 'display': 'spoke1 -&gt; cisco_xe - Static routes -&gt; True', 'url': 'http://10.0.0.10:8080/api/plug...</var>
<status status="PASS" start="2026-09-13T09:04:27.097949" elapsed="0.000419"/>
</iter>
<iter>
<kw name="Should Be True" owner="BuiltIn">
<arg>${row}[compliance]</arg>
<arg>msg=non-compliant: ${row}[device] ${row}[rule] missing=${row}[missing] extra=${row}[extra]</arg>
<doc>Fails if the given condition is not true.</doc>
<status status="PASS" start="2026-09-13T09:04:27.098521" elapsed="0.000341"/>
</kw>
<var name="${row}">{'id': '8023aeca-7c3b-461c-81fb-a87eeeba1c18', 'object_type': 'nautobot_golden_config.configcompliance', 'display': 'spoke1 -&gt; cisco_xe - Syslog -&gt; True', 'url': 'http://10.0.0.10:8080/api/plugins/gol...</var>
<status status="PASS" start="2026-09-13T09:04:27.098456" elapsed="0.000441"/>
</iter>
<iter>
<kw name="Should Be True" owner="BuiltIn">
<arg>${row}[compliance]</arg>
<arg>msg=non-compliant: ${row}[device] ${row}[rule] missing=${row}[missing] extra=${row}[extra]</arg>
<doc>Fails if the given condition is not true.</doc>
<status status="PASS" start="2026-09-13T09:04:27.099056" elapsed="0.000322"/>
</kw>
<var name="${row}">{'id': '713cbb5f-5af4-46ef-9a42-e058b5a0a0fb', 'object_type': 'nautobot_golden_config.configcompliance', 'display': 'spoke1 -&gt; cisco_xe - VLAN database -&gt; True', 'url': 'http://10.0.0.10:8080/api/plug...</var>
<status status="PASS" start="2026-09-13T09:04:27.098988" elapsed="0.000425"/>
</iter>
<iter>
<kw name="Should Be True" owner="BuiltIn">
<arg>${row}[compliance]</arg>
<arg>msg=non-compliant: ${row}[device] ${row}[rule] missing=${row}[missing] extra=${row}[extra]</arg>
<doc>Fails if the given condition is not true.</doc>
<status status="PASS" start="2026-09-13T09:04:27.099557" elapsed="0.000334"/>
</kw>
<var name="${row}">{'id': 'e0567c30-4955-4b87-95fa-d0eb346c6ada', 'object_type': 'nautobot_golden_config.configcompliance', 'display': 'spoke1 -&gt; cisco_xe - VRF definitions -&gt; True', 'url': 'http://10.0.0.10:8080/api/pl...</var>
<status status="PASS" start="2026-09-13T09:04:27.099493" elapsed="0.000435"/>
</iter>
<iter>
<kw name="Should Be True" owner="BuiltIn">
<arg>${row}[compliance]</arg>
<arg>msg=non-compliant: ${row}[device] ${row}[rule] missing=${row}[missing] extra=${row}[extra]</arg>
<doc>Fails if the given condition is not true.</doc>
<status status="PASS" start="2026-09-13T09:04:27.100072" elapsed="0.000329"/>
</kw>
<var name="${row}">{'id': '91fd59f6-db52-4244-a286-f2f823e54d60', 'object_type': 'nautobot_golden_config.configcompliance', 'display': 'spoke1 -&gt; cisco_xe - WAN interface -&gt; True', 'url': 'http://10.0.0.10:8080/api/plug...</var>
<status status="PASS" start="2026-09-13T09:04:27.100007" elapsed="0.000430"/>
</iter>
<iter>
<kw name="Should Be True" owner="BuiltIn">
<arg>${row}[compliance]</arg>
<arg>msg=non-compliant: ${row}[device] ${row}[rule] missing=${row}[missing] extra=${row}[extra]</arg>
<doc>Fails if the given condition is not true.</doc>
<status status="PASS" start="2026-09-13T09:04:27.100578" elapsed="0.000338"/>
</kw>
<var name="${row}">{'id': '6eae7508-bfed-4b13-9527-23dbd35ee582', 'object_type': 'nautobot_golden_config.configcompliance', 'display': 'spoke2 -&gt; cisco_xe - BGP -&gt; True', 'url': 'http://10.0.0.10:8080/api/plugins/golden...</var>
<status status="PASS" start="2026-09-13T09:04:27.100515" elapsed="0.000437"/>
</iter>
<iter>
<kw name="Should Be True" owner="BuiltIn">
<arg>${row}[compliance]</arg>
<arg>msg=non-compliant: ${row}[device] ${row}[rule] missing=${row}[missing] extra=${row}[extra]</arg>
<doc>Fails if the given condition is not true.</doc>
<status status="PASS" start="2026-09-13T09:04:27.101102" elapsed="0.000329"/>
</kw>
<var name="${row}">{'id': 'e727055f-2d8b-434d-8082-e8c19b31c16b', 'object_type': 'nautobot_golden_config.configcompliance', 'display': 'spoke2 -&gt; cisco_xe - BGP policy -&gt; True', 'url': 'http://10.0.0.10:8080/api/plugins...</var>
<status status="PASS" start="2026-09-13T09:04:27.101036" elapsed="0.000428"/>
</iter>
<iter>
<kw name="Should Be True" owner="BuiltIn">
<arg>${row}[compliance]</arg>
<arg>msg=non-compliant: ${row}[device] ${row}[rule] missing=${row}[missing] extra=${row}[extra]</arg>
<doc>Fails if the given condition is not true.</doc>
<status status="PASS" start="2026-09-13T09:04:27.101604" elapsed="0.000336"/>
</kw>
<var name="${row}">{'id': '94e4d218-f376-4039-8638-ed8930d3261c', 'object_type': 'nautobot_golden_config.configcompliance', 'display': 'spoke2 -&gt; cisco_xe - Banner -&gt; True', 'url': 'http://10.0.0.10:8080/api/plugins/gol...</var>
<status status="PASS" start="2026-09-13T09:04:27.101543" elapsed="0.000428"/>
</iter>
<iter>
<kw name="Should Be True" owner="BuiltIn">
<arg>${row}[compliance]</arg>
<arg>msg=non-compliant: ${row}[device] ${row}[rule] missing=${row}[missing] extra=${row}[extra]</arg>
<doc>Fails if the given condition is not true.</doc>
<status status="PASS" start="2026-09-13T09:04:27.102116" elapsed="0.000335"/>
</kw>
<var name="${row}">{'id': '181cc644-e0ba-47ea-b48e-6bc4c36fef0c', 'object_type': 'nautobot_golden_config.configcompliance', 'display': 'spoke2 -&gt; cisco_xe - DMVPN tunnel -&gt; True', 'url': 'http://10.0.0.10:8080/api/plugi...</var>
<status status="PASS" start="2026-09-13T09:04:27.102056" elapsed="0.000425"/>
</iter>
<iter>
<kw name="Should Be True" owner="BuiltIn">
<arg>${row}[compliance]</arg>
<arg>msg=non-compliant: ${row}[device] ${row}[rule] missing=${row}[missing] extra=${row}[extra]</arg>
<doc>Fails if the given condition is not true.</doc>
<status status="PASS" start="2026-09-13T09:04:27.102639" elapsed="0.000338"/>
</kw>
<var name="${row}">{'id': 'c9fa3948-0e04-4b22-8d8c-f9de1a2d93b9', 'object_type': 'nautobot_golden_config.configcompliance', 'display': 'spoke2 -&gt; cisco_xe - IKEv2/IPsec -&gt; True', 'url': 'http://10.0.0.10:8080/api/plugin...</var>
<status status="PASS" start="2026-09-13T09:04:27.102574" elapsed="0.000438"/>
</iter>
<iter>
<kw name="Should Be True" owner="BuiltIn">
<arg>${row}[compliance]</arg>
<arg>msg=non-compliant: ${row}[device] ${row}[rule] missing=${row}[missing] extra=${row}[extra]</arg>
<doc>Fails if the given condition is not true.</doc>
<status status="PASS" start="2026-09-13T09:04:27.103165" elapsed="0.000314"/>
</kw>
<var name="${row}">{'id': '020bbe1b-316b-4b1c-9791-3060f3324d1c', 'object_type': 'nautobot_golden_config.configcompliance', 'display': 'spoke2 -&gt; cisco_xe - Loopbacks -&gt; True', 'url': 'http://10.0.0.10:8080/api/plugins/...</var>
<status status="PASS" start="2026-09-13T09:04:27.103095" elapsed="0.000420"/>
</iter>
<iter>
<kw name="Should Be True" owner="BuiltIn">
<arg>${row}[compliance]</arg>
<arg>msg=non-compliant: ${row}[device] ${row}[rule] missing=${row}[missing] extra=${row}[extra]</arg>
<doc>Fails if the given condition is not true.</doc>
<status status="PASS" start="2026-09-13T09:04:27.103667" elapsed="0.000339"/>
</kw>
<var name="${row}">{'id': 'e477024c-5c30-4f43-a53b-5a7c2cb4fd9a', 'object_type': 'nautobot_golden_config.configcompliance', 'display': 'spoke2 -&gt; cisco_xe - Management ACL -&gt; True', 'url': 'http://10.0.0.10:8080/api/plu...</var>
<status status="PASS" start="2026-09-13T09:04:27.103596" elapsed="0.000445"/>
</iter>
<iter>
<kw name="Should Be True" owner="BuiltIn">
<arg>${row}[compliance]</arg>
<arg>msg=non-compliant: ${row}[device] ${row}[rule] missing=${row}[missing] extra=${row}[extra]</arg>
<doc>Fails if the given condition is not true.</doc>
<status status="PASS" start="2026-09-13T09:04:27.104186" elapsed="0.000327"/>
</kw>
<var name="${row}">{'id': '946eea56-6831-4ee0-84a6-078694c9414a', 'object_type': 'nautobot_golden_config.configcompliance', 'display': 'spoke2 -&gt; cisco_xe - Management interface -&gt; True', 'url': 'http://10.0.0.10:8080/a...</var>
<status status="PASS" start="2026-09-13T09:04:27.104117" elapsed="0.000431"/>
</iter>
<iter>
<kw name="Should Be True" owner="BuiltIn">
<arg>${row}[compliance]</arg>
<arg>msg=non-compliant: ${row}[device] ${row}[rule] missing=${row}[missing] extra=${row}[extra]</arg>
<doc>Fails if the given condition is not true.</doc>
<status status="PASS" start="2026-09-13T09:04:27.104702" elapsed="0.000336"/>
</kw>
<var name="${row}">{'id': '6db19c14-8383-41b9-a7bf-793a876f6868', 'object_type': 'nautobot_golden_config.configcompliance', 'display': 'spoke2 -&gt; cisco_xe - NTP -&gt; True', 'url': 'http://10.0.0.10:8080/api/plugins/golden...</var>
<status status="PASS" start="2026-09-13T09:04:27.104625" elapsed="0.000447"/>
</iter>
<iter>
<kw name="Should Be True" owner="BuiltIn">
<arg>${row}[compliance]</arg>
<arg>msg=non-compliant: ${row}[device] ${row}[rule] missing=${row}[missing] extra=${row}[extra]</arg>
<doc>Fails if the given condition is not true.</doc>
<status status="PASS" start="2026-09-13T09:04:27.105217" elapsed="0.000338"/>
</kw>
<var name="${row}">{'id': '43b395ed-8b20-4391-b716-e7e1d48d45a3', 'object_type': 'nautobot_golden_config.configcompliance', 'display': 'spoke2 -&gt; cisco_xe - Port-channel -&gt; True', 'url': 'http://10.0.0.10:8080/api/plugi...</var>
<status status="PASS" start="2026-09-13T09:04:27.105147" elapsed="0.000439"/>
</iter>
<iter>
<kw name="Should Be True" owner="BuiltIn">
<arg>${row}[compliance]</arg>
<arg>msg=non-compliant: ${row}[device] ${row}[rule] missing=${row}[missing] extra=${row}[extra]</arg>
<doc>Fails if the given condition is not true.</doc>
<status status="PASS" start="2026-09-13T09:04:27.105764" elapsed="0.000317"/>
</kw>
<var name="${row}">{'id': 'a16a382a-52ec-475c-a1c4-99b6a95cbe84', 'object_type': 'nautobot_golden_config.configcompliance', 'display': 'spoke2 -&gt; cisco_xe - SNMP -&gt; True', 'url': 'http://10.0.0.10:8080/api/plugins/golde...</var>
<status status="PASS" start="2026-09-13T09:04:27.105699" elapsed="0.000412"/>
</iter>
<iter>
<kw name="Should Be True" owner="BuiltIn">
<arg>${row}[compliance]</arg>
<arg>msg=non-compliant: ${row}[device] ${row}[rule] missing=${row}[missing] extra=${row}[extra]</arg>
<doc>Fails if the given condition is not true.</doc>
<status status="PASS" start="2026-09-13T09:04:27.106255" elapsed="0.000321"/>
</kw>
<var name="${row}">{'id': 'f56e4f40-6aff-4f4d-89ef-ed3028e7f7d7', 'object_type': 'nautobot_golden_config.configcompliance', 'display': 'spoke2 -&gt; cisco_xe - SVIs -&gt; True', 'url': 'http://10.0.0.10:8080/api/plugins/golde...</var>
<status status="PASS" start="2026-09-13T09:04:27.106196" elapsed="0.000412"/>
</iter>
<iter>
<kw name="Should Be True" owner="BuiltIn">
<arg>${row}[compliance]</arg>
<arg>msg=non-compliant: ${row}[device] ${row}[rule] missing=${row}[missing] extra=${row}[extra]</arg>
<doc>Fails if the given condition is not true.</doc>
<status status="PASS" start="2026-09-13T09:04:27.106767" elapsed="0.000325"/>
</kw>
<var name="${row}">{'id': '41e0c15a-babd-46e0-8f0d-135996112672', 'object_type': 'nautobot_golden_config.configcompliance', 'display': 'spoke2 -&gt; cisco_xe - Static routes -&gt; True', 'url': 'http://10.0.0.10:8080/api/plug...</var>
<status status="PASS" start="2026-09-13T09:04:27.106704" elapsed="0.000420"/>
</iter>
<iter>
<kw name="Should Be True" owner="BuiltIn">
<arg>${row}[compliance]</arg>
<arg>msg=non-compliant: ${row}[device] ${row}[rule] missing=${row}[missing] extra=${row}[extra]</arg>
<doc>Fails if the given condition is not true.</doc>
<status status="PASS" start="2026-09-13T09:04:27.107268" elapsed="0.000323"/>
</kw>
<var name="${row}">{'id': '026f2121-4acf-4fef-92e6-07dc4b9e00df', 'object_type': 'nautobot_golden_config.configcompliance', 'display': 'spoke2 -&gt; cisco_xe - Syslog -&gt; True', 'url': 'http://10.0.0.10:8080/api/plugins/gol...</var>
<status status="PASS" start="2026-09-13T09:04:27.107207" elapsed="0.000419"/>
</iter>
<iter>
<kw name="Should Be True" owner="BuiltIn">
<arg>${row}[compliance]</arg>
<arg>msg=non-compliant: ${row}[device] ${row}[rule] missing=${row}[missing] extra=${row}[extra]</arg>
<doc>Fails if the given condition is not true.</doc>
<status status="PASS" start="2026-09-13T09:04:27.107789" elapsed="0.000318"/>
</kw>
<var name="${row}">{'id': 'ae1cb3c4-a35b-49a7-8370-17f792e1e0b4', 'object_type': 'nautobot_golden_config.configcompliance', 'display': 'spoke2 -&gt; cisco_xe - VLAN database -&gt; True', 'url': 'http://10.0.0.10:8080/api/plug...</var>
<status status="PASS" start="2026-09-13T09:04:27.107723" elapsed="0.000421"/>
</iter>
<iter>
<kw name="Should Be True" owner="BuiltIn">
<arg>${row}[compliance]</arg>
<arg>msg=non-compliant: ${row}[device] ${row}[rule] missing=${row}[missing] extra=${row}[extra]</arg>
<doc>Fails if the given condition is not true.</doc>
<status status="PASS" start="2026-09-13T09:04:27.108288" elapsed="0.000314"/>
</kw>
<var name="${row}">{'id': 'd0e13761-ba0a-41f9-ad64-4111f0201751', 'object_type': 'nautobot_golden_config.configcompliance', 'display': 'spoke2 -&gt; cisco_xe - VRF definitions -&gt; True', 'url': 'http://10.0.0.10:8080/api/pl...</var>
<status status="PASS" start="2026-09-13T09:04:27.108224" elapsed="0.000413"/>
</iter>
<iter>
<kw name="Should Be True" owner="BuiltIn">
<arg>${row}[compliance]</arg>
<arg>msg=non-compliant: ${row}[device] ${row}[rule] missing=${row}[missing] extra=${row}[extra]</arg>
<doc>Fails if the given condition is not true.</doc>
<status status="PASS" start="2026-09-13T09:04:27.108802" elapsed="0.000324"/>
</kw>
<var name="${row}">{'id': '2f22b09e-7117-4f17-b9f1-9db1c1d73836', 'object_type': 'nautobot_golden_config.configcompliance', 'display': 'spoke2 -&gt; cisco_xe - WAN interface -&gt; True', 'url': 'http://10.0.0.10:8080/api/plug...</var>
<status status="PASS" start="2026-09-13T09:04:27.108731" elapsed="0.000430"/>
</iter>
<var>${row}</var>
<value>@{cc}[results]</value>
<status status="PASS" start="2026-09-13T09:04:27.082720" elapsed="0.026473"/>
</for>
<status status="PASS" start="2026-09-13T09:04:26.549009" elapsed="0.560278"/>
</test>
<kw name="Suite Teardown Close Connections" owner="common" type="TEARDOWN">
<kw name="Close All Connections" owner="LabLib">
<status status="PASS" start="2026-09-13T09:04:27.109792" elapsed="0.031364"/>
</kw>
<status status="PASS" start="2026-09-13T09:04:27.109630" elapsed="0.031624"/>
</kw>
<doc>The IPsec lab as modelled in the shared Nautobot: devices match the routers, p2p links are cabled,
the VPN lives in the core VPN app (VPN, tunnels, hub/spoke endpoints, profile with Phase 1/2 policies),
eBGP peerings match the live sessions, the rendered NAC device model matches the committed file,
Golden Config is compliant.</doc>
<status status="PASS" start="2026-09-13T09:04:09.452224" elapsed="17.689068"/>
</suite>
<status status="PASS" start="2026-09-13T09:02:48.508813" elapsed="98.633371"/>
</suite>
<statistics>
<total>
<stat pass="26" fail="0" skip="0">All Tests</stat>
</total>
<tag>
<stat pass="2" fail="0" skip="0">nac</stat>
</tag>
<suite>
<stat name="c8000v ipsec vti lab" id="s1" pass="26" fail="0" skip="0">c8000v ipsec vti lab</stat>
<stat name="01 Management" id="s1-s1" pass="4" fail="0" skip="0">c8000v ipsec vti lab.01 Management</stat>
<stat name="02 Underlay" id="s1-s2" pass="4" fail="0" skip="0">c8000v ipsec vti lab.02 Underlay</stat>
<stat name="03 Ipsec Vti" id="s1-s3" pass="5" fail="0" skip="0">c8000v ipsec vti lab.03 Ipsec Vti</stat>
<stat name="04 Routing" id="s1-s4" pass="5" fail="0" skip="0">c8000v ipsec vti lab.04 Routing</stat>
<stat name="05 Nac Compliance" id="s1-s5" pass="1" fail="0" skip="0">c8000v ipsec vti lab.05 Nac Compliance</stat>
<stat name="06 Nautobot" id="s1-s6" pass="7" fail="0" skip="0">c8000v ipsec vti lab.06 Nautobot</stat>
</suite>
</statistics>
<errors>
</errors>
</robot>
